-- Found ament_cmake: 1.3.11 (/opt/ros/humble/share/ament_cmake/cmake)
-- Found rclcpp: 16.0.11 (/opt/ros/humble/share/rclcpp/cmake)
-- Found rosidl_generator_c: 3.1.6 (/opt/ros/humble/share/rosidl_generator_c/cmake)
-- Found rosidl_adapter: 3.1.6 (/opt/ros/humble/share/rosidl_adapter/cmake)
-- Found rosidl_generator_cpp: 3.1.6 (/opt/ros/humble/share/rosidl_generator_cpp/cmake)
-- Using all available rosidl_typesupport_c: rosidl_typesupport_fastrtps_c;rosidl_typesupport_introspection_c
-- Using all available rosidl_typesupport_cpp: rosidl_typesupport_fastrtps_cpp;rosidl_typesupport_introspection_cpp
-- Found rmw_implementation_cmake: 6.1.2 (/opt/ros/humble/share/rmw_implementation_cmake/cmake)
-- Found rmw_fastrtps_cpp: 6.2.7 (/opt/ros/humble/share/rmw_fastrtps_cpp/cmake)
-- Using RMW implementation 'rmw_fastrtps_cpp' as default
-- Found std_srvs: 4.2.4 (/opt/ros/humble/share/std_srvs/cmake)
-- Found geometry_msgs: 4.2.4 (/opt/ros/humble/share/geometry_msgs/cmake)
-- Found ament_lint_auto: 0.12.11 (/opt/ros/humble/share/ament_lint_auto/cmake)
-- Added test 'cppcheck' to perform static code analysis on C / C++ code
-- Configured cppcheck include dirs: /home/rokae/workspace/rokae_ros2_sim2real/src/robot_driver/rokae_driver/include
-- Configured cppcheck exclude dirs and/or files: 
-- Added test 'lint_cmake' to check CMake code style
-- Added test 'uncrustify' to check C / C++ code style
-- Configured uncrustify additional arguments: 
-- Added test 'xmllint' to check XML markup files
-- Configuring done
-- Generating done
-- Build files have been written to: /home/rokae/workspace/rokae_ros2_sim2real/build/rokae_driver
[35m[1mConsolidate compiler generated dependencies of target driver_maduo[0m
[35m[1mConsolidate compiler generated dependencies of target driver_pentu[0m
[35m[1mConsolidate compiler generated dependencies of target driver_fenjian[0m
[35m[1mConsolidate compiler generated dependencies of target sdk_example[0m
[35m[1mConsolidate compiler generated dependencies of target driver_hanjie[0m
[35m[1mConsolidate compiler generated dependencies of target move_example[0m
[35m[1mConsolidate compiler generated dependencies of target driver_home[0m
[35m[1mConsolidate compiler generated dependencies of target read_force[0m
[35m[1mConsolidate compiler generated dependencies of target rokae_driver[0m
[  5%] [32m[1mLinking CXX executable sdk_example[0m
[ 11%] [32mBuilding CXX object CMakeFiles/driver_maduo.dir/src/driver_maduo.cpp.o[0m
[ 16%] [32mBuilding CXX object CMakeFiles/driver_fenjian.dir/src/driver_fenjian.cpp.o[0m
[ 22%] [32mBuilding CXX object CMakeFiles/move_example.dir/src/move_example.cpp.o[0m
[ 27%] [32mBuilding CXX object CMakeFiles/read_force.dir/src/read_force.cpp.o[0m
[ 33%] [32mBuilding CXX object CMakeFiles/driver_pentu.dir/src/driver_pentu.cpp.o[0m
[ 38%] [32mBuilding CXX object CMakeFiles/driver_hanjie.dir/src/driver_hanjie.cpp.o[0m
[ 44%] [32mBuilding CXX object CMakeFiles/driver_home.dir/src/driver_home.cpp.o[0m
[ 50%] [32mBuilding CXX object CMakeFiles/rokae_driver.dir/src/rokae_driver.cpp.o[0m
[01m[K/home/rokae/workspace/rokae_ros2_sim2real/src/robot_driver/rokae_driver/src/driver_maduo.cpp:13:10:[m[K [01;31m[Kfatal error: [m[Kstd_msgs/msg/u_int8.hpp: 没有那个文件或目录
   13 | #include [01;31m[K<std_msgs/msg/u_int8.hpp>[m[K  // 注意正确的头文件名
      |          [01;31m[K^~~~~~~~~~~~~~~~~~~~~~~~~[m[K
compilation terminated.
gmake[2]: *** [CMakeFiles/driver_maduo.dir/build.make:76：CMakeFiles/driver_maduo.dir/src/driver_maduo.cpp.o] 错误 1
gmake[1]: *** [CMakeFiles/Makefile2:231：CMakeFiles/driver_maduo.dir/all] 错误 2
gmake[1]: *** 正在等待未完成的任务....
[01m[K/home/rokae/workspace/rokae_ros2_sim2real/src/robot_driver/rokae_driver/src/driver_home.cpp:13:10:[m[K [01;31m[Kfatal error: [m[Kstd_msgs/msg/u_int8.hpp: 没有那个文件或目录
   13 | #include [01;31m[K<std_msgs/msg/u_int8.hpp>[m[K  // 注意正确的头文件名
      |          [01;31m[K^~~~~~~~~~~~~~~~~~~~~~~~~[m[K
compilation terminated.
gmake[2]: *** [CMakeFiles/driver_home.dir/build.make:76：CMakeFiles/driver_home.dir/src/driver_home.cpp.o] 错误 1
gmake[1]: *** [CMakeFiles/Makefile2:205：CMakeFiles/driver_home.dir/all] 错误 2
[01m[K/home/rokae/workspace/rokae_ros2_sim2real/src/robot_driver/rokae_driver/src/driver_fenjian.cpp:13:10:[m[K [01;31m[Kfatal error: [m[Kstd_msgs/msg/u_int8.hpp: 没有那个文件或目录
   13 | #include [01;31m[K<std_msgs/msg/u_int8.hpp>[m[K  // 注意正确的头文件名
      |          [01;31m[K^~~~~~~~~~~~~~~~~~~~~~~~~[m[K
compilation terminated.
gmake[2]: *** [CMakeFiles/driver_fenjian.dir/build.make:76：CMakeFiles/driver_fenjian.dir/src/driver_fenjian.cpp.o] 错误 1
gmake[1]: *** [CMakeFiles/Makefile2:153：CMakeFiles/driver_fenjian.dir/all] 错误 2
[01m[K/home/rokae/workspace/rokae_ros2_sim2real/src/robot_driver/rokae_driver/src/read_force.cpp:2:10:[m[K [01;31m[Kfatal error: [m[Kstd_msgs/msg/string.hpp: 没有那个文件或目录
    2 | #include [01;31m[K<std_msgs/msg/string.hpp>[m[K
      |          [01;31m[K^~~~~~~~~~~~~~~~~~~~~~~~~[m[K
compilation terminated.
gmake[2]: *** [CMakeFiles/read_force.dir/build.make:76：CMakeFiles/read_force.dir/src/read_force.cpp.o] 错误 1
gmake[1]: *** [CMakeFiles/Makefile2:309：CMakeFiles/read_force.dir/all] 错误 2
[01m[K/home/rokae/workspace/rokae_ros2_sim2real/src/robot_driver/rokae_driver/src/driver_hanjie.cpp:15:10:[m[K [01;31m[Kfatal error: [m[Kstd_msgs/msg/string.hpp: 没有那个文件或目录
   15 | #include [01;31m[K<std_msgs/msg/string.hpp>[m[K
      |          [01;31m[K^~~~~~~~~~~~~~~~~~~~~~~~~[m[K
compilation terminated.
gmake[2]: *** [CMakeFiles/driver_hanjie.dir/build.make:76：CMakeFiles/driver_hanjie.dir/src/driver_hanjie.cpp.o] 错误 1
gmake[1]: *** [CMakeFiles/Makefile2:179：CMakeFiles/driver_hanjie.dir/all] 错误 2
[01m[K/home/rokae/workspace/rokae_ros2_sim2real/src/robot_driver/rokae_driver/src/driver_pentu.cpp:15:10:[m[K [01;31m[Kfatal error: [m[Kstd_msgs/msg/string.hpp: 没有那个文件或目录
   15 | #include [01;31m[K<std_msgs/msg/string.hpp>[m[K
      |          [01;31m[K^~~~~~~~~~~~~~~~~~~~~~~~~[m[K
compilation terminated.
gmake[2]: *** [CMakeFiles/driver_pentu.dir/build.make:76：CMakeFiles/driver_pentu.dir/src/driver_pentu.cpp.o] 错误 1
gmake[1]: *** [CMakeFiles/Makefile2:257：CMakeFiles/driver_pentu.dir/all] 错误 2
[01m[K/home/rokae/workspace/rokae_ros2_sim2real/src/robot_driver/rokae_driver/src/rokae_driver.cpp:15:10:[m[K [01;31m[Kfatal error: [m[Kstd_msgs/msg/string.hpp: 没有那个文件或目录
   15 | #include [01;31m[K<std_msgs/msg/string.hpp>[m[K
      |          [01;31m[K^~~~~~~~~~~~~~~~~~~~~~~~~[m[K
compilation terminated.
gmake[2]: *** [CMakeFiles/rokae_driver.dir/build.make:76：CMakeFiles/rokae_driver.dir/src/rokae_driver.cpp.o] 错误 1
gmake[1]: *** [CMakeFiles/Makefile2:335：CMakeFiles/rokae_driver.dir/all] 错误 2
[ 55%] Built target sdk_example
[ 61%] [32m[1mLinking CXX executable move_example[0m
[ 61%] Built target move_example
gmake: *** [Makefile:146：all] 错误 2
