[0.020s] Invoking command in '/home/rokae/workspace/rokae_ros2_sim2real/build/rokae_driver': CMAKE_PREFIX_PATH=${CMAKE_PREFIX_PATH}:/home/rokae/workspace/rokae_ros2_sim2real/install/easy_handeye2_demo:/home/rokae/workspace/rokae_ros2_sim2real/install/easy_handeye2:/home/rokae/workspace/ws_moveit/install/moveit_configs_utils:/home/rokae/workspace/ws_moveit/install/launch_param_builder:/opt/ros/humble /usr/bin/cmake --build /home/rokae/workspace/rokae_ros2_sim2real/build/rokae_driver -- -j32 -l32
[0.041s] -- Found ament_cmake: 1.3.11 (/opt/ros/humble/share/ament_cmake/cmake)
[0.136s] -- Found rclcpp: 16.0.11 (/opt/ros/humble/share/rclcpp/cmake)
[0.160s] -- Found rosidl_generator_c: 3.1.6 (/opt/ros/humble/share/rosidl_generator_c/cmake)
[0.162s] -- Found rosidl_adapter: 3.1.6 (/opt/ros/humble/share/rosidl_adapter/cmake)
[0.166s] -- Found rosidl_generator_cpp: 3.1.6 (/opt/ros/humble/share/rosidl_generator_cpp/cmake)
[0.177s] -- Using all available rosidl_typesupport_c: rosidl_typesupport_fastrtps_c;rosidl_typesupport_introspection_c
[0.189s] -- Using all available rosidl_typesupport_cpp: rosidl_typesupport_fastrtps_cpp;rosidl_typesupport_introspection_cpp
[0.213s] -- Found rmw_implementation_cmake: 6.1.2 (/opt/ros/humble/share/rmw_implementation_cmake/cmake)
[0.216s] -- Found rmw_fastrtps_cpp: 6.2.7 (/opt/ros/humble/share/rmw_fastrtps_cpp/cmake)
[0.305s] -- Using RMW implementation 'rmw_fastrtps_cpp' as default
[0.335s] -- Found std_srvs: 4.2.4 (/opt/ros/humble/share/std_srvs/cmake)
[0.340s] -- Found geometry_msgs: 4.2.4 (/opt/ros/humble/share/geometry_msgs/cmake)
[0.349s] -- Found ament_lint_auto: 0.12.11 (/opt/ros/humble/share/ament_lint_auto/cmake)
[0.425s] -- Added test 'cppcheck' to perform static code analysis on C / C++ code
[0.425s] -- Configured cppcheck include dirs: /home/rokae/workspace/rokae_ros2_sim2real/src/robot_driver/rokae_driver/include
[0.425s] -- Configured cppcheck exclude dirs and/or files: 
[0.426s] -- Added test 'lint_cmake' to check CMake code style
[0.426s] -- Added test 'uncrustify' to check C / C++ code style
[0.427s] -- Configured uncrustify additional arguments: 
[0.427s] -- Added test 'xmllint' to check XML markup files
[0.427s] -- Configuring done
[0.444s] -- Generating done
[0.451s] -- Build files have been written to: /home/rokae/workspace/rokae_ros2_sim2real/build/rokae_driver
[0.471s] [35m[1mConsolidate compiler generated dependencies of target driver_maduo[0m
[0.472s] [35m[1mConsolidate compiler generated dependencies of target driver_pentu[0m
[0.472s] [35m[1mConsolidate compiler generated dependencies of target driver_fenjian[0m
[0.472s] [35m[1mConsolidate compiler generated dependencies of target sdk_example[0m
[0.473s] [35m[1mConsolidate compiler generated dependencies of target driver_hanjie[0m
[0.473s] [35m[1mConsolidate compiler generated dependencies of target move_example[0m
[0.473s] [35m[1mConsolidate compiler generated dependencies of target driver_home[0m
[0.473s] [35m[1mConsolidate compiler generated dependencies of target read_force[0m
[0.473s] [35m[1mConsolidate compiler generated dependencies of target rokae_driver[0m
[0.484s] [  5%] [32m[1mLinking CXX executable sdk_example[0m
[0.485s] [ 11%] [32mBuilding CXX object CMakeFiles/driver_maduo.dir/src/driver_maduo.cpp.o[0m
[0.485s] [ 16%] [32mBuilding CXX object CMakeFiles/driver_fenjian.dir/src/driver_fenjian.cpp.o[0m
[0.486s] [ 22%] [32mBuilding CXX object CMakeFiles/move_example.dir/src/move_example.cpp.o[0m
[0.486s] [ 27%] [32mBuilding CXX object CMakeFiles/read_force.dir/src/read_force.cpp.o[0m
[0.486s] [ 33%] [32mBuilding CXX object CMakeFiles/driver_pentu.dir/src/driver_pentu.cpp.o[0m
[0.486s] [ 38%] [32mBuilding CXX object CMakeFiles/driver_hanjie.dir/src/driver_hanjie.cpp.o[0m
[0.487s] [ 44%] [32mBuilding CXX object CMakeFiles/driver_home.dir/src/driver_home.cpp.o[0m
[0.489s] [ 50%] [32mBuilding CXX object CMakeFiles/rokae_driver.dir/src/rokae_driver.cpp.o[0m
[0.596s] [01m[K/home/rokae/workspace/rokae_ros2_sim2real/src/robot_driver/rokae_driver/src/driver_maduo.cpp:13:10:[m[K [01;31m[Kfatal error: [m[Kstd_msgs/msg/u_int8.hpp: æ²¡æœ‰é‚£ä¸ªæ–‡ä»¶æˆ–ç›®å½•
[0.596s]    13 | #include [01;31m[K<std_msgs/msg/u_int8.hpp>[m[K  // æ³¨æ„æ­£ç¡®çš„å¤´æ–‡ä»¶å
[0.596s]       |          [01;31m[K^~~~~~~~~~~~~~~~~~~~~~~~~[m[K
[0.596s] compilation terminated.
[0.597s] gmake[2]: *** [CMakeFiles/driver_maduo.dir/build.make:76ï¼šCMakeFiles/driver_maduo.dir/src/driver_maduo.cpp.o] é”™è¯¯ 1
[0.598s] gmake[1]: *** [CMakeFiles/Makefile2:231ï¼šCMakeFiles/driver_maduo.dir/all] é”™è¯¯ 2
[0.598s] gmake[1]: *** æ­£åœ¨ç­‰å¾…æœªå®Œæˆçš„ä»»åŠ¡....
[0.598s] [01m[K/home/rokae/workspace/rokae_ros2_sim2real/src/robot_driver/rokae_driver/src/driver_home.cpp:13:10:[m[K [01;31m[Kfatal error: [m[Kstd_msgs/msg/u_int8.hpp: æ²¡æœ‰é‚£ä¸ªæ–‡ä»¶æˆ–ç›®å½•
[0.598s]    13 | #include [01;31m[K<std_msgs/msg/u_int8.hpp>[m[K  // æ³¨æ„æ­£ç¡®çš„å¤´æ–‡ä»¶å
[0.598s]       |          [01;31m[K^~~~~~~~~~~~~~~~~~~~~~~~~[m[K
[0.598s] compilation terminated.
[0.599s] gmake[2]: *** [CMakeFiles/driver_home.dir/build.make:76ï¼šCMakeFiles/driver_home.dir/src/driver_home.cpp.o] é”™è¯¯ 1
[0.599s] gmake[1]: *** [CMakeFiles/Makefile2:205ï¼šCMakeFiles/driver_home.dir/all] é”™è¯¯ 2
[0.601s] [01m[K/home/rokae/workspace/rokae_ros2_sim2real/src/robot_driver/rokae_driver/src/driver_fenjian.cpp:13:10:[m[K [01;31m[Kfatal error: [m[Kstd_msgs/msg/u_int8.hpp: æ²¡æœ‰é‚£ä¸ªæ–‡ä»¶æˆ–ç›®å½•
[0.601s]    13 | #include [01;31m[K<std_msgs/msg/u_int8.hpp>[m[K  // æ³¨æ„æ­£ç¡®çš„å¤´æ–‡ä»¶å
[0.601s]       |          [01;31m[K^~~~~~~~~~~~~~~~~~~~~~~~~[m[K
[0.601s] compilation terminated.
[0.602s] gmake[2]: *** [CMakeFiles/driver_fenjian.dir/build.make:76ï¼šCMakeFiles/driver_fenjian.dir/src/driver_fenjian.cpp.o] é”™è¯¯ 1
[0.602s] gmake[1]: *** [CMakeFiles/Makefile2:153ï¼šCMakeFiles/driver_fenjian.dir/all] é”™è¯¯ 2
[0.608s] [01m[K/home/rokae/workspace/rokae_ros2_sim2real/src/robot_driver/rokae_driver/src/read_force.cpp:2:10:[m[K [01;31m[Kfatal error: [m[Kstd_msgs/msg/string.hpp: æ²¡æœ‰é‚£ä¸ªæ–‡ä»¶æˆ–ç›®å½•
[0.608s]     2 | #include [01;31m[K<std_msgs/msg/string.hpp>[m[K
[0.608s]       |          [01;31m[K^~~~~~~~~~~~~~~~~~~~~~~~~[m[K
[0.608s] compilation terminated.
[0.609s] gmake[2]: *** [CMakeFiles/read_force.dir/build.make:76ï¼šCMakeFiles/read_force.dir/src/read_force.cpp.o] é”™è¯¯ 1
[0.609s] gmake[1]: *** [CMakeFiles/Makefile2:309ï¼šCMakeFiles/read_force.dir/all] é”™è¯¯ 2
[0.667s] [01m[K/home/rokae/workspace/rokae_ros2_sim2real/src/robot_driver/rokae_driver/src/driver_hanjie.cpp:15:10:[m[K [01;31m[Kfatal error: [m[Kstd_msgs/msg/string.hpp: æ²¡æœ‰é‚£ä¸ªæ–‡ä»¶æˆ–ç›®å½•
[0.667s]    15 | #include [01;31m[K<std_msgs/msg/string.hpp>[m[K
[0.667s]       |          [01;31m[K^~~~~~~~~~~~~~~~~~~~~~~~~[m[K
[0.667s] compilation terminated.
[0.669s] gmake[2]: *** [CMakeFiles/driver_hanjie.dir/build.make:76ï¼šCMakeFiles/driver_hanjie.dir/src/driver_hanjie.cpp.o] é”™è¯¯ 1
[0.669s] gmake[1]: *** [CMakeFiles/Makefile2:179ï¼šCMakeFiles/driver_hanjie.dir/all] é”™è¯¯ 2
[0.671s] [01m[K/home/rokae/workspace/rokae_ros2_sim2real/src/robot_driver/rokae_driver/src/driver_pentu.cpp:15:10:[m[K [01;31m[Kfatal error: [m[Kstd_msgs/msg/string.hpp: æ²¡æœ‰é‚£ä¸ªæ–‡ä»¶æˆ–ç›®å½•
[0.671s]    15 | #include [01;31m[K<std_msgs/msg/string.hpp>[m[K
[0.671s]       |          [01;31m[K^~~~~~~~~~~~~~~~~~~~~~~~~[m[K
[0.671s] compilation terminated.
[0.673s] gmake[2]: *** [CMakeFiles/driver_pentu.dir/build.make:76ï¼šCMakeFiles/driver_pentu.dir/src/driver_pentu.cpp.o] é”™è¯¯ 1
[0.673s] gmake[1]: *** [CMakeFiles/Makefile2:257ï¼šCMakeFiles/driver_pentu.dir/all] é”™è¯¯ 2
[0.691s] [01m[K/home/rokae/workspace/rokae_ros2_sim2real/src/robot_driver/rokae_driver/src/rokae_driver.cpp:15:10:[m[K [01;31m[Kfatal error: [m[Kstd_msgs/msg/string.hpp: æ²¡æœ‰é‚£ä¸ªæ–‡ä»¶æˆ–ç›®å½•
[0.691s]    15 | #include [01;31m[K<std_msgs/msg/string.hpp>[m[K
[0.691s]       |          [01;31m[K^~~~~~~~~~~~~~~~~~~~~~~~~[m[K
[0.691s] compilation terminated.
[0.693s] gmake[2]: *** [CMakeFiles/rokae_driver.dir/build.make:76ï¼šCMakeFiles/rokae_driver.dir/src/rokae_driver.cpp.o] é”™è¯¯ 1
[0.693s] gmake[1]: *** [CMakeFiles/Makefile2:335ï¼šCMakeFiles/rokae_driver.dir/all] é”™è¯¯ 2
[0.766s] [ 55%] Built target sdk_example
[1.500s] [ 61%] [32m[1mLinking CXX executable move_example[0m
[1.721s] [ 61%] Built target move_example
[1.721s] gmake: *** [Makefile:146ï¼šall] é”™è¯¯ 2
[1.723s] Invoked command in '/home/rokae/workspace/rokae_ros2_sim2real/build/rokae_driver' returned '2': CMAKE_PREFIX_PATH=${CMAKE_PREFIX_PATH}:/home/rokae/workspace/rokae_ros2_sim2real/install/easy_handeye2_demo:/home/rokae/workspace/rokae_ros2_sim2real/install/easy_handeye2:/home/rokae/workspace/ws_moveit/install/moveit_configs_utils:/home/rokae/workspace/ws_moveit/install/launch_param_builder:/opt/ros/humble /usr/bin/cmake --build /home/rokae/workspace/rokae_ros2_sim2real/build/rokae_driver -- -j32 -l32
