[0.061s] Invoking command in '/home/rokae/workspace/rokae_ros2_sim2real/build/rokae_driver': CMAKE_PREFIX_PATH=${CMAKE_PREFIX_PATH}:/home/rokae/workspace/ws_moveit/install/moveit_configs_utils:/home/rokae/workspace/ws_moveit/install/launch_param_builder:/opt/ros/humble /usr/bin/cmake --build /home/rokae/workspace/rokae_ros2_sim2real/build/rokae_driver -- -j32 -l32
[0.170s] [35m[1mConsolidate compiler generated dependencies of target rokae_controller[0m
[0.170s] [35m[1mConsolidate compiler generated dependencies of target read_robot_state[0m
[0.171s] [35m[1mConsolidate compiler generated dependencies of target read_force[0m
[0.177s] [35m[1mConsolidate compiler generated dependencies of target move_example[0m
[0.178s] [35m[1mConsolidate compiler generated dependencies of target sdk_example[0m
[0.179s] [35m[1mConsolidate compiler generated dependencies of target driver_pentu[0m
[0.226s] [ 16%] Built target read_robot_state
[0.227s] [ 33%] Built target sdk_example
[0.227s] [ 50%] Built target move_example
[0.227s] [ 58%] [32mBuilding CXX object CMakeFiles/rokae_controller.dir/src/rokae_controller.cpp.o[0m
[0.227s] [ 75%] Built target read_force
[0.238s] [ 91%] Built target driver_pentu
[5.625s] [01m[K/home/rokae/workspace/rokae_ros2_sim2real/src/robot_driver/rokae_driver/src/rokae_controller.cpp:137:13:[m[K [01;31m[Kerror: [m[Kâ€˜[01m[KTimeBase[m[Kâ€™ in namespace â€˜[01m[Krclcpp[m[Kâ€™ does not name a type; did you mean â€˜[01m[KTimerBase[m[Kâ€™?
[5.625s]   137 |     rclcpp::[01;31m[KTimeBase[m[K::SharedPtr timer_;
[5.625s]       |             [01;31m[K^~~~~~~~[m[K
[5.625s]       |             [32m[KTimerBase[m[K
[5.648s] [01m[K/home/rokae/workspace/rokae_ros2_sim2real/src/robot_driver/rokae_driver/src/rokae_controller.cpp:149:17:[m[K [01;31m[Kerror: [m[Kâ€˜[01m[KJointData[m[Kâ€™ was not declared in this scope
[5.648s]   149 |     std::vector<[01;31m[KJointData[m[K> joint_data;
[5.648s]       |                 [01;31m[K^~~~~~~~~[m[K
[5.648s] [01m[K/home/rokae/workspace/rokae_ros2_sim2real/src/robot_driver/rokae_driver/src/rokae_controller.cpp:149:26:[m[K [01;31m[Kerror: [m[Ktemplate argument 1 is invalid
[5.648s]   149 |     std::vector<JointData[01;31m[K>[m[K joint_data;
[5.649s]       |                          [01;31m[K^[m[K
[5.649s] [01m[K/home/rokae/workspace/rokae_ros2_sim2real/src/robot_driver/rokae_driver/src/rokae_controller.cpp:149:26:[m[K [01;31m[Kerror: [m[Ktemplate argument 2 is invalid
[5.676s] [01m[K/home/rokae/workspace/rokae_ros2_sim2real/src/robot_driver/rokae_driver/src/rokae_controller.cpp:[m[K In constructor â€˜[01m[KRobotController::RobotController(const string&, const string&)[m[Kâ€™:
[5.676s] [01m[K/home/rokae/workspace/rokae_ros2_sim2real/src/robot_driver/rokae_driver/src/rokae_controller.cpp:32:95:[m[K [01;31m[Kerror: [m[Kno matching function for call to â€˜[01m[KRobotController::create_publisher<trajectory_msgs::msg::JointTrajectory>(const char [17], int, std::_Bind_helper<false, void (RobotController::*)(std::shared_ptr<trajectory_msgs::msg::JointTrajectory_<std::allocator<void> > >), RobotController*, const std::_Placeholder<1>&>::type)[m[Kâ€™
[5.676s]    32 |         trajectory_subscriber_ = [01;31m[Kthis->create_publisher<trajectory_msgs::msg::JointTrajectory>([m[K
[5.676s]       |                                  [01;31m[K~~~~~~~~~~~~~~~~~~~~~~~~~~~~~~~~~~~~~~~~~~~~~~~~~~~~~~~~~~~~~^[m[K
[5.676s]    33 | [01;31m[K            "joint_trajectory",10,[m[K
[5.676s]       |             [01;31m[K~~~~~~~~~~~~~~~~~~~~~~[m[K                                                             
[5.676s]    34 | [01;31m[K            std::bind(&RobotController::trajectory_callback,this,std::placeholders::_1)[m[K
[5.677s]       |             [01;31m[K~~~~~~~~~~~~~~~~~~~~~~~~~~~~~~~~~~~~~~~~~~~~~~~~~~~~~~~~~~~~~~~~~~~~~~~~~~~[m[K        
[5.677s]    35 | [01;31m[K        )[m[K;
[5.677s]       |         [01;31m[K~[m[K                                                                                      
[5.677s] In file included from [01m[K/opt/ros/humble/include/rclcpp/rclcpp/node.hpp:1321[m[K,
[5.677s]                  from [01m[K/opt/ros/humble/include/rclcpp/rclcpp/executors/single_threaded_executor.hpp:28[m[K,
[5.677s]                  from [01m[K/opt/ros/humble/include/rclcpp/rclcpp/executors.hpp:22[m[K,
[5.677s]                  from [01m[K/opt/ros/humble/include/rclcpp/rclcpp/rclcpp.hpp:155[m[K,
[5.677s]                  from [01m[K/home/rokae/workspace/rokae_ros2_sim2real/src/robot_driver/rokae_driver/src/rokae_controller.cpp:14[m[K:
[5.678s] [01m[K/opt/ros/humble/include/rclcpp/rclcpp/node_impl.hpp:73:1:[m[K [01;36m[Knote: [m[Kcandidate: â€˜[01m[Ktemplate<class MessageT, class AllocatorT, class PublisherT> std::shared_ptr<PublisherT> rclcpp::Node::create_publisher(const string&, const rclcpp::QoS&, const rclcpp::PublisherOptionsWithAllocator<AllocatorT>&)[m[Kâ€™
[5.678s]    73 | [01;36m[KNode[m[K::create_publisher(
[5.678s]       | [01;36m[K^~~~[m[K
[5.678s] [01m[K/opt/ros/humble/include/rclcpp/rclcpp/node_impl.hpp:73:1:[m[K [01;36m[Knote: [m[K  template argument deduction/substitution failed:
[5.678s] [01m[K/home/rokae/workspace/rokae_ros2_sim2real/src/robot_driver/rokae_driver/src/rokae_controller.cpp:32:95:[m[K [01;36m[Knote: [m[K  â€˜[01m[Kstd::_Bind_helper<false, void (RobotController::*)(std::shared_ptr<trajectory_msgs::msg::JointTrajectory_<std::allocator<void> > >), RobotController*, const std::_Placeholder<1>&>::type[m[Kâ€™ is not derived from â€˜[01m[Kconst rclcpp::PublisherOptionsWithAllocator<AllocatorT>[m[Kâ€™
[5.678s]    32 |         trajectory_subscriber_ = [01;36m[Kthis->create_publisher<trajectory_msgs::msg::JointTrajectory>([m[K
[5.678s]       |                                  [01;36m[K~~~~~~~~~~~~~~~~~~~~~~~~~~~~~~~~~~~~~~~~~~~~~~~~~~~~~~~~~~~~~^[m[K
[5.678s]    33 | [01;36m[K            "joint_trajectory",10,[m[K
[5.678s]       |             [01;36m[K~~~~~~~~~~~~~~~~~~~~~~[m[K                                                             
[5.678s]    34 | [01;36m[K            std::bind(&RobotController::trajectory_callback,this,std::placeholders::_1)[m[K
[5.678s]       |             [01;36m[K~~~~~~~~~~~~~~~~~~~~~~~~~~~~~~~~~~~~~~~~~~~~~~~~~~~~~~~~~~~~~~~~~~~~~~~~~~~[m[K        
[5.679s]    35 | [01;36m[K        )[m[K;
[5.679s]       |         [01;36m[K~[m[K                                                                                      
[5.679s] [01m[K/home/rokae/workspace/rokae_ros2_sim2real/src/robot_driver/rokae_driver/src/rokae_controller.cpp:39:41:[m[K [01;31m[Kerror: [m[Kâ€˜[01m[Kjoint_command_callback[m[Kâ€™ is not a member of â€˜[01m[KRobotController[m[Kâ€™
[5.679s]    39 |             std::bind(&RobotController::[01;31m[Kjoint_command_callback[m[K,this,std::placeholders::_1)
[5.679s]       |                                         [01;31m[K^~~~~~~~~~~~~~~~~~~~~~[m[K
[5.688s] [01m[K/home/rokae/workspace/rokae_ros2_sim2real/src/robot_driver/rokae_driver/src/rokae_controller.cpp:43:9:[m[K [01;31m[Kerror: [m[Kâ€˜[01m[Ktimer_[m[Kâ€™ was not declared in this scope; did you mean â€˜[01m[Ktime_[m[Kâ€™?
[5.688s]    43 |         [01;31m[Ktimer_[m[K = this->create_wall_timer(
[5.688s]       |         [01;31m[K^~~~~~[m[K
[5.688s]       |         [32m[Ktime_[m[K
[5.720s] [01m[K/home/rokae/workspace/rokae_ros2_sim2real/src/robot_driver/rokae_driver/src/rokae_controller.cpp:51:9:[m[K [01;31m[Kerror: [m[Kâ€˜[01m[Kcurrent_joint_positions_[m[Kâ€™ was not declared in this scope; did you mean â€˜[01m[Kcurrent_joint_position[m[Kâ€™?
[5.720s]    51 |         [01;31m[Kcurrent_joint_positions_[m[K.resize(joint_name_.size(),0,0);
[5.720s]       |         [01;31m[K^~~~~~~~~~~~~~~~~~~~~~~~[m[K
[5.720s]       |         [32m[Kcurrent_joint_position[m[K
[5.731s] [01m[K/home/rokae/workspace/rokae_ros2_sim2real/src/robot_driver/rokae_driver/src/rokae_controller.cpp:51:41:[m[K [01;31m[Kerror: [m[Kâ€˜[01m[Kjoint_name_[m[Kâ€™ was not declared in this scope; did you mean â€˜[01m[Kjoint_names_[m[Kâ€™?
[5.731s]    51 |         current_joint_positions_.resize([01;31m[Kjoint_name_[m[K.size(),0,0);
[5.732s]       |                                         [01;31m[K^~~~~~~~~~~[m[K
[5.732s]       |                                         [32m[Kjoint_names_[m[K
[5.745s] [01m[K/home/rokae/workspace/rokae_ros2_sim2real/src/robot_driver/rokae_driver/src/rokae_controller.cpp:52:9:[m[K [01;31m[Kerror: [m[Kâ€˜[01m[Ktarget_joint_positions_[m[Kâ€™ was not declared in this scope; did you mean â€˜[01m[Ktarget_joint_position[m[Kâ€™?
[5.745s]    52 |         [01;31m[Ktarget_joint_positions_[m[K.resize(joint_name_.size(),0,0);
[5.745s]       |         [01;31m[K^~~~~~~~~~~~~~~~~~~~~~~[m[K
[5.745s]       |         [32m[Ktarget_joint_position[m[K
[6.293s] [01m[K/home/rokae/workspace/rokae_ros2_sim2real/src/robot_driver/rokae_driver/src/rokae_controller.cpp:[m[K In member function â€˜[01m[Kvoid RobotController::trajectory_callback(trajectory_msgs::msg::JointTrajectory_<std::allocator<void> >::SharedPtr)[m[Kâ€™:
[6.294s] [01m[K/home/rokae/workspace/rokae_ros2_sim2real/src/robot_driver/rokae_driver/src/rokae_controller.cpp:70:13:[m[K [01;31m[Kerror: [m[Kâ€˜[01m[Ktarget_joint_positions_[m[Kâ€™ was not declared in this scope; did you mean â€˜[01m[Ktarget_joint_position[m[Kâ€™?
[6.294s]    70 |             [01;31m[Ktarget_joint_positions_[m[K[i] = target_point.positions[i];
[6.294s]       |             [01;31m[K^~~~~~~~~~~~~~~~~~~~~~~[m[K
[6.294s]       |             [32m[Ktarget_joint_position[m[K
[6.308s] [01m[K/home/rokae/workspace/rokae_ros2_sim2real/src/robot_driver/rokae_driver/src/rokae_controller.cpp:74:28:[m[K [01;31m[Kerror: [m[Kâ€˜[01m[Ktarget_joint_positions_[m[Kâ€™ was not declared in this scope; did you mean â€˜[01m[Ktarget_joint_position[m[Kâ€™?
[6.308s]    74 |         send_joint_command([01;31m[Ktarget_joint_positions_[m[K);
[6.308s]       |                            [01;31m[K^~~~~~~~~~~~~~~~~~~~~~~[m[K
[6.308s]       |                            [32m[Ktarget_joint_position[m[K
[6.324s] In file included from [01m[K/opt/ros/humble/include/rclcpp/rclcpp/logging.hpp:24[m[K,
[6.324s]                  from [01m[K/opt/ros/humble/include/rclcpp/rclcpp/client.hpp:40[m[K,
[6.324s]                  from [01m[K/opt/ros/humble/include/rclcpp/rclcpp/callback_group.hpp:24[m[K,
[6.324s]                  from [01m[K/opt/ros/humble/include/rclcpp/rclcpp/any_executable.hpp:20[m[K,
[6.324s]                  from [01m[K/opt/ros/humble/include/rclcpp/rclcpp/memory_strategy.hpp:25[m[K,
[6.324s]                  from [01m[K/opt/ros/humble/include/rclcpp/rclcpp/memory_strategies.hpp:18[m[K,
[6.324s]                  from [01m[K/opt/ros/humble/include/rclcpp/rclcpp/executor_options.hpp:20[m[K,
[6.324s]                  from [01m[K/opt/ros/humble/include/rclcpp/rclcpp/executor.hpp:37[m[K,
[6.324s]                  from [01m[K/opt/ros/humble/include/rclcpp/rclcpp/executors/multi_threaded_executor.hpp:25[m[K,
[6.325s]                  from [01m[K/opt/ros/humble/include/rclcpp/rclcpp/executors.hpp:21[m[K,
[6.325s]                  from [01m[K/opt/ros/humble/include/rclcpp/rclcpp/rclcpp.hpp:155[m[K,
[6.325s]                  from [01m[K/home/rokae/workspace/rokae_ros2_sim2real/src/robot_driver/rokae_driver/src/rokae_controller.cpp:14[m[K:
[6.325s] [01m[K/home/rokae/workspace/rokae_ros2_sim2real/src/robot_driver/rokae_driver/src/rokae_controller.cpp:[m[K In member function â€˜[01m[Kvoid RobotController::send_joint_command(const std::vector<double>&)[m[Kâ€™:
[6.325s] [01m[K/home/rokae/workspace/rokae_ros2_sim2real/src/robot_driver/rokae_driver/src/rokae_controller.cpp:81:9:[m[K [01;31m[Kerror: [m[Kâ€˜[01m[Kposition[m[Kâ€™ was not declared in this scope; did you mean â€˜[01m[Kpositions[m[Kâ€™?
[6.325s]    81 |         [01;31m[Kposition[m[K[0], position[1], position[2], position[3], position[4], position[5], position[6]
[6.325s]       |         [01;31m[K^~~~~~~~[m[K
[6.338s] [01m[K/home/rokae/workspace/rokae_ros2_sim2real/src/robot_driver/rokae_driver/src/rokae_controller.cpp:85:9:[m[K [01;31m[Kerror: [m[Kâ€˜[01m[Kcurrent_joint_positions_[m[Kâ€™ was not declared in this scope; did you mean â€˜[01m[Kcurrent_joint_position[m[Kâ€™?
[6.338s]    85 |         [01;31m[Kcurrent_joint_positions_[m[K= example_basicOperation(robot_);
[6.339s]       |         [01;31m[K^~~~~~~~~~~~~~~~~~~~~~~~[m[K
[6.339s]       |         [32m[Kcurrent_joint_position[m[K
[6.339s] [01m[K/home/rokae/workspace/rokae_ros2_sim2real/src/robot_driver/rokae_driver/src/rokae_controller.cpp:77:56:[m[K [01;35m[Kwarning: [m[Kunused parameter â€˜[01m[Kpositions[m[Kâ€™ [[01;35m[K]8;;https://gcc.gnu.org/onlinedocs/gcc/Warning-Options.html#index-Wunused-parameter-Wunused-parameter]8;;[m[K]
[6.339s]    77 |     void send_joint_command([01;35m[Kconst std::vector<double>& positions[m[K){
[6.339s]       |                             [01;35m[K~~~~~~~~~~~~~~~~~~~~~~~~~~~^~~~~~~~~[m[K
[6.353s] [01m[K/home/rokae/workspace/rokae_ros2_sim2real/src/robot_driver/rokae_driver/src/rokae_controller.cpp:[m[K In member function â€˜[01m[Kvoid RobotController::publish_joint_states()[m[Kâ€™:
[6.353s] [01m[K/home/rokae/workspace/rokae_ros2_sim2real/src/robot_driver/rokae_driver/src/rokae_controller.cpp:94:32:[m[K [01;31m[Kerror: [m[Kâ€˜[01m[Kcurrent_joint_positions_[m[Kâ€™ was not declared in this scope; did you mean â€˜[01m[Kcurrent_joint_position[m[Kâ€™?
[6.353s]    94 |         joint_state.position = [01;31m[Kcurrent_joint_positions_[m[K;
[6.353s]       |                                [01;31m[K^~~~~~~~~~~~~~~~~~~~~~~~[m[K
[6.353s]       |                                [32m[Kcurrent_joint_position[m[K
[6.356s] [01m[K/home/rokae/workspace/rokae_ros2_sim2real/src/robot_driver/rokae_driver/src/rokae_controller.cpp:[m[K In member function â€˜[01m[Kvoid RobotController::example_basicOperation(rokae::xMateErProRobot&)[m[Kâ€™:
[6.356s] [01m[K/home/rokae/workspace/rokae_ros2_sim2real/src/robot_driver/rokae_driver/src/rokae_controller.cpp:130:16:[m[K [01;31m[Kerror: [m[Kreturn-statement with a value, in function returning â€˜[01m[Kvoid[m[Kâ€™ [[01;31m[K]8;;https://gcc.gnu.org/onlinedocs/gcc/Warning-Options.html#index-fpermissive-fpermissive]8;;[m[K]
[6.356s]   130 |         return [01;31m[Kjoint_pos[m[K;
[6.357s]       |                [01;31m[K^~~~~~~~~[m[K
[6.357s] [01m[K/home/rokae/workspace/rokae_ros2_sim2real/src/robot_driver/rokae_driver/src/rokae_controller.cpp:[m[K In function â€˜[01m[Kint main(int, char**)[m[Kâ€™:
[6.357s] [01m[K/home/rokae/workspace/rokae_ros2_sim2real/src/robot_driver/rokae_driver/src/rokae_controller.cpp:168:16:[m[K [01;31m[Kerror: [m[Kâ€˜[01m[Kclass RobotController[m[Kâ€™ has no member named â€˜[01m[Kinit[m[Kâ€™
[6.357s]   168 |     controller.[01;31m[Kinit[m[K();
[6.357s]       |                [01;31m[K^~~~[m[K
[8.235s] gmake[2]: *** [CMakeFiles/rokae_controller.dir/build.make:76ï¼šCMakeFiles/rokae_controller.dir/src/rokae_controller.cpp.o] é”™è¯¯ 1
[8.236s] gmake[1]: *** [CMakeFiles/Makefile2:251ï¼šCMakeFiles/rokae_controller.dir/all] é”™è¯¯ 2
[8.236s] gmake: *** [Makefile:146ï¼šall] é”™è¯¯ 2
[8.241s] Invoked command in '/home/rokae/workspace/rokae_ros2_sim2real/build/rokae_driver' returned '2': CMAKE_PREFIX_PATH=${CMAKE_PREFIX_PATH}:/home/rokae/workspace/ws_moveit/install/moveit_configs_utils:/home/rokae/workspace/ws_moveit/install/launch_param_builder:/opt/ros/humble /usr/bin/cmake --build /home/rokae/workspace/rokae_ros2_sim2real/build/rokae_driver -- -j32 -l32
