[01m[K/home/rokae/workspace/rokae_ros2_sim2real/src/robot_driver/rokae_driver/src/rokae_controller.cpp:49:13:[m[K [01;35m[Kwarning: [m[Kcharacter constant too long for its type
   49 |             [01;35m[K'xmate_joint_1'[m[K, 'xmate_joint_2', 'xmate_joint_3', 'xmate_joint_4', 'xmate_joint_5', 'xmate_joint_6', 'xmate_joint_7'
      |             [01;35m[K^~~~~~~~~~~~~~~[m[K
[01m[K/home/rokae/workspace/rokae_ros2_sim2real/src/robot_driver/rokae_driver/src/rokae_controller.cpp:49:30:[m[K [01;35m[Kwarning: [m[Kcharacter constant too long for its type
   49 |             'xmate_joint_1', [01;35m[K'xmate_joint_2'[m[K, 'xmate_joint_3', 'xmate_joint_4', 'xmate_joint_5', 'xmate_joint_6', 'xmate_joint_7'
      |                              [01;35m[K^~~~~~~~~~~~~~~[m[K
[01m[K/home/rokae/workspace/rokae_ros2_sim2real/src/robot_driver/rokae_driver/src/rokae_controller.cpp:49:47:[m[K [01;35m[Kwarning: [m[Kcharacter constant too long for its type
   49 |             'xmate_joint_1', 'xmate_joint_2', [01;35m[K'xmate_joint_3'[m[K, 'xmate_joint_4', 'xmate_joint_5', 'xmate_joint_6', 'xmate_joint_7'
      |                                               [01;35m[K^~~~~~~~~~~~~~~[m[K
[01m[K/home/rokae/workspace/rokae_ros2_sim2real/src/robot_driver/rokae_driver/src/rokae_controller.cpp:49:64:[m[K [01;35m[Kwarning: [m[Kcharacter constant too long for its type
   49 |             'xmate_joint_1', 'xmate_joint_2', 'xmate_joint_3', [01;35m[K'xmate_joint_4'[m[K, 'xmate_joint_5', 'xmate_joint_6', 'xmate_joint_7'
      |                                                                [01;35m[K^~~~~~~~~~~~~~~[m[K
[01m[K/home/rokae/workspace/rokae_ros2_sim2real/src/robot_driver/rokae_driver/src/rokae_controller.cpp:49:81:[m[K [01;35m[Kwarning: [m[Kcharacter constant too long for its type
   49 |             'xmate_joint_1', 'xmate_joint_2', 'xmate_joint_3', 'xmate_joint_4', [01;35m[K'xmate_joint_5'[m[K, 'xmate_joint_6', 'xmate_joint_7'
      |                                                                                 [01;35m[K^~~~~~~~~~~~~~~[m[K
[01m[K/home/rokae/workspace/rokae_ros2_sim2real/src/robot_driver/rokae_driver/src/rokae_controller.cpp:49:98:[m[K [01;35m[Kwarning: [m[Kcharacter constant too long for its type
   49 |             'xmate_joint_1', 'xmate_joint_2', 'xmate_joint_3', 'xmate_joint_4', 'xmate_joint_5', [01;35m[K'xmate_joint_6'[m[K, 'xmate_joint_7'
      |                                                                                                  [01;35m[K^~~~~~~~~~~~~~~[m[K
[01m[K/home/rokae/workspace/rokae_ros2_sim2real/src/robot_driver/rokae_driver/src/rokae_controller.cpp:49:115:[m[K [01;35m[Kwarning: [m[Kcharacter constant too long for its type
   49 |             'xmate_joint_1', 'xmate_joint_2', 'xmate_joint_3', 'xmate_joint_4', 'xmate_joint_5', 'xmate_joint_6', [01;35m[K'xmate_joint_7'[m[K
      |                                                                                                                   [01;35m[K^~~~~~~~~~~~~~~[m[K
[01m[K/home/rokae/workspace/rokae_ros2_sim2real/src/robot_driver/rokae_driver/src/driver_pentu.cpp:[m[K In lambda function:
[01m[K/home/rokae/workspace/rokae_ros2_sim2real/src/robot_driver/rokae_driver/src/driver_pentu.cpp:53:24:[m[K [01;35m[Kwarning: [m[Kcomparison of integer expressions of different signedness: ‚Äò[01m[Kint[m[K‚Äô and ‚Äò[01m[Kstd::vector<double>::size_type[m[K‚Äô {aka ‚Äò[01m[Klong unsigned int[m[K‚Äô} [[01;35m[K]8;;https://gcc.gnu.org/onlinedocs/gcc/Warning-Options.html#index-Wsign-compare-Wsign-compare]8;;[m[K]
   53 |             if ([01;35m[Kindex_ < timeData_.size() - 1[m[K) {
      |                 [01;35m[K~~~~~~~^~~~~~~~~~~~~~~~~~~~~~[m[K
[01m[K/home/rokae/workspace/rokae_ros2_sim2real/src/robot_driver/rokae_driver/src/driver_pentu.cpp:89:36:[m[K [01;35m[Kwarning: [m[Kcomparison of integer expressions of different signedness: ‚Äò[01m[Kint[m[K‚Äô and ‚Äò[01m[Kstd::vector<double>::size_type[m[K‚Äô {aka ‚Äò[01m[Klong unsigned int[m[K‚Äô} [[01;35m[K]8;;https://gcc.gnu.org/onlinedocs/gcc/Warning-Options.html#index-Wsign-compare-Wsign-compare]8;;[m[K]
   89 |                         if ([01;35m[Kindex_ >= timeData_.size() - 2[m[K) {
      |                             [01;35m[K~~~~~~~^~~~~~~~~~~~~~~~~~~~~~~[m[K
[01m[K/home/rokae/workspace/rokae_ros2_sim2real/src/robot_driver/rokae_driver/src/driver_pentu.cpp:79:32:[m[K [01;35m[Kwarning: [m[Kunused variable ‚Äò[01m[Kt[m[K‚Äô [[01;35m[K]8;;https://gcc.gnu.org/onlinedocs/gcc/Warning-Options.html#index-Wunused-variable-Wunused-variable]8;;[m[K]
   79 |                         double [01;35m[Kt[m[K = timeData_[index_] + (timeData_[index_ + 1] - timeData_[index_]) * stepCount_ / 100.0;
      |                                [01;35m[K^[m[K
[01m[K/home/rokae/workspace/rokae_ros2_sim2real/src/robot_driver/rokae_driver/src/driver_pentu.cpp:117:36:[m[K [01;35m[Kwarning: [m[Kcomparison of integer expressions of different signedness: ‚Äò[01m[Kint[m[K‚Äô and ‚Äò[01m[Kstd::vector<double>::size_type[m[K‚Äô {aka ‚Äò[01m[Klong unsigned int[m[K‚Äô} [[01;35m[K]8;;https://gcc.gnu.org/onlinedocs/gcc/Warning-Options.html#index-Wsign-compare-Wsign-compare]8;;[m[K]
  117 |                         if ([01;35m[Kindex_ >= timeData_.size() - 2[m[K) {
      |                             [01;35m[K~~~~~~~^~~~~~~~~~~~~~~~~~~~~~~[m[K
[01m[K/home/rokae/workspace/rokae_ros2_sim2real/src/robot_driver/rokae_driver/src/driver_pentu.cpp:107:32:[m[K [01;35m[Kwarning: [m[Kunused variable ‚Äò[01m[Kt[m[K‚Äô [[01;35m[K]8;;https://gcc.gnu.org/onlinedocs/gcc/Warning-Options.html#index-Wunused-variable-Wunused-variable]8;;[m[K]
  107 |                         double [01;35m[Kt[m[K = timeData_[index_] + (timeData_[index_ + 1] - timeData_[index_]) * stepCount_ / 500.0;
      |                                [01;35m[K^[m[K
[01m[K/home/rokae/workspace/rokae_ros2_sim2real/src/robot_driver/rokae_driver/src/rokae_controller.cpp:58:75:[m[K [01;31m[Kerror: [m[K‚Äò[01m[KSharePtr[m[K‚Äô in ‚Äò[01m[Kusing JointTrajectory = struct trajectory_msgs::msg::JointTrajectory_<std::allocator<void> >[m[K‚Äô {aka ‚Äò[01m[Kstruct trajectory_msgs::msg::JointTrajectory_<std::allocator<void> >[m[K‚Äô} does not name a type
   58 |     void trajectory_callback(const trajectory_msgs::msg::JointTrajectory::[01;31m[KSharePtr[m[K msg){
      |                                                                           [01;31m[K^~~~~~~~[m[K
[01m[K/home/rokae/workspace/rokae_ros2_sim2real/src/robot_driver/rokae_driver/src/rokae_controller.cpp:140:17:[m[K [01;31m[Kerror: [m[K‚Äò[01m[KJointData[m[K‚Äô was not declared in this scope
  140 |     std::vector<[01;31m[KJointData[m[K> joint_data;
      |                 [01;31m[K^~~~~~~~~[m[K
[01m[K/home/rokae/workspace/rokae_ros2_sim2real/src/robot_driver/rokae_driver/src/rokae_controller.cpp:140:26:[m[K [01;31m[Kerror: [m[Ktemplate argument 1 is invalid
  140 |     std::vector<JointData[01;31m[K>[m[K joint_data;
      |                          [01;31m[K^[m[K
[01m[K/home/rokae/workspace/rokae_ros2_sim2real/src/robot_driver/rokae_driver/src/rokae_controller.cpp:140:26:[m[K [01;31m[Kerror: [m[Ktemplate argument 2 is invalid
[01m[K/home/rokae/workspace/rokae_ros2_sim2real/src/robot_driver/rokae_driver/src/rokae_controller.cpp:[m[K In constructor ‚Äò[01m[KRobotController::RobotController(const string&, const string&)[m[K‚Äô:
[01m[K/home/rokae/workspace/rokae_ros2_sim2real/src/robot_driver/rokae_driver/src/rokae_controller.cpp:30:9:[m[K [01;31m[Kerror: [m[K‚Äò[01m[Kjoint_state_publisher_[m[K‚Äô was not declared in this scope
   30 |         [01;31m[Kjoint_state_publisher_[m[K = this->create_publisher<sensor_msgs::msg::JointState>("joint_state", 10);
      |         [01;31m[K^~~~~~~~~~~~~~~~~~~~~~[m[K
[01m[K/home/rokae/workspace/rokae_ros2_sim2real/src/robot_driver/rokae_driver/src/rokae_controller.cpp:32:9:[m[K [01;31m[Kerror: [m[K‚Äò[01m[Ktrajectory_subscriber_[m[K‚Äô was not declared in this scope
   32 |         [01;31m[Ktrajectory_subscriber_[m[K = this->create_publisher<trajectory_msgs::msg::JointTrajectory>(
      |         [01;31m[K^~~~~~~~~~~~~~~~~~~~~~[m[K
[01m[K/home/rokae/workspace/rokae_ros2_sim2real/src/robot_driver/rokae_driver/src/rokae_controller.cpp:32:95:[m[K [01;31m[Kerror: [m[Kno matching function for call to ‚Äò[01m[KRobotController::create_publisher<trajectory_msgs::msg::JointTrajectory>(const char [17], int, std::_Bind_helper<false, void (RobotController::*)(int), RobotController*, const std::_Placeholder<1>&>::type)[m[K‚Äô
   32 |         trajectory_subscriber_ = [01;31m[Kthis->create_publisher<trajectory_msgs::msg::JointTrajectory>([m[K
      |                                  [01;31m[K~~~~~~~~~~~~~~~~~~~~~~~~~~~~~~~~~~~~~~~~~~~~~~~~~~~~~~~~~~~~~^[m[K
   33 | [01;31m[K            "joint_trajectory",10,[m[K
      |             [01;31m[K~~~~~~~~~~~~~~~~~~~~~~[m[K                                                             
   34 | [01;31m[K            std::bind(&RobotController::trajectory_callback,this,std::placeholders::_1)[m[K
      |             [01;31m[K~~~~~~~~~~~~~~~~~~~~~~~~~~~~~~~~~~~~~~~~~~~~~~~~~~~~~~~~~~~~~~~~~~~~~~~~~~~[m[K        
   35 | [01;31m[K        )[m[K;
      |         [01;31m[K~[m[K                                                                                      
In file included from [01m[K/opt/ros/humble/include/rclcpp/rclcpp/node.hpp:1321[m[K,
                 from [01m[K/opt/ros/humble/include/rclcpp/rclcpp/executors/single_threaded_executor.hpp:28[m[K,
                 from [01m[K/opt/ros/humble/include/rclcpp/rclcpp/executors.hpp:22[m[K,
                 from [01m[K/opt/ros/humble/include/rclcpp/rclcpp/rclcpp.hpp:155[m[K,
                 from [01m[K/home/rokae/workspace/rokae_ros2_sim2real/src/robot_driver/rokae_driver/src/rokae_controller.cpp:14[m[K:
[01m[K/opt/ros/humble/include/rclcpp/rclcpp/node_impl.hpp:73:1:[m[K [01;36m[Knote: [m[Kcandidate: ‚Äò[01m[Ktemplate<class MessageT, class AllocatorT, class PublisherT> std::shared_ptr<PublisherT> rclcpp::Node::create_publisher(const string&, const rclcpp::QoS&, const rclcpp::PublisherOptionsWithAllocator<AllocatorT>&)[m[K‚Äô
   73 | [01;36m[KNode[m[K::create_publisher(
      | [01;36m[K^~~~[m[K
[01m[K/opt/ros/humble/include/rclcpp/rclcpp/node_impl.hpp:73:1:[m[K [01;36m[Knote: [m[K  template argument deduction/substitution failed:
[01m[K/home/rokae/workspace/rokae_ros2_sim2real/src/robot_driver/rokae_driver/src/rokae_controller.cpp:32:95:[m[K [01;36m[Knote: [m[K  ‚Äò[01m[Kstd::_Bind_helper<false, void (RobotController::*)(int), RobotController*, const std::_Placeholder<1>&>::type[m[K‚Äô is not derived from ‚Äò[01m[Kconst rclcpp::PublisherOptionsWithAllocator<AllocatorT>[m[K‚Äô
   32 |         trajectory_subscriber_ = [01;36m[Kthis->create_publisher<trajectory_msgs::msg::JointTrajectory>([m[K
      |                                  [01;36m[K~~~~~~~~~~~~~~~~~~~~~~~~~~~~~~~~~~~~~~~~~~~~~~~~~~~~~~~~~~~~~^[m[K
   33 | [01;36m[K            "joint_trajectory",10,[m[K
      |             [01;36m[K~~~~~~~~~~~~~~~~~~~~~~[m[K                                                             
   34 | [01;36m[K            std::bind(&RobotController::trajectory_callback,this,std::placeholders::_1)[m[K
      |             [01;36m[K~~~~~~~~~~~~~~~~~~~~~~~~~~~~~~~~~~~~~~~~~~~~~~~~~~~~~~~~~~~~~~~~~~~~~~~~~~~[m[K        
   35 | [01;36m[K        )[m[K;
      |         [01;36m[K~[m[K                                                                                      
[01m[K/home/rokae/workspace/rokae_ros2_sim2real/src/robot_driver/rokae_driver/src/rokae_controller.cpp:37:9:[m[K [01;31m[Kerror: [m[K‚Äò[01m[Kjoint_command_subscriber_[m[K‚Äô was not declared in this scope
   37 |         [01;31m[Kjoint_command_subscriber_[m[K = this->create_publisher<sensor_msgs::msg::JointState>(
      |         [01;31m[K^~~~~~~~~~~~~~~~~~~~~~~~~[m[K
[01m[K/home/rokae/workspace/rokae_ros2_sim2real/src/robot_driver/rokae_driver/src/rokae_controller.cpp:39:41:[m[K [01;31m[Kerror: [m[K‚Äò[01m[Kjoint_command_callback[m[K‚Äô is not a member of ‚Äò[01m[KRobotController[m[K‚Äô
   39 |             std::bind(&RobotController::[01;31m[Kjoint_command_callback[m[K,this,std::placeholders::_1)
      |                                         [01;31m[K^~~~~~~~~~~~~~~~~~~~~~[m[K
[01m[K/home/rokae/workspace/rokae_ros2_sim2real/src/robot_driver/rokae_driver/src/rokae_controller.cpp:43:9:[m[K [01;31m[Kerror: [m[K‚Äò[01m[Ktimer_[m[K‚Äô was not declared in this scope; did you mean ‚Äò[01m[Ktime_[m[K‚Äô?
   43 |         [01;31m[Ktimer_[m[K = this->create_wall_timer(
      |         [01;31m[K^~~~~~[m[K
      |         [32m[Ktime_[m[K
[01m[K/home/rokae/workspace/rokae_ros2_sim2real/src/robot_driver/rokae_driver/src/rokae_controller.cpp:48:9:[m[K [01;31m[Kerror: [m[K‚Äò[01m[Kjoint_names_[m[K‚Äô was not declared in this scope; did you mean ‚Äò[01m[KjointAngles_[m[K‚Äô?
   48 |         [01;31m[Kjoint_names_[m[K = {
      |         [01;31m[K^~~~~~~~~~~~[m[K
      |         [32m[KjointAngles_[m[K
[01m[K/home/rokae/workspace/rokae_ros2_sim2real/src/robot_driver/rokae_driver/src/rokae_controller.cpp:51:9:[m[K [01;31m[Kerror: [m[K‚Äò[01m[Kcurrent_joint_positions_[m[K‚Äô was not declared in this scope
   51 |         [01;31m[Kcurrent_joint_positions_[m[K.resize(joint_name_.size(),0,0);
      |         [01;31m[K^~~~~~~~~~~~~~~~~~~~~~~~[m[K
[01m[K/home/rokae/workspace/rokae_ros2_sim2real/src/robot_driver/rokae_driver/src/rokae_controller.cpp:51:41:[m[K [01;31m[Kerror: [m[K‚Äò[01m[Kjoint_name_[m[K‚Äô was not declared in this scope
   51 |         current_joint_positions_.resize([01;31m[Kjoint_name_[m[K.size(),0,0);
      |                                         [01;31m[K^~~~~~~~~~~[m[K
[01m[K/home/rokae/workspace/rokae_ros2_sim2real/src/robot_driver/rokae_driver/src/rokae_controller.cpp:52:9:[m[K [01;31m[Kerror: [m[K‚Äò[01m[Ktarget_joint_positions_[m[K‚Äô was not declared in this scope
   52 |         [01;31m[Ktarget_joint_positions_[m[K.resize(joint_name_.size(),0,0);
      |         [01;31m[K^~~~~~~~~~~~~~~~~~~~~~~[m[K
[01m[K/home/rokae/workspace/rokae_ros2_sim2real/src/robot_driver/rokae_driver/src/rokae_controller.cpp:[m[K In member function ‚Äò[01m[Kvoid RobotController::trajectory_callback(int)[m[K‚Äô:
[01m[K/home/rokae/workspace/rokae_ros2_sim2real/src/robot_driver/rokae_driver/src/rokae_controller.cpp:59:15:[m[K [01;31m[Kerror: [m[Kbase operand of ‚Äò[01m[K->[m[K‚Äô is not a pointer
   59 |         if(msg[01;31m[K->[m[Kpoints.empty()){
      |               [01;31m[K^~[m[K
[01m[K/home/rokae/workspace/rokae_ros2_sim2real/src/robot_driver/rokae_driver/src/rokae_controller.cpp:63:32:[m[K [01;31m[Kerror: [m[Kbase operand of ‚Äò[01m[K->[m[K‚Äô is not a pointer
   63 |         auto target_point = msg[01;31m[K->[m[Kpoints.back();
      |                                [01;31m[K^~[m[K
[01m[K/home/rokae/workspace/rokae_ros2_sim2real/src/robot_driver/rokae_driver/src/rokae_controller.cpp:65:44:[m[K [01;31m[Kerror: [m[K‚Äò[01m[Kjoint_names_[m[K‚Äô was not declared in this scope; did you mean ‚Äò[01m[KjointAngles_[m[K‚Äô?
   65 |         if (target_point.positions.size()!=[01;31m[Kjoint_names_[m[K.size()){
      |                                            [01;31m[K^~~~~~~~~~~~[m[K
      |                                            [32m[KjointAngles_[m[K
[01m[K/home/rokae/workspace/rokae_ros2_sim2real/src/robot_driver/rokae_driver/src/rokae_controller.cpp:69:29:[m[K [01;31m[Kerror: [m[K‚Äò[01m[Kjoint_names_[m[K‚Äô was not declared in this scope; did you mean ‚Äò[01m[KjointAngles_[m[K‚Äô?
   69 |         for(size_t i = 0;i< [01;31m[Kjoint_names_[m[K.size();++i){
      |                             [01;31m[K^~~~~~~~~~~~[m[K
      |                             [32m[KjointAngles_[m[K
[01m[K/home/rokae/workspace/rokae_ros2_sim2real/src/robot_driver/rokae_driver/src/rokae_controller.cpp:70:13:[m[K [01;31m[Kerror: [m[K‚Äò[01m[Ktarget_joint_positions_[m[K‚Äô was not declared in this scope
   70 |             [01;31m[Ktarget_joint_positions_[m[K[i] = target_point.positions[i];
      |             [01;31m[K^~~~~~~~~~~~~~~~~~~~~~~[m[K
[01m[K/home/rokae/workspace/rokae_ros2_sim2real/src/robot_driver/rokae_driver/src/rokae_controller.cpp:74:28:[m[K [01;31m[Kerror: [m[K‚Äò[01m[Ktarget_joint_positions_[m[K‚Äô was not declared in this scope
   74 |         send_joint_command([01;31m[Ktarget_joint_positions_[m[K);
      |                            [01;31m[K^~~~~~~~~~~~~~~~~~~~~~~[m[K
In file included from [01m[K/opt/ros/humble/include/rclcpp/rclcpp/logging.hpp:24[m[K,
                 from [01m[K/opt/ros/humble/include/rclcpp/rclcpp/client.hpp:40[m[K,
                 from [01m[K/opt/ros/humble/include/rclcpp/rclcpp/callback_group.hpp:24[m[K,
                 from [01m[K/opt/ros/humble/include/rclcpp/rclcpp/any_executable.hpp:20[m[K,
                 from [01m[K/opt/ros/humble/include/rclcpp/rclcpp/memory_strategy.hpp:25[m[K,
                 from [01m[K/opt/ros/humble/include/rclcpp/rclcpp/memory_strategies.hpp:18[m[K,
                 from [01m[K/opt/ros/humble/include/rclcpp/rclcpp/executor_options.hpp:20[m[K,
                 from [01m[K/opt/ros/humble/include/rclcpp/rclcpp/executor.hpp:37[m[K,
                 from [01m[K/opt/ros/humble/include/rclcpp/rclcpp/executors/multi_threaded_executor.hpp:25[m[K,
                 from [01m[K/opt/ros/humble/include/rclcpp/rclcpp/executors.hpp:21[m[K,
                 from [01m[K/opt/ros/humble/include/rclcpp/rclcpp/rclcpp.hpp:155[m[K,
                 from [01m[K/home/rokae/workspace/rokae_ros2_sim2real/src/robot_driver/rokae_driver/src/rokae_controller.cpp:14[m[K:
[01m[K/home/rokae/workspace/rokae_ros2_sim2real/src/robot_driver/rokae_driver/src/rokae_controller.cpp:[m[K In member function ‚Äò[01m[Kvoid RobotController::send_joint_command(const std::vector<double>&)[m[K‚Äô:
[01m[K/home/rokae/workspace/rokae_ros2_sim2real/src/robot_driver/rokae_driver/src/rokae_controller.cpp:81:9:[m[K [01;31m[Kerror: [m[K‚Äò[01m[Kposition[m[K‚Äô was not declared in this scope; did you mean ‚Äò[01m[Kpositions[m[K‚Äô?
   81 |         [01;31m[Kposition[m[K[0], position[1], position[2], position[3], position[4], position[5], position[6]
      |         [01;31m[K^~~~~~~~[m[K
[01m[K/home/rokae/workspace/rokae_ros2_sim2real/src/robot_driver/rokae_driver/src/rokae_controller.cpp:85:9:[m[K [01;31m[Kerror: [m[K‚Äò[01m[Kcurrent_joint_positions_[m[K‚Äô was not declared in this scope
   85 |         [01;31m[Kcurrent_joint_positions_[m[K= example_basicOperation(robot_);
      |         [01;31m[K^~~~~~~~~~~~~~~~~~~~~~~~[m[K
[01m[K/home/rokae/workspace/rokae_ros2_sim2real/src/robot_driver/rokae_driver/src/rokae_controller.cpp:77:56:[m[K [01;35m[Kwarning: [m[Kunused parameter ‚Äò[01m[Kpositions[m[K‚Äô [[01;35m[K]8;;https://gcc.gnu.org/onlinedocs/gcc/Warning-Options.html#index-Wunused-parameter-Wunused-parameter]8;;[m[K]
   77 |     void send_joint_command([01;35m[Kconst std::vector<double>& positions[m[K){
      |                             [01;35m[K~~~~~~~~~~~~~~~~~~~~~~~~~~~^~~~~~~~~[m[K
[01m[K/home/rokae/workspace/rokae_ros2_sim2real/src/robot_driver/rokae_driver/src/rokae_controller.cpp:[m[K In member function ‚Äò[01m[Kvoid RobotController::publish_joint_states()[m[K‚Äô:
[01m[K/home/rokae/workspace/rokae_ros2_sim2real/src/robot_driver/rokae_driver/src/rokae_controller.cpp:93:27:[m[K [01;31m[Kerror: [m[K‚Äò[01m[Kjoint_names_[m[K‚Äô was not declared in this scope; did you mean ‚Äò[01m[KjointAngles_[m[K‚Äô?
   93 |         joint_state.name =[01;31m[Kjoint_names_[m[K;
      |                           [01;31m[K^~~~~~~~~~~~[m[K
      |                           [32m[KjointAngles_[m[K
[01m[K/home/rokae/workspace/rokae_ros2_sim2real/src/robot_driver/rokae_driver/src/rokae_controller.cpp:94:32:[m[K [01;31m[Kerror: [m[K‚Äò[01m[Kcurrent_joint_positions_[m[K‚Äô was not declared in this scope
   94 |         joint_state.position = [01;31m[Kcurrent_joint_positions_[m[K;
      |                                [01;31m[K^~~~~~~~~~~~~~~~~~~~~~~~[m[K
[01m[K/home/rokae/workspace/rokae_ros2_sim2real/src/robot_driver/rokae_driver/src/rokae_controller.cpp:96:9:[m[K [01;31m[Kerror: [m[K‚Äò[01m[Kjoint_state_publisher_[m[K‚Äô was not declared in this scope
   96 |         [01;31m[Kjoint_state_publisher_[m[K->publish(joint_state);
      |         [01;31m[K^~~~~~~~~~~~~~~~~~~~~~[m[K
[01m[K/home/rokae/workspace/rokae_ros2_sim2real/src/robot_driver/rokae_driver/src/rokae_controller.cpp:[m[K In member function ‚Äò[01m[Kvoid RobotController::example_basicOperation(rokae::xMateErProRobot&)[m[K‚Äô:
[01m[K/home/rokae/workspace/rokae_ros2_sim2real/src/robot_driver/rokae_driver/src/rokae_controller.cpp:130:16:[m[K [01;31m[Kerror: [m[Kreturn-statement with a value, in function returning ‚Äò[01m[Kvoid[m[K‚Äô [[01;31m[K]8;;https://gcc.gnu.org/onlinedocs/gcc/Warning-Options.html#index-fpermissive-fpermissive]8;;[m[K]
  130 |         return [01;31m[Kjoint_pos[m[K;
      |                [01;31m[K^~~~~~~~~[m[K
[01m[K/home/rokae/workspace/rokae_ros2_sim2real/src/robot_driver/rokae_driver/src/rokae_controller.cpp:[m[K In function ‚Äò[01m[Kint main(int, char**)[m[K‚Äô:
[01m[K/home/rokae/workspace/rokae_ros2_sim2real/src/robot_driver/rokae_driver/src/rokae_controller.cpp:159:16:[m[K [01;31m[Kerror: [m[K‚Äò[01m[Kclass RobotController[m[K‚Äô has no member named ‚Äò[01m[Kinit[m[K‚Äô
  159 |     controller.[01;31m[Kinit[m[K();
      |                [01;31m[K^~~~[m[K
gmake[2]: *** [CMakeFiles/rokae_controller.dir/build.make:76ÔºöCMakeFiles/rokae_controller.dir/src/rokae_controller.cpp.o] ÈîôËØØ 1
gmake[1]: *** [CMakeFiles/Makefile2:251ÔºöCMakeFiles/rokae_controller.dir/all] ÈîôËØØ 2
gmake[1]: *** Ê≠£Âú®Á≠âÂæÖÊú™ÂÆåÊàêÁöÑ‰ªªÂä°....
gmake: *** [Makefile:146Ôºöall] ÈîôËØØ 2
