[0.061s] Invoking command in '/home/rokae/workspace/rokae_ros2_sim2real/build/rokae_driver': CMAKE_PREFIX_PATH=${CMAKE_PREFIX_PATH}:/home/rokae/workspace/ws_moveit/install/moveit_configs_utils:/home/rokae/workspace/ws_moveit/install/launch_param_builder:/opt/ros/humble /usr/bin/cmake --build /home/rokae/workspace/rokae_ros2_sim2real/build/rokae_driver -- -j32 -l32
[0.173s] [35m[1mConsolidate compiler generated dependencies of target rokae_controller[0m
[0.208s] [ 16%] Built target read_robot_state
[0.210s] [ 33%] Built target read_force
[0.210s] [ 50%] Built target sdk_example
[0.211s] [ 66%] Built target move_example
[0.211s] [ 83%] Built target driver_pentu
[0.229s] [ 91%] [32mBuilding CXX object CMakeFiles/rokae_controller.dir/src/rokae_controller.cpp.o[0m
[5.757s] [01m[K/home/rokae/workspace/rokae_ros2_sim2real/src/robot_driver/rokae_driver/src/rokae_controller.cpp:157:13:[m[K [01;31m[Kerror: [m[Kâ€˜[01m[KTimeBase[m[Kâ€™ in namespace â€˜[01m[Krclcpp[m[Kâ€™ does not name a type; did you mean â€˜[01m[KTimerBase[m[Kâ€™?
[5.757s]   157 |     rclcpp::[01;31m[KTimeBase[m[K::SharedPtr timer_;
[5.757s]       |             [01;31m[K^~~~~~~~[m[K
[5.758s]       |             [32m[KTimerBase[m[K
[5.781s] [01m[K/home/rokae/workspace/rokae_ros2_sim2real/src/robot_driver/rokae_driver/src/rokae_controller.cpp:169:17:[m[K [01;31m[Kerror: [m[Kâ€˜[01m[KJointData[m[Kâ€™ was not declared in this scope
[5.781s]   169 |     std::vector<[01;31m[KJointData[m[K> joint_data;
[5.781s]       |                 [01;31m[K^~~~~~~~~[m[K
[5.781s] [01m[K/home/rokae/workspace/rokae_ros2_sim2real/src/robot_driver/rokae_driver/src/rokae_controller.cpp:169:26:[m[K [01;31m[Kerror: [m[Ktemplate argument 1 is invalid
[5.781s]   169 |     std::vector<JointData[01;31m[K>[m[K joint_data;
[5.781s]       |                          [01;31m[K^[m[K
[5.781s] [01m[K/home/rokae/workspace/rokae_ros2_sim2real/src/robot_driver/rokae_driver/src/rokae_controller.cpp:169:26:[m[K [01;31m[Kerror: [m[Ktemplate argument 2 is invalid
[12.866s] gmake[2]: *** [CMakeFiles/rokae_controller.dir/build.make:76ï¼šCMakeFiles/rokae_controller.dir/src/rokae_controller.cpp.o] é”™è¯¯ 1
[12.867s] gmake[1]: *** [CMakeFiles/Makefile2:251ï¼šCMakeFiles/rokae_controller.dir/all] é”™è¯¯ 2
[12.867s] gmake: *** [Makefile:146ï¼šall] é”™è¯¯ 2
[12.872s] Invoked command in '/home/rokae/workspace/rokae_ros2_sim2real/build/rokae_driver' returned '2': CMAKE_PREFIX_PATH=${CMAKE_PREFIX_PATH}:/home/rokae/workspace/ws_moveit/install/moveit_configs_utils:/home/rokae/workspace/ws_moveit/install/launch_param_builder:/opt/ros/humble /usr/bin/cmake --build /home/rokae/workspace/rokae_ros2_sim2real/build/rokae_driver -- -j32 -l32
