[35m[1mConsolidate compiler generated dependencies of target read_robot_state[0m
[35m[1mConsolidate compiler generated dependencies of target read_force[0m
[35m[1mConsolidate compiler generated dependencies of target move_example[0m
[35m[1mConsolidate compiler generated dependencies of target driver_pentu[0m
[35m[1mConsolidate compiler generated dependencies of target sdk_example[0m
[  8%] [32mBuilding CXX object CMakeFiles/rokae_controller.dir/src/rokae_controller.cpp.o[0m
[ 25%] Built target read_robot_state
[ 41%] Built target read_force
[ 58%] Built target move_example
[ 75%] Built target sdk_example
[ 91%] Built target driver_pentu
[01m[K/home/rokae/workspace/rokae_ros2_sim2real/src/robot_driver/rokae_driver/src/rokae_controller.cpp:16:10:[m[K [01;31m[Kfatal error: [m[Ksensor_msgs/msg/joint_state.hpp: æ²¡æœ‰é‚£ä¸ªæ–‡ä»¶æˆ–ç›®å½•
   16 | #include [01;31m[K<sensor_msgs/msg/joint_state.hpp>[m[K
      |          [01;31m[K^~~~~~~~~~~~~~~~~~~~~~~~~~~~~~~~~[m[K
compilation terminated.
gmake[2]: *** [CMakeFiles/rokae_controller.dir/build.make:76ï¼šCMakeFiles/rokae_controller.dir/src/rokae_controller.cpp.o] é”™è¯¯ 1
gmake[1]: *** [CMakeFiles/Makefile2:251ï¼šCMakeFiles/rokae_controller.dir/all] é”™è¯¯ 2
gmake: *** [Makefile:146ï¼šall] é”™è¯¯ 2
