[0.037s] Invoking command in '/home/rokae/workspace/rokae_ros2_sim2real/build/rokae_driver': CMAKE_PREFIX_PATH=${CMAKE_PREFIX_PATH}:/home/rokae/workspace/rokae_ros2_sim2real/install/easy_handeye2_demo:/home/rokae/workspace/rokae_ros2_sim2real/install/easy_handeye2:/home/rokae/workspace/ws_moveit/install/moveit_configs_utils:/home/rokae/workspace/ws_moveit/install/launch_param_builder:/opt/ros/humble /usr/bin/cmake --build /home/rokae/workspace/rokae_ros2_sim2real/build/rokae_driver -- -j32 -l32
[0.106s] -- Found ament_cmake: 1.3.11 (/opt/ros/humble/share/ament_cmake/cmake)
[0.498s] -- Found rclcpp: 16.0.11 (/opt/ros/humble/share/rclcpp/cmake)
[0.656s] -- Found rosidl_generator_c: 3.1.6 (/opt/ros/humble/share/rosidl_generator_c/cmake)
[0.670s] -- Found rosidl_adapter: 3.1.6 (/opt/ros/humble/share/rosidl_adapter/cmake)
[0.704s] -- Found rosidl_generator_cpp: 3.1.6 (/opt/ros/humble/share/rosidl_generator_cpp/cmake)
[0.757s] -- Using all available rosidl_typesupport_c: rosidl_typesupport_fastrtps_c;rosidl_typesupport_introspection_c
[0.811s] -- Using all available rosidl_typesupport_cpp: rosidl_typesupport_fastrtps_cpp;rosidl_typesupport_introspection_cpp
[0.976s] -- Found rmw_implementation_cmake: 6.1.2 (/opt/ros/humble/share/rmw_implementation_cmake/cmake)
[0.993s] -- Found rmw_fastrtps_cpp: 6.2.7 (/opt/ros/humble/share/rmw_fastrtps_cpp/cmake)
[1.332s] -- Using RMW implementation 'rmw_fastrtps_cpp' as default
[1.509s] -- Found std_srvs: 4.2.4 (/opt/ros/humble/share/std_srvs/cmake)
[1.552s] -- Found geometry_msgs: 4.2.4 (/opt/ros/humble/share/geometry_msgs/cmake)
[1.591s] -- Found sensor_msgs: 4.2.4 (/opt/ros/humble/share/sensor_msgs/cmake)
[1.644s] -- Found trajectory_msgs: 4.2.4 (/opt/ros/humble/share/trajectory_msgs/cmake)
[1.771s] -- Found ament_lint_auto: 0.12.11 (/opt/ros/humble/share/ament_lint_auto/cmake)
[2.281s] -- Added test 'cppcheck' to perform static code analysis on C / C++ code
[2.283s] -- Configured cppcheck include dirs: /home/rokae/workspace/rokae_ros2_sim2real/src/robot_driver/rokae_driver/include
[2.283s] -- Configured cppcheck exclude dirs and/or files: 
[2.284s] -- Added test 'flake8' to check Python code syntax and style conventions
[2.290s] -- Added test 'lint_cmake' to check CMake code style
[2.292s] -- Added test 'pep257' to check Python code against some of the docstring style conventions in PEP 257
[2.300s] -- Added test 'uncrustify' to check C / C++ code style
[2.300s] -- Configured uncrustify additional arguments: 
[2.303s] -- Added test 'xmllint' to check XML markup files
[2.306s] -- Configuring done
[2.698s] -- Generating done
[2.729s] -- Build files have been written to: /home/rokae/workspace/rokae_ros2_sim2real/build/rokae_driver
[2.831s] [  3%] [34m[1mAutomatic MOC and UIC for target driver_pentu[0m
[2.831s] [  7%] [34m[1mAutomatic MOC and UIC for target read_robot_state[0m
[2.833s] [ 10%] [34m[1mAutomatic MOC and UIC for target My_joint_publisher_gui[0m
[2.835s] [ 17%] [34m[1mAutomatic MOC and UIC for target move_example[0m
[2.835s] [ 17%] [34m[1mAutomatic MOC and UIC for target read_force[0m
[2.837s] [ 21%] [34m[1mAutomatic MOC and UIC for target rokae_controller[0m
[2.841s] [ 25%] [34m[1mAutomatic MOC and UIC for target sdk_example[0m
[2.887s] 
[2.888s] AutoMoc error
[2.888s] -------------
[2.888s] "SRC:/src/My_joint_publisher_gui.cpp"
[2.888s] contains a "Q_OBJECT" macro, but does not include "My_joint_publisher_gui.moc"!
[2.888s] Consider to
[2.888s]   - add #include "My_joint_publisher_gui.moc"
[2.889s]   - enable SKIP_AUTOMOC for this file
[2.889s] 
[2.896s] gmake[2]: *** [CMakeFiles/My_joint_publisher_gui_autogen.dir/build.make:71ÔºöCMakeFiles/My_joint_publisher_gui_autogen] ÈîôËØØ 1
[2.896s] gmake[1]: *** [CMakeFiles/Makefile2:338ÔºöCMakeFiles/My_joint_publisher_gui_autogen.dir/all] ÈîôËØØ 2
[2.896s] gmake[1]: *** Ê≠£Âú®Á≠âÂæÖÊú™ÂÆåÊàêÁöÑ‰ªªÂä°....
[2.916s] [ 25%] Built target read_force_autogen
[2.917s] [ 25%] Built target move_example_autogen
[2.917s] [ 25%] Built target driver_pentu_autogen
[2.917s] [ 25%] Built target read_robot_state_autogen
[2.918s] [ 25%] Built target rokae_controller_autogen
[2.918s] [ 25%] Built target sdk_example_autogen
[2.921s] gmake: *** [Makefile:146Ôºöall] ÈîôËØØ 2
[2.926s] Invoked command in '/home/rokae/workspace/rokae_ros2_sim2real/build/rokae_driver' returned '2': CMAKE_PREFIX_PATH=${CMAKE_PREFIX_PATH}:/home/rokae/workspace/rokae_ros2_sim2real/install/easy_handeye2_demo:/home/rokae/workspace/rokae_ros2_sim2real/install/easy_handeye2:/home/rokae/workspace/ws_moveit/install/moveit_configs_utils:/home/rokae/workspace/ws_moveit/install/launch_param_builder:/opt/ros/humble /usr/bin/cmake --build /home/rokae/workspace/rokae_ros2_sim2real/build/rokae_driver -- -j32 -l32
