[  5%] [32mBuilding CXX object CMakeFiles/sdk_example.dir/src/sdk_example.cpp.o[0m
[ 16%] Built target move_example
[ 22%] [32mBuilding CXX object CMakeFiles/driver_fenjian.dir/src/driver_fenjian.cpp.o[0m
[ 27%] [32mBuilding CXX object CMakeFiles/rokae_driver.dir/src/rokae_driver.cpp.o[0m
[01m[Kcc1plus:[m[K [01;31m[Kfatal error: [m[K/home/rokae/workspace/rokae_ros2_sim2real/src/robot_driver/rokae_driver/src/driver_fenjian.cpp: æ²¡æœ‰é‚£ä¸ªæ–‡ä»¶æˆ–ç›®å½•
compilation terminated.
gmake[2]: *** [CMakeFiles/driver_fenjian.dir/build.make:76ï¼šCMakeFiles/driver_fenjian.dir/src/driver_fenjian.cpp.o] é”™è¯¯ 1
[ 38%] Built target driver_pentu
[ 44%] [32mBuilding CXX object CMakeFiles/driver_maduo.dir/src/driver_maduo.cpp.o[0m
[ 50%] [32mBuilding CXX object CMakeFiles/driver_hanjie.dir/src/driver_hanjie.cpp.o[0m
[ 61%] Built target read_force
[ 66%] [32mBuilding CXX object CMakeFiles/driver_home.dir/src/driver_home.cpp.o[0m
gmake[1]: *** [CMakeFiles/Makefile2:153ï¼šCMakeFiles/driver_fenjian.dir/all] é”™è¯¯ 2
gmake[1]: *** æ­£åœ¨ç­‰å¾…æœªå®Œæˆçš„ä»»åŠ¡....
[01m[Kcc1plus:[m[K [01;31m[Kfatal error: [m[K/home/rokae/workspace/rokae_ros2_sim2real/src/robot_driver/rokae_driver/src/rokae_driver.cpp: æ²¡æœ‰é‚£ä¸ªæ–‡ä»¶æˆ–ç›®å½•
compilation terminated.
gmake[2]: *** [CMakeFiles/rokae_driver.dir/build.make:76ï¼šCMakeFiles/rokae_driver.dir/src/rokae_driver.cpp.o] é”™è¯¯ 1
gmake[1]: *** [CMakeFiles/Makefile2:335ï¼šCMakeFiles/rokae_driver.dir/all] é”™è¯¯ 2
[01m[Kcc1plus:[m[K [01;31m[Kfatal error: [m[K/home/rokae/workspace/rokae_ros2_sim2real/src/robot_driver/rokae_driver/src/driver_maduo.cpp: æ²¡æœ‰é‚£ä¸ªæ–‡ä»¶æˆ–ç›®å½•
compilation terminated.
gmake[2]: *** [CMakeFiles/driver_maduo.dir/build.make:76ï¼šCMakeFiles/driver_maduo.dir/src/driver_maduo.cpp.o] é”™è¯¯ 1
gmake[1]: *** [CMakeFiles/Makefile2:231ï¼šCMakeFiles/driver_maduo.dir/all] é”™è¯¯ 2
[01m[Kcc1plus:[m[K [01;31m[Kfatal error: [m[K/home/rokae/workspace/rokae_ros2_sim2real/src/robot_driver/rokae_driver/src/driver_hanjie.cpp: æ²¡æœ‰é‚£ä¸ªæ–‡ä»¶æˆ–ç›®å½•
compilation terminated.
gmake[2]: *** [CMakeFiles/driver_hanjie.dir/build.make:76ï¼šCMakeFiles/driver_hanjie.dir/src/driver_hanjie.cpp.o] é”™è¯¯ 1
gmake[1]: *** [CMakeFiles/Makefile2:179ï¼šCMakeFiles/driver_hanjie.dir/all] é”™è¯¯ 2
[01m[Kcc1plus:[m[K [01;31m[Kfatal error: [m[K/home/rokae/workspace/rokae_ros2_sim2real/src/robot_driver/rokae_driver/src/driver_home.cpp: æ²¡æœ‰é‚£ä¸ªæ–‡ä»¶æˆ–ç›®å½•
compilation terminated.
gmake[2]: *** [CMakeFiles/driver_home.dir/build.make:76ï¼šCMakeFiles/driver_home.dir/src/driver_home.cpp.o] é”™è¯¯ 1
gmake[1]: *** [CMakeFiles/Makefile2:205ï¼šCMakeFiles/driver_home.dir/all] é”™è¯¯ 2
[ 72%] [32m[1mLinking CXX executable sdk_example[0m
[ 72%] Built target sdk_example
gmake: *** [Makefile:146ï¼šall] é”™è¯¯ 2
