[0.083s] Invoking command in '/home/rokae/workspace/rokae_ros2_sim2real/build/rokae_driver': CMAKE_PREFIX_PATH=${CMAKE_PREFIX_PATH}:/home/rokae/workspace/rokae_ros2_sim2real/install/easy_handeye2_demo:/home/rokae/workspace/rokae_ros2_sim2real/install/easy_handeye2:/home/rokae/workspace/ws_moveit/install/moveit_configs_utils:/home/rokae/workspace/ws_moveit/install/launch_param_builder:/opt/ros/humble /usr/bin/cmake --build /home/rokae/workspace/rokae_ros2_sim2real/build/rokae_driver -- -j32 -l32
[0.144s] -- Found ament_cmake: 1.3.11 (/opt/ros/humble/share/ament_cmake/cmake)
[0.488s] -- Found rclcpp: 16.0.11 (/opt/ros/humble/share/rclcpp/cmake)
[0.556s] -- Found rosidl_generator_c: 3.1.6 (/opt/ros/humble/share/rosidl_generator_c/cmake)
[0.561s] -- Found rosidl_adapter: 3.1.6 (/opt/ros/humble/share/rosidl_adapter/cmake)
[0.574s] -- Found rosidl_generator_cpp: 3.1.6 (/opt/ros/humble/share/rosidl_generator_cpp/cmake)
[0.605s] -- Using all available rosidl_typesupport_c: rosidl_typesupport_fastrtps_c;rosidl_typesupport_introspection_c
[0.643s] -- Using all available rosidl_typesupport_cpp: rosidl_typesupport_fastrtps_cpp;rosidl_typesupport_introspection_cpp
[0.726s] -- Found rmw_implementation_cmake: 6.1.2 (/opt/ros/humble/share/rmw_implementation_cmake/cmake)
[0.740s] -- Found rmw_fastrtps_cpp: 6.2.7 (/opt/ros/humble/share/rmw_fastrtps_cpp/cmake)
[1.075s] -- Using RMW implementation 'rmw_fastrtps_cpp' as default
[1.175s] -- Found std_srvs: 4.2.4 (/opt/ros/humble/share/std_srvs/cmake)
[1.196s] -- Found geometry_msgs: 4.2.4 (/opt/ros/humble/share/geometry_msgs/cmake)
[1.225s] -- Found sensor_msgs: 4.2.4 (/opt/ros/humble/share/sensor_msgs/cmake)
[1.277s] -- Found control_msgs: 4.7.0 (/opt/ros/humble/share/control_msgs/cmake)
[1.472s] -- Found ament_lint_auto: 0.12.11 (/opt/ros/humble/share/ament_lint_auto/cmake)
[2.047s] -- Added test 'cppcheck' to perform static code analysis on C / C++ code
[2.049s] -- Configured cppcheck include dirs: /home/rokae/workspace/rokae_ros2_sim2real/src/robot_driver/rokae_driver/include
[2.049s] -- Configured cppcheck exclude dirs and/or files: 
[2.052s] -- Added test 'lint_cmake' to check CMake code style
[2.059s] -- Added test 'uncrustify' to check C / C++ code style
[2.059s] -- Configured uncrustify additional arguments: 
[2.061s] -- Added test 'xmllint' to check XML markup files
[2.063s] -- Configuring done
[2.490s] -- Generating done
[2.534s] -- Build files have been written to: /home/rokae/workspace/rokae_ros2_sim2real/build/rokae_driver
[2.645s] [  3%] [34m[1mAutomatic MOC and UIC for target read_force[0m
[2.647s] [  7%] [34m[1mAutomatic MOC and UIC for target driver_pentu[0m
[2.648s] [ 10%] [34m[1mAutomatic MOC and UIC for target My_joint_publisher_gui[0m
[2.650s] [ 14%] [34m[1mAutomatic MOC and UIC for target rokae_controller[0m
[2.651s] [ 17%] [34m[1mAutomatic MOC and UIC for target sdk_example[0m
[2.654s] [ 21%] [34m[1mAutomatic MOC and UIC for target read_robot_state[0m
[2.655s] [ 25%] [34m[1mAutomatic MOC and UIC for target move_example[0m
[2.728s] [ 25%] Built target My_joint_publisher_gui_autogen
[2.729s] [ 25%] Built target read_force_autogen
[2.730s] [ 25%] Built target rokae_controller_autogen
[2.730s] [ 25%] Built target driver_pentu_autogen
[2.731s] [ 25%] Built target sdk_example_autogen
[2.733s] [ 25%] Built target read_robot_state_autogen
[2.739s] [ 25%] Built target move_example_autogen
[2.765s] [35m[1mConsolidate compiler generated dependencies of target driver_pentu[0m
[2.766s] [35m[1mConsolidate compiler generated dependencies of target read_robot_state[0m
[2.766s] [35m[1mConsolidate compiler generated dependencies of target rokae_controller[0m
[2.769s] [35m[1mConsolidate compiler generated dependencies of target My_joint_publisher_gui[0m
[2.769s] [35m[1mConsolidate compiler generated dependencies of target read_force[0m
[2.770s] [35m[1mConsolidate compiler generated dependencies of target sdk_example[0m
[2.775s] [35m[1mConsolidate compiler generated dependencies of target move_example[0m
[2.808s] [ 28%] [32mBuilding CXX object CMakeFiles/read_robot_state.dir/read_robot_state_autogen/mocs_compilation.cpp.o[0m
[2.813s] [ 32%] [32mBuilding CXX object CMakeFiles/read_robot_state.dir/src/read_robot_state.cpp.o[0m
[2.814s] [ 35%] [32mBuilding CXX object CMakeFiles/sdk_example.dir/src/sdk_example.cpp.o[0m
[2.816s] [ 39%] [32mBuilding CXX object CMakeFiles/driver_pentu.dir/src/driver_pentu.cpp.o[0m
[2.819s] [ 42%] [32mBuilding CXX object CMakeFiles/move_example.dir/src/move_example.cpp.o[0m
[2.819s] [ 46%] [32mBuilding CXX object CMakeFiles/sdk_example.dir/sdk_example_autogen/mocs_compilation.cpp.o[0m
[2.820s] [ 57%] [32mBuilding CXX object CMakeFiles/driver_pentu.dir/driver_pentu_autogen/mocs_compilation.cpp.o[0m
[2.821s] [ 57%] [32mBuilding CXX object CMakeFiles/My_joint_publisher_gui.dir/My_joint_publisher_gui_autogen/mocs_compilation.cpp.o[0m
[2.821s] [ 57%] [32mBuilding CXX object CMakeFiles/move_example.dir/move_example_autogen/mocs_compilation.cpp.o[0m
[2.821s] [ 60%] [32mBuilding CXX object CMakeFiles/read_force.dir/read_force_autogen/mocs_compilation.cpp.o[0m
[2.824s] [ 64%] [32mBuilding CXX object CMakeFiles/rokae_controller.dir/rokae_controller_autogen/mocs_compilation.cpp.o[0m
[2.831s] [ 67%] [32mBuilding CXX object CMakeFiles/rokae_controller.dir/src/rokae_controller.cpp.o[0m
[2.831s] [ 71%] [32mBuilding CXX object CMakeFiles/read_force.dir/src/read_force.cpp.o[0m
[2.832s] [ 75%] [32mBuilding CXX object CMakeFiles/My_joint_publisher_gui.dir/src/My_joint_publisher_gui.cpp.o[0m
[6.020s] [ 78%] [32m[1mLinking CXX executable read_robot_state[0m
[7.201s] [ 78%] Built target read_robot_state
[8.662s] [01m[K/home/rokae/workspace/rokae_ros2_sim2real/src/robot_driver/rokae_driver/src/driver_pentu.cpp:[m[K In lambda function:
[8.662s] [01m[K/home/rokae/workspace/rokae_ros2_sim2real/src/robot_driver/rokae_driver/src/driver_pentu.cpp:53:24:[m[K [01;35m[Kwarning: [m[Kcomparison of integer expressions of different signedness: ‚Äò[01m[Kint[m[K‚Äô and ‚Äò[01m[Kstd::vector<double>::size_type[m[K‚Äô {aka ‚Äò[01m[Klong unsigned int[m[K‚Äô} [[01;35m[K]8;;https://gcc.gnu.org/onlinedocs/gcc/Warning-Options.html#index-Wsign-compare-Wsign-compare]8;;[m[K]
[8.662s]    53 |             if ([01;35m[Kindex_ < timeData_.size() - 1[m[K) {
[8.663s]       |                 [01;35m[K~~~~~~~^~~~~~~~~~~~~~~~~~~~~~[m[K
[8.663s] [01m[K/home/rokae/workspace/rokae_ros2_sim2real/src/robot_driver/rokae_driver/src/driver_pentu.cpp:89:36:[m[K [01;35m[Kwarning: [m[Kcomparison of integer expressions of different signedness: ‚Äò[01m[Kint[m[K‚Äô and ‚Äò[01m[Kstd::vector<double>::size_type[m[K‚Äô {aka ‚Äò[01m[Klong unsigned int[m[K‚Äô} [[01;35m[K]8;;https://gcc.gnu.org/onlinedocs/gcc/Warning-Options.html#index-Wsign-compare-Wsign-compare]8;;[m[K]
[8.663s]    89 |                         if ([01;35m[Kindex_ >= timeData_.size() - 2[m[K) {
[8.663s]       |                             [01;35m[K~~~~~~~^~~~~~~~~~~~~~~~~~~~~~~[m[K
[8.664s] [01m[K/home/rokae/workspace/rokae_ros2_sim2real/src/robot_driver/rokae_driver/src/driver_pentu.cpp:79:32:[m[K [01;35m[Kwarning: [m[Kunused variable ‚Äò[01m[Kt[m[K‚Äô [[01;35m[K]8;;https://gcc.gnu.org/onlinedocs/gcc/Warning-Options.html#index-Wunused-variable-Wunused-variable]8;;[m[K]
[8.664s]    79 |                         double [01;35m[Kt[m[K = timeData_[index_] + (timeData_[index_ + 1] - timeData_[index_]) * stepCount_ / 100.0;
[8.664s]       |                                [01;35m[K^[m[K
[8.664s] [01m[K/home/rokae/workspace/rokae_ros2_sim2real/src/robot_driver/rokae_driver/src/driver_pentu.cpp:117:36:[m[K [01;35m[Kwarning: [m[Kcomparison of integer expressions of different signedness: ‚Äò[01m[Kint[m[K‚Äô and ‚Äò[01m[Kstd::vector<double>::size_type[m[K‚Äô {aka ‚Äò[01m[Klong unsigned int[m[K‚Äô} [[01;35m[K]8;;https://gcc.gnu.org/onlinedocs/gcc/Warning-Options.html#index-Wsign-compare-Wsign-compare]8;;[m[K]
[8.665s]   117 |                         if ([01;35m[Kindex_ >= timeData_.size() - 2[m[K) {
[8.665s]       |                             [01;35m[K~~~~~~~^~~~~~~~~~~~~~~~~~~~~~~[m[K
[8.665s] [01m[K/home/rokae/workspace/rokae_ros2_sim2real/src/robot_driver/rokae_driver/src/driver_pentu.cpp:107:32:[m[K [01;35m[Kwarning: [m[Kunused variable ‚Äò[01m[Kt[m[K‚Äô [[01;35m[K]8;;https://gcc.gnu.org/onlinedocs/gcc/Warning-Options.html#index-Wunused-variable-Wunused-variable]8;;[m[K]
[8.665s]   107 |                         double [01;35m[Kt[m[K = timeData_[index_] + (timeData_[index_ + 1] - timeData_[index_]) * stepCount_ / 500.0;
[8.665s]       |                                [01;35m[K^[m[K
[8.784s] [01m[K/home/rokae/workspace/rokae_ros2_sim2real/src/robot_driver/rokae_driver/src/rokae_controller.cpp:[m[K In constructor ‚Äò[01m[KRobotController::RobotController(const string&, const string&)[m[K‚Äô:
[8.784s] [01m[K/home/rokae/workspace/rokae_ros2_sim2real/src/robot_driver/rokae_driver/src/rokae_controller.cpp:198:9:[m[K [01;35m[Kwarning: [m[K‚Äò[01m[KRobotController::pauseCount_[m[K‚Äô will be initialized after [[01;35m[K]8;;https://gcc.gnu.org/onlinedocs/gcc/Warning-Options.html#index-Wreorder-Wreorder]8;;[m[K]
[8.784s]   198 |     int [01;35m[KpauseCount_[m[K;
[8.785s]       |         [01;35m[K^~~~~~~~~~~[m[K
[8.785s] [01m[K/home/rokae/workspace/rokae_ros2_sim2real/src/robot_driver/rokae_driver/src/rokae_controller.cpp:193:21:[m[K [01;35m[Kwarning: [m[K  ‚Äò[01m[Krokae::xMateErProRobot RobotController::robot_[m[K‚Äô [[01;35m[K]8;;https://gcc.gnu.org/onlinedocs/gcc/Warning-Options.html#index-Wreorder-Wreorder]8;;[m[K]
[8.785s]   193 |     xMateErProRobot [01;35m[Krobot_[m[K;
[8.785s]       |                     [01;35m[K^~~~~~[m[K
[8.785s] [01m[K/home/rokae/workspace/rokae_ros2_sim2real/src/robot_driver/rokae_driver/src/rokae_controller.cpp:28:5:[m[K [01;35m[Kwarning: [m[K  when initialized here [[01;35m[K]8;;https://gcc.gnu.org/onlinedocs/gcc/Warning-Options.html#index-Wreorder-Wreorder]8;;[m[K]
[8.785s]    28 |     [01;35m[KRobotController[m[K(const string& remoteIP, const string& localIP)
[8.786s]       |     [01;35m[K^~~~~~~~~~~~~~~[m[K
[8.802s] [01m[K/home/rokae/workspace/rokae_ros2_sim2real/src/robot_driver/rokae_driver/src/rokae_controller.cpp:40:22:[m[K [01;31m[Kerror: [m[Kno matching function for call to ‚Äò[01m[Kbind(<unresolved overloaded function type>, RobotController*, const std::_Placeholder<1>&)[m[K‚Äô
[8.803s]    40 |             [01;31m[Kstd::bind(&RobotController::joint_command_callback,this,std::placeholders::_1)[m[K
[8.803s]       |             [01;31m[K~~~~~~~~~^~~~~~~~~~~~~~~~~~~~~~~~~~~~~~~~~~~~~~~~~~~~~~~~~~~~~~~~~~~~~~~~~~~~~[m[K
[8.803s] In file included from [01m[K/home/rokae/workspace/rokae_ros2_sim2real/src/robot_driver/rokae_driver/include/rokae/base.h:17[m[K,
[8.803s]                  from [01m[K/home/rokae/workspace/rokae_ros2_sim2real/src/robot_driver/rokae_driver/include/rokae/robot.h:17[m[K,
[8.803s]                  from [01m[K/home/rokae/workspace/rokae_ros2_sim2real/src/robot_driver/rokae_driver/src/rokae_controller.cpp:10[m[K:
[8.804s] [01m[K/usr/include/c++/11/functional:789:5:[m[K [01;36m[Knote: [m[Kcandidate: ‚Äò[01m[Ktemplate<class _Func, class ... _BoundArgs> typename std::_Bind_helper<std::__is_socketlike<_Func>::value, _Func, _BoundArgs ...>::type std::bind(_Func&&, _BoundArgs&& ...)[m[K‚Äô
[8.804s]   789 |     [01;36m[Kbind[m[K(_Func&& __f, _BoundArgs&&... __args)
[8.804s]       |     [01;36m[K^~~~[m[K
[8.804s] [01m[K/usr/include/c++/11/functional:789:5:[m[K [01;36m[Knote: [m[K  template argument deduction/substitution failed:
[8.804s] [01m[K/home/rokae/workspace/rokae_ros2_sim2real/src/robot_driver/rokae_driver/src/rokae_controller.cpp:40:22:[m[K [01;36m[Knote: [m[K  couldn‚Äôt deduce template parameter ‚Äò[01m[K_Func[m[K‚Äô
[8.804s]    40 |             [01;36m[Kstd::bind(&RobotController::joint_command_callback,this,std::placeholders::_1)[m[K
[8.805s]       |             [01;36m[K~~~~~~~~~^~~~~~~~~~~~~~~~~~~~~~~~~~~~~~~~~~~~~~~~~~~~~~~~~~~~~~~~~~~~~~~~~~~~~[m[K
[8.805s] In file included from [01m[K/home/rokae/workspace/rokae_ros2_sim2real/src/robot_driver/rokae_driver/include/rokae/base.h:17[m[K,
[8.805s]                  from [01m[K/home/rokae/workspace/rokae_ros2_sim2real/src/robot_driver/rokae_driver/include/rokae/robot.h:17[m[K,
[8.805s]                  from [01m[K/home/rokae/workspace/rokae_ros2_sim2real/src/robot_driver/rokae_driver/src/rokae_controller.cpp:10[m[K:
[8.805s] [01m[K/usr/include/c++/11/functional:813:5:[m[K [01;36m[Knote: [m[Kcandidate: ‚Äò[01m[Ktemplate<class _Result, class _Func, class ... _BoundArgs> typename std::_Bindres_helper<_Result, _Func, _BoundArgs>::type std::bind(_Func&&, _BoundArgs&& ...)[m[K‚Äô
[8.806s]   813 |     [01;36m[Kbind[m[K(_Func&& __f, _BoundArgs&&... __args)
[8.806s]       |     [01;36m[K^~~~[m[K
[8.806s] [01m[K/usr/include/c++/11/functional:813:5:[m[K [01;36m[Knote: [m[K  template argument deduction/substitution failed:
[8.806s] [01m[K/home/rokae/workspace/rokae_ros2_sim2real/src/robot_driver/rokae_driver/src/rokae_controller.cpp:40:22:[m[K [01;36m[Knote: [m[K  couldn‚Äôt deduce template parameter ‚Äò[01m[K_Result[m[K‚Äô
[8.806s]    40 |             [01;36m[Kstd::bind(&RobotController::joint_command_callback,this,std::placeholders::_1)[m[K
[8.806s]       |             [01;36m[K~~~~~~~~~^~~~~~~~~~~~~~~~~~~~~~~~~~~~~~~~~~~~~~~~~~~~~~~~~~~~~~~~~~~~~~~~~~~~~[m[K
[9.309s] [01m[K/home/rokae/workspace/rokae_ros2_sim2real/src/robot_driver/rokae_driver/src/rokae_controller.cpp:[m[K In member function ‚Äò[01m[Kstd::vector<double> RobotController::example_basicOperation(rokae::xMateErProRobot&)[m[K‚Äô:
[9.309s] [01m[K/home/rokae/workspace/rokae_ros2_sim2real/src/robot_driver/rokae_driver/src/rokae_controller.cpp:142:72:[m[K [01;35m[Kwarning: [m[Kunused parameter ‚Äò[01m[Krobot[m[K‚Äô [[01;35m[K]8;;https://gcc.gnu.org/onlinedocs/gcc/Warning-Options.html#index-Wunused-parameter-Wunused-parameter]8;;[m[K]
[9.309s]   142 |     std::vector<double> example_basicOperation([01;35m[Krokae::xMateErProRobot& robot[m[K){ //ËØªÂèñÂÖ≥ËäÇËßíÂ∫¶
[9.309s]       |                                                [01;35m[K~~~~~~~~~~~~~~~~~~~~~~~~^~~~~[m[K
[9.415s] [ 82%] [32m[1mLinking CXX executable move_example[0m
[10.458s] [ 82%] Built target move_example
[10.614s] [ 85%] [32m[1mLinking CXX executable sdk_example[0m
[11.711s] [ 85%] Built target sdk_example
[13.952s] gmake[2]: *** [CMakeFiles/rokae_controller.dir/build.make:90ÔºöCMakeFiles/rokae_controller.dir/src/rokae_controller.cpp.o] ÈîôËØØ 1
[13.952s] gmake[1]: *** [CMakeFiles/Makefile2:286ÔºöCMakeFiles/rokae_controller.dir/all] ÈîôËØØ 2
[13.952s] gmake[1]: *** Ê≠£Âú®Á≠âÂæÖÊú™ÂÆåÊàêÁöÑ‰ªªÂä°....
[15.583s] [ 89%] [32m[1mLinking CXX executable driver_pentu[0m
[16.563s] [ 89%] Built target driver_pentu
[23.757s] [ 92%] [32m[1mLinking CXX executable read_force[0m
[24.247s] [ 92%] Built target read_force
[28.019s] [ 96%] [32m[1mLinking CXX executable My_joint_publisher_gui[0m
[29.823s] [ 96%] Built target My_joint_publisher_gui
[29.825s] gmake: *** [Makefile:146Ôºöall] ÈîôËØØ 2
[29.829s] Invoked command in '/home/rokae/workspace/rokae_ros2_sim2real/build/rokae_driver' returned '2': CMAKE_PREFIX_PATH=${CMAKE_PREFIX_PATH}:/home/rokae/workspace/rokae_ros2_sim2real/install/easy_handeye2_demo:/home/rokae/workspace/rokae_ros2_sim2real/install/easy_handeye2:/home/rokae/workspace/ws_moveit/install/moveit_configs_utils:/home/rokae/workspace/ws_moveit/install/launch_param_builder:/opt/ros/humble /usr/bin/cmake --build /home/rokae/workspace/rokae_ros2_sim2real/build/rokae_driver -- -j32 -l32
