[0.066s] Invoking command in '/home/rokae/workspace/rokae_ros2_sim2real/build/rokae_driver': CMAKE_PREFIX_PATH=${CMAKE_PREFIX_PATH}:/home/rokae/workspace/rokae_ros2_sim2real/install/easy_handeye2_demo:/home/rokae/workspace/rokae_ros2_sim2real/install/easy_handeye2:/home/rokae/workspace/ws_moveit/install/moveit_configs_utils:/home/rokae/workspace/ws_moveit/install/launch_param_builder:/opt/ros/humble /usr/bin/cmake --build /home/rokae/workspace/rokae_ros2_sim2real/build/rokae_driver -- -j32 -l32
[0.192s] [35m[1mConsolidate compiler generated dependencies of target rokae_controller[0m
[0.217s] [ 16%] Built target move_example
[0.222s] [ 33%] Built target read_robot_state
[0.228s] [ 50%] Built target read_force
[0.232s] [ 66%] Built target sdk_example
[0.239s] [ 83%] Built target driver_pentu
[0.246s] [ 91%] [32mBuilding CXX object CMakeFiles/rokae_controller.dir/src/rokae_controller.cpp.o[0m
[6.309s] [01m[K/home/rokae/workspace/rokae_ros2_sim2real/src/robot_driver/rokae_driver/src/rokae_controller.cpp:[m[K In member function ‚Äò[01m[Kvoid RobotController::send_joint_command(const std::vector<double>&)[m[K‚Äô:
[6.309s] [01m[K/home/rokae/workspace/rokae_ros2_sim2real/src/robot_driver/rokae_driver/src/rokae_controller.cpp:108:9:[m[K [01;31m[Kerror: [m[K‚Äò[01m[Krobot[m[K‚Äô was not declared in this scope; did you mean ‚Äò[01m[Krobot_[m[K‚Äô?
[6.309s]   108 |         [01;31m[Krobot[m[K.moveAppend({moveJ}, remoteIP_, ec);
[6.309s]       |         [01;31m[K^~~~~[m[K
[6.309s]       |         [32m[Krobot_[m[K
[6.314s] [01m[K/home/rokae/workspace/rokae_ros2_sim2real/src/robot_driver/rokae_driver/src/rokae_controller.cpp:[m[K In member function ‚Äò[01m[Kstd::vector<double> RobotController::example_basicOperation(rokae::xMateErProRobot&)[m[K‚Äô:
[6.314s] [01m[K/home/rokae/workspace/rokae_ros2_sim2real/src/robot_driver/rokae_driver/src/rokae_controller.cpp:130:72:[m[K [01;35m[Kwarning: [m[Kunused parameter ‚Äò[01m[Krobot[m[K‚Äô [[01;35m[K]8;;https://gcc.gnu.org/onlinedocs/gcc/Warning-Options.html#index-Wunused-parameter-Wunused-parameter]8;;[m[K]
[6.314s]   130 |     std::vector<double> example_basicOperation([01;35m[Krokae::xMateErProRobot& robot[m[K){ //ËØªÂèñÂÖ≥ËäÇËßíÂ∫¶
[6.315s]       |                                                [01;35m[K~~~~~~~~~~~~~~~~~~~~~~~~^~~~~[m[K
[12.850s] gmake[2]: *** [CMakeFiles/rokae_controller.dir/build.make:76ÔºöCMakeFiles/rokae_controller.dir/src/rokae_controller.cpp.o] ÈîôËØØ 1
[12.850s] gmake[1]: *** [CMakeFiles/Makefile2:251ÔºöCMakeFiles/rokae_controller.dir/all] ÈîôËØØ 2
[12.851s] gmake: *** [Makefile:146Ôºöall] ÈîôËØØ 2
[12.856s] Invoked command in '/home/rokae/workspace/rokae_ros2_sim2real/build/rokae_driver' returned '2': CMAKE_PREFIX_PATH=${CMAKE_PREFIX_PATH}:/home/rokae/workspace/rokae_ros2_sim2real/install/easy_handeye2_demo:/home/rokae/workspace/rokae_ros2_sim2real/install/easy_handeye2:/home/rokae/workspace/ws_moveit/install/moveit_configs_utils:/home/rokae/workspace/ws_moveit/install/launch_param_builder:/opt/ros/humble /usr/bin/cmake --build /home/rokae/workspace/rokae_ros2_sim2real/build/rokae_driver -- -j32 -l32
