[01m[K/home/rokae/workspace/rokae_ros2_sim2real/src/robot_driver/rokae_driver/src/rokae_controller.cpp:[m[K In member function â€˜[01m[Kvoid RobotController::init()[m[Kâ€™:
[01m[K/home/rokae/workspace/rokae_ros2_sim2real/src/robot_driver/rokae_driver/src/rokae_controller.cpp:59:35:[m[K [01;31m[Kerror: [m[Kâ€˜[01m[KremoteIP[m[Kâ€™ was not declared in this scope; did you mean â€˜[01m[KremoteIP_[m[Kâ€™?
   59 |             xMateErProRobot robot([01;31m[KremoteIP[m[K);
      |                                   [01;31m[K^~~~~~~~[m[K
      |                                   [32m[KremoteIP_[m[K
gmake[2]: *** [CMakeFiles/rokae_controller.dir/build.make:76ï¼šCMakeFiles/rokae_controller.dir/src/rokae_controller.cpp.o] é”™è¯¯ 1
gmake[1]: *** [CMakeFiles/Makefile2:251ï¼šCMakeFiles/rokae_controller.dir/all] é”™è¯¯ 2
gmake: *** [Makefile:146ï¼šall] é”™è¯¯ 2
