[0.064s] Invoking command in '/home/rokae/workspace/rokae_ros2_sim2real/build/rokae_driver': CMAKE_PREFIX_PATH=${CMAKE_PREFIX_PATH}:/home/rokae/workspace/ws_moveit/install/moveit_configs_utils:/home/rokae/workspace/ws_moveit/install/launch_param_builder:/opt/ros/humble /usr/bin/cmake --build /home/rokae/workspace/rokae_ros2_sim2real/build/rokae_driver -- -j32 -l32
[0.180s] [35m[1mConsolidate compiler generated dependencies of target rokae_controller[0m
[0.201s] [ 16%] Built target read_robot_state
[0.228s] [ 50%] Built target driver_pentu
[0.228s] [ 50%] Built target read_force
[0.229s] [ 66%] Built target move_example
[0.229s] [ 83%] Built target sdk_example
[0.232s] [ 91%] [32mBuilding CXX object CMakeFiles/rokae_controller.dir/src/rokae_controller.cpp.o[0m
[5.772s] [01m[K/home/rokae/workspace/rokae_ros2_sim2real/src/robot_driver/rokae_driver/src/rokae_controller.cpp:137:13:[m[K [01;31m[Kerror: [m[Kâ€˜[01m[KTimeBase[m[Kâ€™ in namespace â€˜[01m[Krclcpp[m[Kâ€™ does not name a type; did you mean â€˜[01m[KTimerBase[m[Kâ€™?
[5.773s]   137 |     rclcpp::[01;31m[KTimeBase[m[K::SharedPtr timer_;
[5.773s]       |             [01;31m[K^~~~~~~~[m[K
[5.773s]       |             [32m[KTimerBase[m[K
[5.796s] [01m[K/home/rokae/workspace/rokae_ros2_sim2real/src/robot_driver/rokae_driver/src/rokae_controller.cpp:149:17:[m[K [01;31m[Kerror: [m[Kâ€˜[01m[KJointData[m[Kâ€™ was not declared in this scope
[5.796s]   149 |     std::vector<[01;31m[KJointData[m[K> joint_data;
[5.796s]       |                 [01;31m[K^~~~~~~~~[m[K
[5.797s] [01m[K/home/rokae/workspace/rokae_ros2_sim2real/src/robot_driver/rokae_driver/src/rokae_controller.cpp:149:26:[m[K [01;31m[Kerror: [m[Ktemplate argument 1 is invalid
[5.797s]   149 |     std::vector<JointData[01;31m[K>[m[K joint_data;
[5.797s]       |                          [01;31m[K^[m[K
[5.797s] [01m[K/home/rokae/workspace/rokae_ros2_sim2real/src/robot_driver/rokae_driver/src/rokae_controller.cpp:149:26:[m[K [01;31m[Kerror: [m[Ktemplate argument 2 is invalid
[5.825s] [01m[K/home/rokae/workspace/rokae_ros2_sim2real/src/robot_driver/rokae_driver/src/rokae_controller.cpp:[m[K In constructor â€˜[01m[KRobotController::RobotController(const string&, const string&)[m[Kâ€™:
[5.825s] [01m[K/home/rokae/workspace/rokae_ros2_sim2real/src/robot_driver/rokae_driver/src/rokae_controller.cpp:32:95:[m[K [01;31m[Kerror: [m[Kno matching function for call to â€˜[01m[KRobotController::create_publisher<trajectory_msgs::msg::JointTrajectory>(const char [17], int, std::_Bind_helper<false, void (RobotController::*)(std::shared_ptr<trajectory_msgs::msg::JointTrajectory_<std::allocator<void> > >), RobotController*, const std::_Placeholder<1>&>::type)[m[Kâ€™
[5.825s]    32 |         trajectory_subscriber_ = [01;31m[Kthis->create_publisher<trajectory_msgs::msg::JointTrajectory>([m[K
[5.825s]       |                                  [01;31m[K~~~~~~~~~~~~~~~~~~~~~~~~~~~~~~~~~~~~~~~~~~~~~~~~~~~~~~~~~~~~~^[m[K
[5.825s]    33 | [01;31m[K            "joint_trajectory",10,[m[K
[5.825s]       |             [01;31m[K~~~~~~~~~~~~~~~~~~~~~~[m[K                                                             
[5.825s]    34 | [01;31m[K            std::bind(&RobotController::trajectory_callback,this,std::placeholders::_1)[m[K
[5.825s]       |             [01;31m[K~~~~~~~~~~~~~~~~~~~~~~~~~~~~~~~~~~~~~~~~~~~~~~~~~~~~~~~~~~~~~~~~~~~~~~~~~~~[m[K        
[5.825s]    35 | [01;31m[K        )[m[K;
[5.826s]       |         [01;31m[K~[m[K                                                                                      
[5.826s] In file included from [01m[K/opt/ros/humble/include/rclcpp/rclcpp/node.hpp:1321[m[K,
[5.826s]                  from [01m[K/opt/ros/humble/include/rclcpp/rclcpp/executors/single_threaded_executor.hpp:28[m[K,
[5.826s]                  from [01m[K/opt/ros/humble/include/rclcpp/rclcpp/executors.hpp:22[m[K,
[5.826s]                  from [01m[K/opt/ros/humble/include/rclcpp/rclcpp/rclcpp.hpp:155[m[K,
[5.826s]                  from [01m[K/home/rokae/workspace/rokae_ros2_sim2real/src/robot_driver/rokae_driver/src/rokae_controller.cpp:14[m[K:
[5.826s] [01m[K/opt/ros/humble/include/rclcpp/rclcpp/node_impl.hpp:73:1:[m[K [01;36m[Knote: [m[Kcandidate: â€˜[01m[Ktemplate<class MessageT, class AllocatorT, class PublisherT> std::shared_ptr<PublisherT> rclcpp::Node::create_publisher(const string&, const rclcpp::QoS&, const rclcpp::PublisherOptionsWithAllocator<AllocatorT>&)[m[Kâ€™
[5.826s]    73 | [01;36m[KNode[m[K::create_publisher(
[5.827s]       | [01;36m[K^~~~[m[K
[5.827s] [01m[K/opt/ros/humble/include/rclcpp/rclcpp/node_impl.hpp:73:1:[m[K [01;36m[Knote: [m[K  template argument deduction/substitution failed:
[5.827s] [01m[K/home/rokae/workspace/rokae_ros2_sim2real/src/robot_driver/rokae_driver/src/rokae_controller.cpp:32:95:[m[K [01;36m[Knote: [m[K  â€˜[01m[Kstd::_Bind_helper<false, void (RobotController::*)(std::shared_ptr<trajectory_msgs::msg::JointTrajectory_<std::allocator<void> > >), RobotController*, const std::_Placeholder<1>&>::type[m[Kâ€™ is not derived from â€˜[01m[Kconst rclcpp::PublisherOptionsWithAllocator<AllocatorT>[m[Kâ€™
[5.827s]    32 |         trajectory_subscriber_ = [01;36m[Kthis->create_publisher<trajectory_msgs::msg::JointTrajectory>([m[K
[5.827s]       |                                  [01;36m[K~~~~~~~~~~~~~~~~~~~~~~~~~~~~~~~~~~~~~~~~~~~~~~~~~~~~~~~~~~~~~^[m[K
[5.827s]    33 | [01;36m[K            "joint_trajectory",10,[m[K
[5.827s]       |             [01;36m[K~~~~~~~~~~~~~~~~~~~~~~[m[K                                                             
[5.827s]    34 | [01;36m[K            std::bind(&RobotController::trajectory_callback,this,std::placeholders::_1)[m[K
[5.827s]       |             [01;36m[K~~~~~~~~~~~~~~~~~~~~~~~~~~~~~~~~~~~~~~~~~~~~~~~~~~~~~~~~~~~~~~~~~~~~~~~~~~~[m[K        
[5.827s]    35 | [01;36m[K        )[m[K;
[5.827s]       |         [01;36m[K~[m[K                                                                                      
[5.827s] [01m[K/home/rokae/workspace/rokae_ros2_sim2real/src/robot_driver/rokae_driver/src/rokae_controller.cpp:39:41:[m[K [01;31m[Kerror: [m[Kâ€˜[01m[Kjoint_command_callback[m[Kâ€™ is not a member of â€˜[01m[KRobotController[m[Kâ€™
[5.828s]    39 |             std::bind(&RobotController::[01;31m[Kjoint_command_callback[m[K,this,std::placeholders::_1)
[5.828s]       |                                         [01;31m[K^~~~~~~~~~~~~~~~~~~~~~[m[K
[5.837s] [01m[K/home/rokae/workspace/rokae_ros2_sim2real/src/robot_driver/rokae_driver/src/rokae_controller.cpp:43:9:[m[K [01;31m[Kerror: [m[Kâ€˜[01m[Ktimer_[m[Kâ€™ was not declared in this scope; did you mean â€˜[01m[Ktime_[m[Kâ€™?
[5.837s]    43 |         [01;31m[Ktimer_[m[K = this->create_wall_timer(
[5.837s]       |         [01;31m[K^~~~~~[m[K
[5.837s]       |         [32m[Ktime_[m[K
[5.866s] [01m[K/home/rokae/workspace/rokae_ros2_sim2real/src/robot_driver/rokae_driver/src/rokae_controller.cpp:51:41:[m[K [01;31m[Kerror: [m[Kâ€˜[01m[Kjoint_name_[m[Kâ€™ was not declared in this scope; did you mean â€˜[01m[Kjoint_names_[m[Kâ€™?
[5.866s]    51 |         current_joint_positions_.resize([01;31m[Kjoint_name_[m[K.size(),0,0);
[5.866s]       |                                         [01;31m[K^~~~~~~~~~~[m[K
[5.866s]       |                                         [32m[Kjoint_names_[m[K
[6.375s] [01m[K/home/rokae/workspace/rokae_ros2_sim2real/src/robot_driver/rokae_driver/src/rokae_controller.cpp:[m[K In member function â€˜[01m[Kvoid RobotController::send_joint_command(const std::vector<double>&)[m[Kâ€™:
[6.375s] [01m[K/home/rokae/workspace/rokae_ros2_sim2real/src/robot_driver/rokae_driver/src/rokae_controller.cpp:85:64:[m[K [01;31m[Kerror: [m[Kno match for â€˜[01m[Koperator=[m[Kâ€™ (operand types are â€˜[01m[Kstd::vector<double>[m[Kâ€™ and â€˜[01m[Kdouble[m[Kâ€™)
[6.375s]    85 |         current_joint_positions_= example_basicOperation(robot_[01;31m[K)[m[K;
[6.375s]       |                                                                [01;31m[K^[m[K
[6.375s] In file included from [01m[K/usr/include/c++/11/vector:72[m[K,
[6.375s]                  from [01m[K/home/rokae/workspace/rokae_ros2_sim2real/src/robot_driver/rokae_driver/src/rokae_controller.cpp:7[m[K:
[6.375s] [01m[K/usr/include/c++/11/bits/vector.tcc:198:5:[m[K [01;36m[Knote: [m[Kcandidate: â€˜[01m[Kstd::vector<_Tp, _Alloc>& std::vector<_Tp, _Alloc>::operator=(const std::vector<_Tp, _Alloc>&) [with _Tp = double; _Alloc = std::allocator<double>][m[Kâ€™
[6.375s]   198 |     [01;36m[Kvector<_Tp, _Alloc>[m[K::
[6.375s]       |     [01;36m[K^~~~~~~~~~~~~~~~~~~[m[K
[6.376s] [01m[K/usr/include/c++/11/bits/vector.tcc:199:42:[m[K [01;36m[Knote: [m[K  no known conversion for argument 1 from â€˜[01m[Kdouble[m[Kâ€™ to â€˜[01m[Kconst std::vector<double>&[m[Kâ€™
[6.376s]   199 |     operator=([01;36m[Kconst vector<_Tp, _Alloc>& __x[m[K)
[6.376s]       |               [01;36m[K~~~~~~~~~~~~~~~~~~~~~~~~~~~^~~[m[K
[6.376s] In file included from [01m[K/usr/include/c++/11/vector:67[m[K,
[6.376s]                  from [01m[K/home/rokae/workspace/rokae_ros2_sim2real/src/robot_driver/rokae_driver/src/rokae_controller.cpp:7[m[K:
[6.376s] [01m[K/usr/include/c++/11/bits/stl_vector.h:709:7:[m[K [01;36m[Knote: [m[Kcandidate: â€˜[01m[Kstd::vector<_Tp, _Alloc>& std::vector<_Tp, _Alloc>::operator=(std::vector<_Tp, _Alloc>&&) [with _Tp = double; _Alloc = std::allocator<double>][m[Kâ€™
[6.376s]   709 |       [01;36m[Koperator[m[K=(vector&& __x) noexcept(_Alloc_traits::_S_nothrow_move())
[6.376s]       |       [01;36m[K^~~~~~~~[m[K
[6.376s] [01m[K/usr/include/c++/11/bits/stl_vector.h:709:26:[m[K [01;36m[Knote: [m[K  no known conversion for argument 1 from â€˜[01m[Kdouble[m[Kâ€™ to â€˜[01m[Kstd::vector<double>&&[m[Kâ€™
[6.376s]   709 |       operator=([01;36m[Kvector&& __x[m[K) noexcept(_Alloc_traits::_S_nothrow_move())
[6.376s]       |                 [01;36m[K~~~~~~~~~^~~[m[K
[6.376s] [01m[K/usr/include/c++/11/bits/stl_vector.h:730:7:[m[K [01;36m[Knote: [m[Kcandidate: â€˜[01m[Kstd::vector<_Tp, _Alloc>& std::vector<_Tp, _Alloc>::operator=(std::initializer_list<_Tp>) [with _Tp = double; _Alloc = std::allocator<double>][m[Kâ€™
[6.377s]   730 |       [01;36m[Koperator[m[K=(initializer_list<value_type> __l)
[6.377s]       |       [01;36m[K^~~~~~~~[m[K
[6.377s] [01m[K/usr/include/c++/11/bits/stl_vector.h:730:46:[m[K [01;36m[Knote: [m[K  no known conversion for argument 1 from â€˜[01m[Kdouble[m[Kâ€™ to â€˜[01m[Kstd::initializer_list<double>[m[Kâ€™
[6.377s]   730 |       operator=([01;36m[Kinitializer_list<value_type> __l[m[K)
[6.377s]       |                 [01;36m[K~~~~~~~~~~~~~~~~~~~~~~~~~~~~~^~~[m[K
[6.379s] [01m[K/home/rokae/workspace/rokae_ros2_sim2real/src/robot_driver/rokae_driver/src/rokae_controller.cpp:[m[K In member function â€˜[01m[Kdouble RobotController::example_basicOperation(rokae::xMateErProRobot&)[m[Kâ€™:
[6.379s] [01m[K/home/rokae/workspace/rokae_ros2_sim2real/src/robot_driver/rokae_driver/src/rokae_controller.cpp:130:16:[m[K [01;31m[Kerror: [m[Kcannot convert â€˜[01m[Kstd::array<double, 7>[m[Kâ€™ to â€˜[01m[Kdouble[m[Kâ€™ in return
[6.379s]   130 |         return [01;31m[Kjoint_pos[m[K;
[6.379s]       |                [01;31m[K^~~~~~~~~[m[K
[8.324s] gmake[2]: *** [CMakeFiles/rokae_controller.dir/build.make:76ï¼šCMakeFiles/rokae_controller.dir/src/rokae_controller.cpp.o] é”™è¯¯ 1
[8.324s] gmake[1]: *** [CMakeFiles/Makefile2:251ï¼šCMakeFiles/rokae_controller.dir/all] é”™è¯¯ 2
[8.325s] gmake: *** [Makefile:146ï¼šall] é”™è¯¯ 2
[8.329s] Invoked command in '/home/rokae/workspace/rokae_ros2_sim2real/build/rokae_driver' returned '2': CMAKE_PREFIX_PATH=${CMAKE_PREFIX_PATH}:/home/rokae/workspace/ws_moveit/install/moveit_configs_utils:/home/rokae/workspace/ws_moveit/install/launch_param_builder:/opt/ros/humble /usr/bin/cmake --build /home/rokae/workspace/rokae_ros2_sim2real/build/rokae_driver -- -j32 -l32
