[0.061s] Invoking command in '/home/rokae/workspace/rokae_ros2_sim2real/build/rokae_driver': CMAKE_PREFIX_PATH=${CMAKE_PREFIX_PATH}:/home/rokae/workspace/rokae_ros2_sim2real/install/easy_handeye2_demo:/home/rokae/workspace/rokae_ros2_sim2real/install/easy_handeye2:/home/rokae/workspace/ws_moveit/install/moveit_configs_utils:/home/rokae/workspace/ws_moveit/install/launch_param_builder:/opt/ros/humble /usr/bin/cmake --build /home/rokae/workspace/rokae_ros2_sim2real/build/rokae_driver -- -j32 -l32
[0.175s] [35m[1mConsolidate compiler generated dependencies of target rokae_controller[0m
[0.202s] [ 16%] Built target read_robot_state
[0.214s] [ 33%] Built target move_example
[0.215s] [ 50%] Built target sdk_example
[0.218s] [ 66%] Built target driver_pentu
[0.226s] [ 83%] Built target read_force
[0.227s] [ 91%] [32mBuilding CXX object CMakeFiles/rokae_controller.dir/src/rokae_controller.cpp.o[0m
[6.215s] [01m[K/home/rokae/workspace/rokae_ros2_sim2real/src/robot_driver/rokae_driver/src/rokae_controller.cpp:[m[K In member function ‚Äò[01m[Kvoid RobotController::init()[m[K‚Äô:
[6.215s] [01m[K/home/rokae/workspace/rokae_ros2_sim2real/src/robot_driver/rokae_driver/src/rokae_controller.cpp:62:35:[m[K [01;31m[Kerror: [m[K‚Äò[01m[Krobot[m[K‚Äô was not declared in this scope; did you mean ‚Äò[01m[Krobot_[m[K‚Äô?
[6.215s]    62 |             auto temp_joint_pos = [01;31m[Krobot[m[K.jointPos(ec); // ËΩ¥ËßíÂ∫¶ [rad]
[6.215s]       |                                   [01;31m[K^~~~~[m[K
[6.215s]       |                                   [32m[Krobot_[m[K
[6.234s] [01m[K/home/rokae/workspace/rokae_ros2_sim2real/src/robot_driver/rokae_driver/src/rokae_controller.cpp:[m[K In function ‚Äò[01m[Kint main(int, char**)[m[K‚Äô:
[6.234s] [01m[K/home/rokae/workspace/rokae_ros2_sim2real/src/robot_driver/rokae_driver/src/rokae_controller.cpp:213:17:[m[K [01;31m[Kerror: [m[Kno matching function for call to ‚Äò[01m[Kspin(RobotController&)[m[K‚Äô
[6.234s]   213 |     [01;31m[Krclcpp::spin(controller)[m[K; // Á°Æ‰øùËäÇÁÇπÊåÅÁª≠ËøêË°å
[6.234s]       |     [01;31m[K~~~~~~~~~~~~^~~~~~~~~~~~[m[K
[6.234s] In file included from [01m[K/opt/ros/humble/include/rclcpp/rclcpp/rclcpp.hpp:155[m[K,
[6.234s]                  from [01m[K/home/rokae/workspace/rokae_ros2_sim2real/src/robot_driver/rokae_driver/src/rokae_controller.cpp:14[m[K:
[6.234s] [01m[K/opt/ros/humble/include/rclcpp/rclcpp/executors.hpp:45:1:[m[K [01;36m[Knote: [m[Kcandidate: ‚Äò[01m[Kvoid rclcpp::spin(rclcpp::node_interfaces::NodeBaseInterface::SharedPtr)[m[K‚Äô
[6.234s]    45 | [01;36m[Kspin[m[K(rclcpp::node_interfaces::NodeBaseInterface::SharedPtr node_ptr);
[6.235s]       | [01;36m[K^~~~[m[K
[6.235s] [01m[K/opt/ros/humble/include/rclcpp/rclcpp/executors.hpp:45:60:[m[K [01;36m[Knote: [m[K  no known conversion for argument 1 from ‚Äò[01m[KRobotController[m[K‚Äô to ‚Äò[01m[Krclcpp::node_interfaces::NodeBaseInterface::SharedPtr[m[K‚Äô {aka ‚Äò[01m[Kstd::shared_ptr<rclcpp::node_interfaces::NodeBaseInterface>[m[K‚Äô}
[6.235s]    45 | spin([01;36m[Krclcpp::node_interfaces::NodeBaseInterface::SharedPtr node_ptr[m[K);
[6.235s]       |      [01;36m[K~~~~~~~~~~~~~~~~~~~~~~~~~~~~~~~~~~~~~~~~~~~~~~~~~~~~~~^~~~~~~~[m[K
[6.235s] [01m[K/opt/ros/humble/include/rclcpp/rclcpp/executors.hpp:49:1:[m[K [01;36m[Knote: [m[Kcandidate: ‚Äò[01m[Kvoid rclcpp::spin(rclcpp::Node::SharedPtr)[m[K‚Äô
[6.235s]    49 | [01;36m[Kspin[m[K(rclcpp::Node::SharedPtr node_ptr);
[6.235s]       | [01;36m[K^~~~[m[K
[6.236s] [01m[K/opt/ros/humble/include/rclcpp/rclcpp/executors.hpp:49:30:[m[K [01;36m[Knote: [m[K  no known conversion for argument 1 from ‚Äò[01m[KRobotController[m[K‚Äô to ‚Äò[01m[Krclcpp::Node::SharedPtr[m[K‚Äô {aka ‚Äò[01m[Kstd::shared_ptr<rclcpp::Node>[m[K‚Äô}
[6.236s]    49 | spin([01;36m[Krclcpp::Node::SharedPtr node_ptr[m[K);
[6.236s]       |      [01;36m[K~~~~~~~~~~~~~~~~~~~~~~~~^~~~~~~~[m[K
[12.705s] gmake[2]: *** [CMakeFiles/rokae_controller.dir/build.make:76ÔºöCMakeFiles/rokae_controller.dir/src/rokae_controller.cpp.o] ÈîôËØØ 1
[12.706s] gmake[1]: *** [CMakeFiles/Makefile2:251ÔºöCMakeFiles/rokae_controller.dir/all] ÈîôËØØ 2
[12.706s] gmake: *** [Makefile:146Ôºöall] ÈîôËØØ 2
[12.710s] Invoked command in '/home/rokae/workspace/rokae_ros2_sim2real/build/rokae_driver' returned '2': CMAKE_PREFIX_PATH=${CMAKE_PREFIX_PATH}:/home/rokae/workspace/rokae_ros2_sim2real/install/easy_handeye2_demo:/home/rokae/workspace/rokae_ros2_sim2real/install/easy_handeye2:/home/rokae/workspace/ws_moveit/install/moveit_configs_utils:/home/rokae/workspace/ws_moveit/install/launch_param_builder:/opt/ros/humble /usr/bin/cmake --build /home/rokae/workspace/rokae_ros2_sim2real/build/rokae_driver -- -j32 -l32
