[  3%] [34m[1mAutomatic MOC and UIC for target driver_pentu[0m
[  7%] [34m[1mAutomatic MOC and UIC for target read_robot_state[0m
[ 10%] [34m[1mAutomatic MOC and UIC for target move_example[0m
[ 14%] [34m[1mAutomatic MOC and UIC for target read_force[0m
[ 17%] [34m[1mAutomatic MOC and UIC for target My_joint_publisher_gui[0m
[ 21%] [34m[1mAutomatic MOC and UIC for target rokae_controller[0m
[ 25%] [34m[1mAutomatic MOC and UIC for target sdk_example[0m
[ 25%] Built target driver_pentu_autogen
[ 25%] Built target read_robot_state_autogen
[ 25%] Built target move_example_autogen
[ 25%] Built target My_joint_publisher_gui_autogen
[ 25%] Built target sdk_example_autogen
[ 25%] Built target rokae_controller_autogen
[ 25%] Built target read_force_autogen
[35m[1mConsolidate compiler generated dependencies of target My_joint_publisher_gui[0m
[ 35%] Built target driver_pentu
[ 46%] Built target move_example
[ 57%] Built target read_robot_state
[ 67%] Built target sdk_example
[ 78%] Built target rokae_controller
[ 82%] [32mBuilding CXX object CMakeFiles/My_joint_publisher_gui.dir/src/My_joint_publisher_gui.cpp.o[0m
[ 92%] Built target read_force
[01m[K/home/rokae/workspace/rokae_ros2_sim2real/src/robot_driver/rokae_driver/src/My_joint_publisher_gui.cpp:[m[K In lambda function:
[01m[K/home/rokae/workspace/rokae_ros2_sim2real/src/robot_driver/rokae_driver/src/My_joint_publisher_gui.cpp:238:13:[m[K [01;31m[Kerror: [m[Kâ€˜[01m[Kinitialize_sliders_with_current_state[m[Kâ€™ was not declared in this scope
  238 |             [01;31m[Kinitialize_sliders_with_current_state[m[K();
      |             [01;31m[K^~~~~~~~~~~~~~~~~~~~~~~~~~~~~~~~~~~~~[m[K
gmake[2]: *** [CMakeFiles/My_joint_publisher_gui.dir/build.make:90ï¼šCMakeFiles/My_joint_publisher_gui.dir/src/My_joint_publisher_gui.cpp.o] é”™è¯¯ 1
gmake[1]: *** [CMakeFiles/Makefile2:156ï¼šCMakeFiles/My_joint_publisher_gui.dir/all] é”™è¯¯ 2
gmake: *** [Makefile:146ï¼šall] é”™è¯¯ 2
