[0.059s] Invoking command in '/home/rokae/workspace/rokae_ros2_sim2real/build/rokae_driver': CMAKE_PREFIX_PATH=${CMAKE_PREFIX_PATH}:/home/rokae/workspace/ws_moveit/install/moveit_configs_utils:/home/rokae/workspace/ws_moveit/install/launch_param_builder:/opt/ros/humble /usr/bin/cmake --build /home/rokae/workspace/rokae_ros2_sim2real/build/rokae_driver -- -j32 -l32
[0.172s] [35m[1mConsolidate compiler generated dependencies of target rokae_controller[0m
[0.209s] [ 16%] Built target read_force
[0.213s] [ 33%] Built target read_robot_state
[0.214s] [ 50%] Built target move_example
[0.214s] [ 66%] Built target driver_pentu
[0.215s] [ 83%] Built target sdk_example
[0.229s] [ 91%] [32mBuilding CXX object CMakeFiles/rokae_controller.dir/src/rokae_controller.cpp.o[0m
[5.626s] [01m[K/home/rokae/workspace/rokae_ros2_sim2real/src/robot_driver/rokae_driver/src/rokae_controller.cpp:144:13:[m[K [01;31m[Kerror: [m[Kâ€˜[01m[KTimeBase[m[Kâ€™ in namespace â€˜[01m[Krclcpp[m[Kâ€™ does not name a type; did you mean â€˜[01m[KTimerBase[m[Kâ€™?
[5.627s]   144 |     rclcpp::[01;31m[KTimeBase[m[K::SharedPtr timer_;
[5.627s]       |             [01;31m[K^~~~~~~~[m[K
[5.627s]       |             [32m[KTimerBase[m[K
[5.650s] [01m[K/home/rokae/workspace/rokae_ros2_sim2real/src/robot_driver/rokae_driver/src/rokae_controller.cpp:156:17:[m[K [01;31m[Kerror: [m[Kâ€˜[01m[KJointData[m[Kâ€™ was not declared in this scope
[5.650s]   156 |     std::vector<[01;31m[KJointData[m[K> joint_data;
[5.651s]       |                 [01;31m[K^~~~~~~~~[m[K
[5.651s] [01m[K/home/rokae/workspace/rokae_ros2_sim2real/src/robot_driver/rokae_driver/src/rokae_controller.cpp:156:26:[m[K [01;31m[Kerror: [m[Ktemplate argument 1 is invalid
[5.651s]   156 |     std::vector<JointData[01;31m[K>[m[K joint_data;
[5.651s]       |                          [01;31m[K^[m[K
[5.651s] [01m[K/home/rokae/workspace/rokae_ros2_sim2real/src/robot_driver/rokae_driver/src/rokae_controller.cpp:156:26:[m[K [01;31m[Kerror: [m[Ktemplate argument 2 is invalid
[5.660s] [01m[K/home/rokae/workspace/rokae_ros2_sim2real/src/robot_driver/rokae_driver/src/rokae_controller.cpp:[m[K In constructor â€˜[01m[KRobotController::RobotController(const string&, const string&)[m[Kâ€™:
[5.661s] [01m[K/home/rokae/workspace/rokae_ros2_sim2real/src/robot_driver/rokae_driver/src/rokae_controller.cpp:28:135:[m[K [01;31m[Kerror: [m[Kclass â€˜[01m[KRobotController[m[Kâ€™ does not have any field named â€˜[01m[Ktimer_[m[Kâ€™
[5.661s]    28 |         : Node("robot_controller"), remoteIP_(remoteIP), localIP_(localIP), running(false), index_(0), stepCount_(0), pauseCount_(0), [01;31m[Ktimer_[m[K(0.0) {
[5.661s]       |                                                                                                                                       [01;31m[K^~~~~~[m[K
[5.680s] [01m[K/home/rokae/workspace/rokae_ros2_sim2real/src/robot_driver/rokae_driver/src/rokae_controller.cpp:32:95:[m[K [01;31m[Kerror: [m[Kno matching function for call to â€˜[01m[KRobotController::create_publisher<trajectory_msgs::msg::JointTrajectory>(const char [17], int, std::_Bind_helper<false, void (RobotController::*)(std::shared_ptr<trajectory_msgs::msg::JointTrajectory_<std::allocator<void> > >), RobotController*, const std::_Placeholder<1>&>::type)[m[Kâ€™
[5.680s]    32 |         trajectory_subscriber_ = [01;31m[Kthis->create_publisher<trajectory_msgs::msg::JointTrajectory>([m[K
[5.680s]       |                                  [01;31m[K~~~~~~~~~~~~~~~~~~~~~~~~~~~~~~~~~~~~~~~~~~~~~~~~~~~~~~~~~~~~~^[m[K
[5.680s]    33 | [01;31m[K            "joint_trajectory",10,[m[K
[5.680s]       |             [01;31m[K~~~~~~~~~~~~~~~~~~~~~~[m[K                                                             
[5.680s]    34 | [01;31m[K            std::bind(&RobotController::trajectory_callback,this,std::placeholders::_1)[m[K
[5.680s]       |             [01;31m[K~~~~~~~~~~~~~~~~~~~~~~~~~~~~~~~~~~~~~~~~~~~~~~~~~~~~~~~~~~~~~~~~~~~~~~~~~~~[m[K        
[5.681s]    35 | [01;31m[K        )[m[K;
[5.681s]       |         [01;31m[K~[m[K                                                                                      
[5.681s] In file included from [01m[K/opt/ros/humble/include/rclcpp/rclcpp/node.hpp:1321[m[K,
[5.681s]                  from [01m[K/opt/ros/humble/include/rclcpp/rclcpp/executors/single_threaded_executor.hpp:28[m[K,
[5.681s]                  from [01m[K/opt/ros/humble/include/rclcpp/rclcpp/executors.hpp:22[m[K,
[5.681s]                  from [01m[K/opt/ros/humble/include/rclcpp/rclcpp/rclcpp.hpp:155[m[K,
[5.681s]                  from [01m[K/home/rokae/workspace/rokae_ros2_sim2real/src/robot_driver/rokae_driver/src/rokae_controller.cpp:14[m[K:
[5.681s] [01m[K/opt/ros/humble/include/rclcpp/rclcpp/node_impl.hpp:73:1:[m[K [01;36m[Knote: [m[Kcandidate: â€˜[01m[Ktemplate<class MessageT, class AllocatorT, class PublisherT> std::shared_ptr<PublisherT> rclcpp::Node::create_publisher(const string&, const rclcpp::QoS&, const rclcpp::PublisherOptionsWithAllocator<AllocatorT>&)[m[Kâ€™
[5.681s]    73 | [01;36m[KNode[m[K::create_publisher(
[5.681s]       | [01;36m[K^~~~[m[K
[5.681s] [01m[K/opt/ros/humble/include/rclcpp/rclcpp/node_impl.hpp:73:1:[m[K [01;36m[Knote: [m[K  template argument deduction/substitution failed:
[5.682s] [01m[K/home/rokae/workspace/rokae_ros2_sim2real/src/robot_driver/rokae_driver/src/rokae_controller.cpp:32:95:[m[K [01;36m[Knote: [m[K  â€˜[01m[Kstd::_Bind_helper<false, void (RobotController::*)(std::shared_ptr<trajectory_msgs::msg::JointTrajectory_<std::allocator<void> > >), RobotController*, const std::_Placeholder<1>&>::type[m[Kâ€™ is not derived from â€˜[01m[Kconst rclcpp::PublisherOptionsWithAllocator<AllocatorT>[m[Kâ€™
[5.682s]    32 |         trajectory_subscriber_ = [01;36m[Kthis->create_publisher<trajectory_msgs::msg::JointTrajectory>([m[K
[5.682s]       |                                  [01;36m[K~~~~~~~~~~~~~~~~~~~~~~~~~~~~~~~~~~~~~~~~~~~~~~~~~~~~~~~~~~~~~^[m[K
[5.682s]    33 | [01;36m[K            "joint_trajectory",10,[m[K
[5.682s]       |             [01;36m[K~~~~~~~~~~~~~~~~~~~~~~[m[K                                                             
[5.682s]    34 | [01;36m[K            std::bind(&RobotController::trajectory_callback,this,std::placeholders::_1)[m[K
[5.682s]       |             [01;36m[K~~~~~~~~~~~~~~~~~~~~~~~~~~~~~~~~~~~~~~~~~~~~~~~~~~~~~~~~~~~~~~~~~~~~~~~~~~~[m[K        
[5.682s]    35 | [01;36m[K        )[m[K;
[5.682s]       |         [01;36m[K~[m[K                                                                                      
[5.682s] [01m[K/home/rokae/workspace/rokae_ros2_sim2real/src/robot_driver/rokae_driver/src/rokae_controller.cpp:39:41:[m[K [01;31m[Kerror: [m[Kâ€˜[01m[Kjoint_command_callback[m[Kâ€™ is not a member of â€˜[01m[KRobotController[m[Kâ€™
[5.682s]    39 |             std::bind(&RobotController::[01;31m[Kjoint_command_callback[m[K,this,std::placeholders::_1)
[5.682s]       |                                         [01;31m[K^~~~~~~~~~~~~~~~~~~~~~[m[K
[5.692s] [01m[K/home/rokae/workspace/rokae_ros2_sim2real/src/robot_driver/rokae_driver/src/rokae_controller.cpp:43:9:[m[K [01;31m[Kerror: [m[Kâ€˜[01m[Ktimer_[m[Kâ€™ was not declared in this scope; did you mean â€˜[01m[Ktimer_t[m[Kâ€™?
[5.692s]    43 |         [01;31m[Ktimer_[m[K = this->create_wall_timer(
[5.692s]       |         [01;31m[K^~~~~~[m[K
[5.692s]       |         [32m[Ktimer_t[m[K
[5.709s] [01m[K/home/rokae/workspace/rokae_ros2_sim2real/src/robot_driver/rokae_driver/src/rokae_controller.cpp:51:40:[m[K [01;31m[Kerror: [m[Kno matching function for call to â€˜[01m[Kstd::vector<double>::resize(std::vector<std::__cxx11::basic_string<char> >::size_type, int, int)[m[Kâ€™
[5.709s]    51 |         [01;31m[Kcurrent_joint_positions_.resize(joint_names_.size(),0,0)[m[K;
[5.709s]       |         [01;31m[K~~~~~~~~~~~~~~~~~~~~~~~~~~~~~~~^~~~~~~~~~~~~~~~~~~~~~~~~[m[K
[5.709s] In file included from [01m[K/usr/include/c++/11/vector:67[m[K,
[5.710s]                  from [01m[K/home/rokae/workspace/rokae_ros2_sim2real/src/robot_driver/rokae_driver/src/rokae_controller.cpp:7[m[K:
[5.710s] [01m[K/usr/include/c++/11/bits/stl_vector.h:937:7:[m[K [01;36m[Knote: [m[Kcandidate: â€˜[01m[Kvoid std::vector<_Tp, _Alloc>::resize(std::vector<_Tp, _Alloc>::size_type) [with _Tp = double; _Alloc = std::allocator<double>; std::vector<_Tp, _Alloc>::size_type = long unsigned int][m[Kâ€™
[5.710s]   937 |       [01;36m[Kresize[m[K(size_type __new_size)
[5.710s]       |       [01;36m[K^~~~~~[m[K
[5.710s] [01m[K/usr/include/c++/11/bits/stl_vector.h:937:7:[m[K [01;36m[Knote: [m[K  candidate expects 1 argument, 3 provided
[5.710s] [01m[K/usr/include/c++/11/bits/stl_vector.h:957:7:[m[K [01;36m[Knote: [m[Kcandidate: â€˜[01m[Kvoid std::vector<_Tp, _Alloc>::resize(std::vector<_Tp, _Alloc>::size_type, const value_type&) [with _Tp = double; _Alloc = std::allocator<double>; std::vector<_Tp, _Alloc>::size_type = long unsigned int; std::vector<_Tp, _Alloc>::value_type = double][m[Kâ€™
[5.710s]   957 |       [01;36m[Kresize[m[K(size_type __new_size, const value_type& __x)
[5.710s]       |       [01;36m[K^~~~~~[m[K
[5.710s] [01m[K/usr/include/c++/11/bits/stl_vector.h:957:7:[m[K [01;36m[Knote: [m[K  candidate expects 2 arguments, 3 provided
[5.710s] [01m[K/home/rokae/workspace/rokae_ros2_sim2real/src/robot_driver/rokae_driver/src/rokae_controller.cpp:52:39:[m[K [01;31m[Kerror: [m[Kno matching function for call to â€˜[01m[Kstd::vector<double>::resize(std::vector<std::__cxx11::basic_string<char> >::size_type, int, int)[m[Kâ€™
[5.710s]    52 |         [01;31m[Ktarget_joint_positions_.resize(joint_names_.size(),0,0)[m[K;
[5.711s]       |         [01;31m[K~~~~~~~~~~~~~~~~~~~~~~~~~~~~~~^~~~~~~~~~~~~~~~~~~~~~~~~[m[K
[5.711s] In file included from [01m[K/usr/include/c++/11/vector:67[m[K,
[5.711s]                  from [01m[K/home/rokae/workspace/rokae_ros2_sim2real/src/robot_driver/rokae_driver/src/rokae_controller.cpp:7[m[K:
[5.711s] [01m[K/usr/include/c++/11/bits/stl_vector.h:937:7:[m[K [01;36m[Knote: [m[Kcandidate: â€˜[01m[Kvoid std::vector<_Tp, _Alloc>::resize(std::vector<_Tp, _Alloc>::size_type) [with _Tp = double; _Alloc = std::allocator<double>; std::vector<_Tp, _Alloc>::size_type = long unsigned int][m[Kâ€™
[5.711s]   937 |       [01;36m[Kresize[m[K(size_type __new_size)
[5.711s]       |       [01;36m[K^~~~~~[m[K
[5.711s] [01m[K/usr/include/c++/11/bits/stl_vector.h:937:7:[m[K [01;36m[Knote: [m[K  candidate expects 1 argument, 3 provided
[5.711s] [01m[K/usr/include/c++/11/bits/stl_vector.h:957:7:[m[K [01;36m[Knote: [m[Kcandidate: â€˜[01m[Kvoid std::vector<_Tp, _Alloc>::resize(std::vector<_Tp, _Alloc>::size_type, const value_type&) [with _Tp = double; _Alloc = std::allocator<double>; std::vector<_Tp, _Alloc>::size_type = long unsigned int; std::vector<_Tp, _Alloc>::value_type = double][m[Kâ€™
[5.711s]   957 |       [01;36m[Kresize[m[K(size_type __new_size, const value_type& __x)
[5.711s]       |       [01;36m[K^~~~~~[m[K
[5.711s] [01m[K/usr/include/c++/11/bits/stl_vector.h:957:7:[m[K [01;36m[Knote: [m[K  candidate expects 2 arguments, 3 provided
[8.188s] gmake[2]: *** [CMakeFiles/rokae_controller.dir/build.make:76ï¼šCMakeFiles/rokae_controller.dir/src/rokae_controller.cpp.o] é”™è¯¯ 1
[8.188s] gmake[1]: *** [CMakeFiles/Makefile2:251ï¼šCMakeFiles/rokae_controller.dir/all] é”™è¯¯ 2
[8.189s] gmake: *** [Makefile:146ï¼šall] é”™è¯¯ 2
[8.193s] Invoked command in '/home/rokae/workspace/rokae_ros2_sim2real/build/rokae_driver' returned '2': CMAKE_PREFIX_PATH=${CMAKE_PREFIX_PATH}:/home/rokae/workspace/ws_moveit/install/moveit_configs_utils:/home/rokae/workspace/ws_moveit/install/launch_param_builder:/opt/ros/humble /usr/bin/cmake --build /home/rokae/workspace/rokae_ros2_sim2real/build/rokae_driver -- -j32 -l32
