-- Found ament_cmake: 1.3.11 (/opt/ros/humble/share/ament_cmake/cmake)
-- Found rclcpp: 16.0.11 (/opt/ros/humble/share/rclcpp/cmake)
-- Found rosidl_generator_c: 3.1.6 (/opt/ros/humble/share/rosidl_generator_c/cmake)
-- Found rosidl_adapter: 3.1.6 (/opt/ros/humble/share/rosidl_adapter/cmake)
-- Found rosidl_generator_cpp: 3.1.6 (/opt/ros/humble/share/rosidl_generator_cpp/cmake)
-- Using all available rosidl_typesupport_c: rosidl_typesupport_fastrtps_c;rosidl_typesupport_introspection_c
-- Using all available rosidl_typesupport_cpp: rosidl_typesupport_fastrtps_cpp;rosidl_typesupport_introspection_cpp
-- Found rmw_implementation_cmake: 6.1.2 (/opt/ros/humble/share/rmw_implementation_cmake/cmake)
-- Found rmw_fastrtps_cpp: 6.2.7 (/opt/ros/humble/share/rmw_fastrtps_cpp/cmake)
-- Using RMW implementation 'rmw_fastrtps_cpp' as default
-- Found std_srvs: 4.2.4 (/opt/ros/humble/share/std_srvs/cmake)
-- Found geometry_msgs: 4.2.4 (/opt/ros/humble/share/geometry_msgs/cmake)
-- Found ament_lint_auto: 0.12.11 (/opt/ros/humble/share/ament_lint_auto/cmake)
-- Added test 'cppcheck' to perform static code analysis on C / C++ code
-- Configured cppcheck include dirs: /home/rokae/workspace/rokae_ros2_sim2real/src/robot_driver/rokae_driver/include
-- Configured cppcheck exclude dirs and/or files: 
-- Added test 'lint_cmake' to check CMake code style
-- Added test 'uncrustify' to check C / C++ code style
-- Configured uncrustify additional arguments: 
-- Added test 'xmllint' to check XML markup files
-- Configuring done
-- Generating done
-- Build files have been written to: /home/rokae/workspace/rokae_ros2_sim2real/build/rokae_driver
[35m[1mConsolidate compiler generated dependencies of target move_example[0m
[35m[1mConsolidate compiler generated dependencies of target driver_home[0m
[35m[1mConsolidate compiler generated dependencies of target driver_hanjie[0m
[35m[1mConsolidate compiler generated dependencies of target sdk_example[0m
[35m[1mConsolidate compiler generated dependencies of target driver_pentu[0m
[35m[1mConsolidate compiler generated dependencies of target rokae_driver[0m
[35m[1mConsolidate compiler generated dependencies of target driver_maduo[0m
[35m[1mConsolidate compiler generated dependencies of target driver_fenjian[0m
[35m[1mConsolidate compiler generated dependencies of target read_force[0m
gmake[2]: *** 没有规则可制作目标“/libxCoreSDK.a”，由“move_example” 需求。 停止。
gmake[1]: *** [CMakeFiles/Makefile2:179：CMakeFiles/move_example.dir/all] 错误 2
gmake[1]: *** 正在等待未完成的任务....
gmake[2]: *** 没有规则可制作目标“/libxCoreSDK.a”，由“sdk_example” 需求。 停止。
gmake[1]: *** [CMakeFiles/Makefile2:153：CMakeFiles/sdk_example.dir/all] 错误 2
gmake[2]: *** 没有规则可制作目标“/libxCoreSDK.a”，由“driver_hanjie” 需求。 停止。
gmake[2]: *** 没有规则可制作目标“/libxCoreSDK.a”，由“driver_home” 需求。 停止。
gmake[1]: *** [CMakeFiles/Makefile2:257：CMakeFiles/driver_hanjie.dir/all] 错误 2
gmake[1]: *** [CMakeFiles/Makefile2:361：CMakeFiles/driver_home.dir/all] 错误 2
gmake[2]: *** 没有规则可制作目标“/libxCoreSDK.a”，由“driver_pentu” 需求。 停止。
gmake[1]: *** [CMakeFiles/Makefile2:283：CMakeFiles/driver_pentu.dir/all] 错误 2
gmake[2]: *** 没有规则可制作目标“/libxCoreSDK.a”，由“rokae_driver” 需求。 停止。
gmake[1]: *** [CMakeFiles/Makefile2:205：CMakeFiles/rokae_driver.dir/all] 错误 2
gmake[2]: *** 没有规则可制作目标“/libxCoreSDK.a”，由“driver_maduo” 需求。 停止。
gmake[2]: *** 没有规则可制作目标“/libxCoreSDK.a”，由“driver_fenjian” 需求。 停止。
gmake[1]: *** [CMakeFiles/Makefile2:309：CMakeFiles/driver_maduo.dir/all] 错误 2
gmake[1]: *** [CMakeFiles/Makefile2:335：CMakeFiles/driver_fenjian.dir/all] 错误 2
gmake[2]: *** 没有规则可制作目标“/libxCoreSDK.a”，由“read_force” 需求。 停止。
gmake[1]: *** [CMakeFiles/Makefile2:231：CMakeFiles/read_force.dir/all] 错误 2
gmake: *** [Makefile:146：all] 错误 2
