[0.019s] Invoking command in '/home/rokae/workspace/rokae_ros2_sim2real/build/rokae_driver': CMAKE_PREFIX_PATH=${CMAKE_PREFIX_PATH}:/home/rokae/workspace/rokae_ros2_sim2real/install/easy_handeye2_demo:/home/rokae/workspace/rokae_ros2_sim2real/install/easy_handeye2:/home/rokae/workspace/ws_moveit/install/moveit_configs_utils:/home/rokae/workspace/ws_moveit/install/launch_param_builder:/opt/ros/humble /usr/bin/cmake --build /home/rokae/workspace/rokae_ros2_sim2real/build/rokae_driver -- -j32 -l32
[0.041s] -- Found ament_cmake: 1.3.11 (/opt/ros/humble/share/ament_cmake/cmake)
[0.144s] -- Found rclcpp: 16.0.11 (/opt/ros/humble/share/rclcpp/cmake)
[0.164s] -- Found rosidl_generator_c: 3.1.6 (/opt/ros/humble/share/rosidl_generator_c/cmake)
[0.165s] -- Found rosidl_adapter: 3.1.6 (/opt/ros/humble/share/rosidl_adapter/cmake)
[0.169s] -- Found rosidl_generator_cpp: 3.1.6 (/opt/ros/humble/share/rosidl_generator_cpp/cmake)
[0.177s] -- Using all available rosidl_typesupport_c: rosidl_typesupport_fastrtps_c;rosidl_typesupport_introspection_c
[0.188s] -- Using all available rosidl_typesupport_cpp: rosidl_typesupport_fastrtps_cpp;rosidl_typesupport_introspection_cpp
[0.210s] -- Found rmw_implementation_cmake: 6.1.2 (/opt/ros/humble/share/rmw_implementation_cmake/cmake)
[0.214s] -- Found rmw_fastrtps_cpp: 6.2.7 (/opt/ros/humble/share/rmw_fastrtps_cpp/cmake)
[0.301s] -- Using RMW implementation 'rmw_fastrtps_cpp' as default
[0.331s] -- Found std_srvs: 4.2.4 (/opt/ros/humble/share/std_srvs/cmake)
[0.336s] -- Found geometry_msgs: 4.2.4 (/opt/ros/humble/share/geometry_msgs/cmake)
[0.344s] -- Found ament_lint_auto: 0.12.11 (/opt/ros/humble/share/ament_lint_auto/cmake)
[0.462s] -- Added test 'cppcheck' to perform static code analysis on C / C++ code
[0.462s] -- Configured cppcheck include dirs: /home/rokae/workspace/rokae_ros2_sim2real/src/robot_driver/rokae_driver/include
[0.462s] -- Configured cppcheck exclude dirs and/or files: 
[0.463s] -- Added test 'lint_cmake' to check CMake code style
[0.464s] -- Added test 'uncrustify' to check C / C++ code style
[0.464s] -- Configured uncrustify additional arguments: 
[0.464s] -- Added test 'xmllint' to check XML markup files
[0.464s] -- Configuring done
[0.483s] -- Generating done
[0.491s] -- Build files have been written to: /home/rokae/workspace/rokae_ros2_sim2real/build/rokae_driver
[0.515s] [35m[1mConsolidate compiler generated dependencies of target move_example[0m
[0.515s] [35m[1mConsolidate compiler generated dependencies of target driver_home[0m
[0.515s] [35m[1mConsolidate compiler generated dependencies of target driver_hanjie[0m
[0.516s] [35m[1mConsolidate compiler generated dependencies of target sdk_example[0m
[0.516s] [35m[1mConsolidate compiler generated dependencies of target driver_pentu[0m
[0.516s] [35m[1mConsolidate compiler generated dependencies of target rokae_driver[0m
[0.516s] [35m[1mConsolidate compiler generated dependencies of target driver_maduo[0m
[0.518s] [35m[1mConsolidate compiler generated dependencies of target driver_fenjian[0m
[0.520s] [35m[1mConsolidate compiler generated dependencies of target read_force[0m
[0.520s] gmake[2]: *** 没有规则可制作目标“/libxCoreSDK.a”，由“move_example” 需求。 停止。
[0.520s] gmake[1]: *** [CMakeFiles/Makefile2:179：CMakeFiles/move_example.dir/all] 错误 2
[0.520s] gmake[1]: *** 正在等待未完成的任务....
[0.520s] gmake[2]: *** 没有规则可制作目标“/libxCoreSDK.a”，由“sdk_example” 需求。 停止。
[0.521s] gmake[1]: *** [CMakeFiles/Makefile2:153：CMakeFiles/sdk_example.dir/all] 错误 2
[0.522s] gmake[2]: *** 没有规则可制作目标“/libxCoreSDK.a”，由“driver_hanjie” 需求。 停止。
[0.522s] gmake[2]: *** 没有规则可制作目标“/libxCoreSDK.a”，由“driver_home” 需求。 停止。
[0.524s] gmake[1]: *** [CMakeFiles/Makefile2:257：CMakeFiles/driver_hanjie.dir/all] 错误 2
[0.524s] gmake[1]: *** [CMakeFiles/Makefile2:361：CMakeFiles/driver_home.dir/all] 错误 2
[0.525s] gmake[2]: *** 没有规则可制作目标“/libxCoreSDK.a”，由“driver_pentu” 需求。 停止。
[0.525s] gmake[1]: *** [CMakeFiles/Makefile2:283：CMakeFiles/driver_pentu.dir/all] 错误 2
[0.525s] gmake[2]: *** 没有规则可制作目标“/libxCoreSDK.a”，由“rokae_driver” 需求。 停止。
[0.525s] gmake[1]: *** [CMakeFiles/Makefile2:205：CMakeFiles/rokae_driver.dir/all] 错误 2
[0.525s] gmake[2]: *** 没有规则可制作目标“/libxCoreSDK.a”，由“driver_maduo” 需求。 停止。
[0.525s] gmake[2]: *** 没有规则可制作目标“/libxCoreSDK.a”，由“driver_fenjian” 需求。 停止。
[0.525s] gmake[1]: *** [CMakeFiles/Makefile2:309：CMakeFiles/driver_maduo.dir/all] 错误 2
[0.526s] gmake[1]: *** [CMakeFiles/Makefile2:335：CMakeFiles/driver_fenjian.dir/all] 错误 2
[0.526s] gmake[2]: *** 没有规则可制作目标“/libxCoreSDK.a”，由“read_force” 需求。 停止。
[0.526s] gmake[1]: *** [CMakeFiles/Makefile2:231：CMakeFiles/read_force.dir/all] 错误 2
[0.526s] gmake: *** [Makefile:146：all] 错误 2
[0.533s] Invoked command in '/home/rokae/workspace/rokae_ros2_sim2real/build/rokae_driver' returned '2': CMAKE_PREFIX_PATH=${CMAKE_PREFIX_PATH}:/home/rokae/workspace/rokae_ros2_sim2real/install/easy_handeye2_demo:/home/rokae/workspace/rokae_ros2_sim2real/install/easy_handeye2:/home/rokae/workspace/ws_moveit/install/moveit_configs_utils:/home/rokae/workspace/ws_moveit/install/launch_param_builder:/opt/ros/humble /usr/bin/cmake --build /home/rokae/workspace/rokae_ros2_sim2real/build/rokae_driver -- -j32 -l32
