[35m[1mConsolidate compiler generated dependencies of target rokae_controller[0m
[ 16%] Built target sdk_example
[ 33%] Built target read_robot_state
[ 50%] Built target move_example
[ 66%] Built target read_force
[ 83%] Built target driver_pentu
[ 91%] [32mBuilding CXX object CMakeFiles/rokae_controller.dir/src/rokae_controller.cpp.o[0m
[01m[K/home/rokae/workspace/rokae_ros2_sim2real/src/robot_driver/rokae_driver/src/rokae_controller.cpp:[m[K In function â€˜[01m[Kint main(int, char**)[m[Kâ€™:
[01m[K/home/rokae/workspace/rokae_ros2_sim2real/src/robot_driver/rokae_driver/src/rokae_controller.cpp:201:32:[m[K [01;31m[Kerror: [m[Kâ€˜[01m[KremoteIP[m[Kâ€™ was not declared in this scope; did you mean â€˜[01m[Kremove[m[Kâ€™?
  201 |     RobotController controller([01;31m[KremoteIP[m[K, localIP);
      |                                [01;31m[K^~~~~~~~[m[K
      |                                [32m[Kremove[m[K
[01m[K/home/rokae/workspace/rokae_ros2_sim2real/src/robot_driver/rokae_driver/src/rokae_controller.cpp:201:42:[m[K [01;31m[Kerror: [m[Kâ€˜[01m[KlocalIP[m[Kâ€™ was not declared in this scope
  201 |     RobotController controller(remoteIP, [01;31m[KlocalIP[m[K);
      |                                          [01;31m[K^~~~~~~[m[K
gmake[2]: *** [CMakeFiles/rokae_controller.dir/build.make:76ï¼šCMakeFiles/rokae_controller.dir/src/rokae_controller.cpp.o] é”™è¯¯ 1
gmake[1]: *** [CMakeFiles/Makefile2:251ï¼šCMakeFiles/rokae_controller.dir/all] é”™è¯¯ 2
gmake: *** [Makefile:146ï¼šall] é”™è¯¯ 2
