[0.062s] Invoking command in '/home/rokae/workspace/rokae_ros2_sim2real/build/rokae_driver': CMAKE_PREFIX_PATH=${CMAKE_PREFIX_PATH}:/home/rokae/workspace/rokae_ros2_sim2real/install/easy_handeye2_demo:/home/rokae/workspace/rokae_ros2_sim2real/install/easy_handeye2:/home/rokae/workspace/ws_moveit/install/moveit_configs_utils:/home/rokae/workspace/ws_moveit/install/launch_param_builder:/opt/ros/humble /usr/bin/cmake --build /home/rokae/workspace/rokae_ros2_sim2real/build/rokae_driver -- -j32 -l32
[0.191s] [35m[1mConsolidate compiler generated dependencies of target rokae_controller[0m
[0.219s] [ 16%] Built target sdk_example
[0.220s] [ 33%] Built target read_robot_state
[0.224s] [ 50%] Built target move_example
[0.225s] [ 66%] Built target read_force
[0.238s] [ 83%] Built target driver_pentu
[0.251s] [ 91%] [32mBuilding CXX object CMakeFiles/rokae_controller.dir/src/rokae_controller.cpp.o[0m
[6.227s] [01m[K/home/rokae/workspace/rokae_ros2_sim2real/src/robot_driver/rokae_driver/src/rokae_controller.cpp:[m[K In function â€˜[01m[Kint main(int, char**)[m[Kâ€™:
[6.227s] [01m[K/home/rokae/workspace/rokae_ros2_sim2real/src/robot_driver/rokae_driver/src/rokae_controller.cpp:201:32:[m[K [01;31m[Kerror: [m[Kâ€˜[01m[KremoteIP[m[Kâ€™ was not declared in this scope; did you mean â€˜[01m[Kremove[m[Kâ€™?
[6.227s]   201 |     RobotController controller([01;31m[KremoteIP[m[K, localIP);
[6.227s]       |                                [01;31m[K^~~~~~~~[m[K
[6.228s]       |                                [32m[Kremove[m[K
[6.236s] [01m[K/home/rokae/workspace/rokae_ros2_sim2real/src/robot_driver/rokae_driver/src/rokae_controller.cpp:201:42:[m[K [01;31m[Kerror: [m[Kâ€˜[01m[KlocalIP[m[Kâ€™ was not declared in this scope
[6.236s]   201 |     RobotController controller(remoteIP, [01;31m[KlocalIP[m[K);
[6.236s]       |                                          [01;31m[K^~~~~~~[m[K
[11.193s] gmake[2]: *** [CMakeFiles/rokae_controller.dir/build.make:76ï¼šCMakeFiles/rokae_controller.dir/src/rokae_controller.cpp.o] é”™è¯¯ 1
[11.193s] gmake[1]: *** [CMakeFiles/Makefile2:251ï¼šCMakeFiles/rokae_controller.dir/all] é”™è¯¯ 2
[11.194s] gmake: *** [Makefile:146ï¼šall] é”™è¯¯ 2
[11.199s] Invoked command in '/home/rokae/workspace/rokae_ros2_sim2real/build/rokae_driver' returned '2': CMAKE_PREFIX_PATH=${CMAKE_PREFIX_PATH}:/home/rokae/workspace/rokae_ros2_sim2real/install/easy_handeye2_demo:/home/rokae/workspace/rokae_ros2_sim2real/install/easy_handeye2:/home/rokae/workspace/ws_moveit/install/moveit_configs_utils:/home/rokae/workspace/ws_moveit/install/launch_param_builder:/opt/ros/humble /usr/bin/cmake --build /home/rokae/workspace/rokae_ros2_sim2real/build/rokae_driver -- -j32 -l32
