[0.064s] Invoking command in '/home/rokae/workspace/rokae_ros2_sim2real/build/rokae_driver': CMAKE_PREFIX_PATH=${CMAKE_PREFIX_PATH}:/home/rokae/workspace/ws_moveit/install/moveit_configs_utils:/home/rokae/workspace/ws_moveit/install/launch_param_builder:/opt/ros/humble /usr/bin/cmake --build /home/rokae/workspace/rokae_ros2_sim2real/build/rokae_driver -- -j32 -l32
[0.181s] [35m[1mConsolidate compiler generated dependencies of target rokae_controller[0m
[0.206s] [ 16%] Built target sdk_example
[0.210s] [ 33%] Built target move_example
[0.212s] [ 50%] Built target driver_pentu
[0.229s] [ 66%] Built target read_force
[0.239s] [ 83%] Built target read_robot_state
[0.243s] [ 91%] [32mBuilding CXX object CMakeFiles/rokae_controller.dir/src/rokae_controller.cpp.o[0m
[5.888s] [01m[K/home/rokae/workspace/rokae_ros2_sim2real/src/robot_driver/rokae_driver/src/rokae_controller.cpp:157:13:[m[K [01;31m[Kerror: [m[Kâ€˜[01m[KTimeBase[m[Kâ€™ in namespace â€˜[01m[Krclcpp[m[Kâ€™ does not name a type; did you mean â€˜[01m[KTimerBase[m[Kâ€™?
[5.888s]   157 |     rclcpp::[01;31m[KTimeBase[m[K::SharedPtr timer_;
[5.888s]       |             [01;31m[K^~~~~~~~[m[K
[5.888s]       |             [32m[KTimerBase[m[K
[5.911s] [01m[K/home/rokae/workspace/rokae_ros2_sim2real/src/robot_driver/rokae_driver/src/rokae_controller.cpp:169:17:[m[K [01;31m[Kerror: [m[Kâ€˜[01m[KJointData[m[Kâ€™ was not declared in this scope
[5.911s]   169 |     std::vector<[01;31m[KJointData[m[K> joint_data;
[5.911s]       |                 [01;31m[K^~~~~~~~~[m[K
[5.911s] [01m[K/home/rokae/workspace/rokae_ros2_sim2real/src/robot_driver/rokae_driver/src/rokae_controller.cpp:169:26:[m[K [01;31m[Kerror: [m[Ktemplate argument 1 is invalid
[5.911s]   169 |     std::vector<JointData[01;31m[K>[m[K joint_data;
[5.911s]       |                          [01;31m[K^[m[K
[5.912s] [01m[K/home/rokae/workspace/rokae_ros2_sim2real/src/robot_driver/rokae_driver/src/rokae_controller.cpp:169:26:[m[K [01;31m[Kerror: [m[Ktemplate argument 2 is invalid
[5.937s] [01m[K/home/rokae/workspace/rokae_ros2_sim2real/src/robot_driver/rokae_driver/src/rokae_controller.cpp:[m[K In constructor â€˜[01m[KRobotController::RobotController(const string&, const string&)[m[Kâ€™:
[5.937s] [01m[K/home/rokae/workspace/rokae_ros2_sim2real/src/robot_driver/rokae_driver/src/rokae_controller.cpp:32:95:[m[K [01;31m[Kerror: [m[Kno matching function for call to â€˜[01m[KRobotController::create_publisher<trajectory_msgs::msg::JointTrajectory>(const char [17], int, std::_Bind_helper<false, void (RobotController::*)(std::shared_ptr<trajectory_msgs::msg::JointTrajectory_<std::allocator<void> > >), RobotController*, const std::_Placeholder<1>&>::type)[m[Kâ€™
[5.937s]    32 |         trajectory_subscriber_ = [01;31m[Kthis->create_publisher<trajectory_msgs::msg::JointTrajectory>([m[K
[5.937s]       |                                  [01;31m[K~~~~~~~~~~~~~~~~~~~~~~~~~~~~~~~~~~~~~~~~~~~~~~~~~~~~~~~~~~~~~^[m[K
[5.937s]    33 | [01;31m[K            "joint_trajectory",10,[m[K
[5.938s]       |             [01;31m[K~~~~~~~~~~~~~~~~~~~~~~[m[K                                                             
[5.938s]    34 | [01;31m[K            std::bind(&RobotController::trajectory_callback,this,std::placeholders::_1)[m[K
[5.938s]       |             [01;31m[K~~~~~~~~~~~~~~~~~~~~~~~~~~~~~~~~~~~~~~~~~~~~~~~~~~~~~~~~~~~~~~~~~~~~~~~~~~~[m[K        
[5.938s]    35 | [01;31m[K        )[m[K;
[5.938s]       |         [01;31m[K~[m[K                                                                                      
[5.938s] In file included from [01m[K/opt/ros/humble/include/rclcpp/rclcpp/node.hpp:1321[m[K,
[5.938s]                  from [01m[K/opt/ros/humble/include/rclcpp/rclcpp/executors/single_threaded_executor.hpp:28[m[K,
[5.938s]                  from [01m[K/opt/ros/humble/include/rclcpp/rclcpp/executors.hpp:22[m[K,
[5.938s]                  from [01m[K/opt/ros/humble/include/rclcpp/rclcpp/rclcpp.hpp:155[m[K,
[5.939s]                  from [01m[K/home/rokae/workspace/rokae_ros2_sim2real/src/robot_driver/rokae_driver/src/rokae_controller.cpp:14[m[K:
[5.939s] [01m[K/opt/ros/humble/include/rclcpp/rclcpp/node_impl.hpp:73:1:[m[K [01;36m[Knote: [m[Kcandidate: â€˜[01m[Ktemplate<class MessageT, class AllocatorT, class PublisherT> std::shared_ptr<PublisherT> rclcpp::Node::create_publisher(const string&, const rclcpp::QoS&, const rclcpp::PublisherOptionsWithAllocator<AllocatorT>&)[m[Kâ€™
[5.939s]    73 | [01;36m[KNode[m[K::create_publisher(
[5.939s]       | [01;36m[K^~~~[m[K
[5.939s] [01m[K/opt/ros/humble/include/rclcpp/rclcpp/node_impl.hpp:73:1:[m[K [01;36m[Knote: [m[K  template argument deduction/substitution failed:
[5.939s] [01m[K/home/rokae/workspace/rokae_ros2_sim2real/src/robot_driver/rokae_driver/src/rokae_controller.cpp:32:95:[m[K [01;36m[Knote: [m[K  â€˜[01m[Kstd::_Bind_helper<false, void (RobotController::*)(std::shared_ptr<trajectory_msgs::msg::JointTrajectory_<std::allocator<void> > >), RobotController*, const std::_Placeholder<1>&>::type[m[Kâ€™ is not derived from â€˜[01m[Kconst rclcpp::PublisherOptionsWithAllocator<AllocatorT>[m[Kâ€™
[5.939s]    32 |         trajectory_subscriber_ = [01;36m[Kthis->create_publisher<trajectory_msgs::msg::JointTrajectory>([m[K
[5.939s]       |                                  [01;36m[K~~~~~~~~~~~~~~~~~~~~~~~~~~~~~~~~~~~~~~~~~~~~~~~~~~~~~~~~~~~~~^[m[K
[5.939s]    33 | [01;36m[K            "joint_trajectory",10,[m[K
[5.939s]       |             [01;36m[K~~~~~~~~~~~~~~~~~~~~~~[m[K                                                             
[5.940s]    34 | [01;36m[K            std::bind(&RobotController::trajectory_callback,this,std::placeholders::_1)[m[K
[5.940s]       |             [01;36m[K~~~~~~~~~~~~~~~~~~~~~~~~~~~~~~~~~~~~~~~~~~~~~~~~~~~~~~~~~~~~~~~~~~~~~~~~~~~[m[K        
[5.940s]    35 | [01;36m[K        )[m[K;
[5.940s]       |         [01;36m[K~[m[K                                                                                      
[5.940s] [01m[K/home/rokae/workspace/rokae_ros2_sim2real/src/robot_driver/rokae_driver/src/rokae_controller.cpp:37:89:[m[K [01;31m[Kerror: [m[Kno matching function for call to â€˜[01m[KRobotController::create_publisher<sensor_msgs::msg::JointState>(const char [14], int, std::_Bind_helper<false, void (RobotController::*)(std::shared_ptr<sensor_msgs::msg::JointState_<std::allocator<void> > >), RobotController*, const std::_Placeholder<1>&>::type)[m[Kâ€™
[5.940s]    37 |         joint_command_subscriber_ = [01;31m[Kthis->create_publisher<sensor_msgs::msg::JointState>([m[K
[5.940s]       |                                     [01;31m[K~~~~~~~~~~~~~~~~~~~~~~~~~~~~~~~~~~~~~~~~~~~~~~~~~~~~^[m[K
[5.940s]    38 | [01;31m[K            "joint_command",10,[m[K
[5.941s]       |             [01;31m[K~~~~~~~~~~~~~~~~~~~[m[K                                                          
[5.941s]    39 | [01;31m[K            std::bind(&RobotController::joint_command_callback,this,std::placeholders::_1)[m[K
[5.941s]       |             [01;31m[K~~~~~~~~~~~~~~~~~~~~~~~~~~~~~~~~~~~~~~~~~~~~~~~~~~~~~~~~~~~~~~~~~~~~~~~~~~~~~~[m[K
[5.941s]    40 | [01;31m[K        )[m[K;
[5.941s]       |         [01;31m[K~[m[K                                                                                
[5.941s] In file included from [01m[K/opt/ros/humble/include/rclcpp/rclcpp/node.hpp:1321[m[K,
[5.941s]                  from [01m[K/opt/ros/humble/include/rclcpp/rclcpp/executors/single_threaded_executor.hpp:28[m[K,
[5.941s]                  from [01m[K/opt/ros/humble/include/rclcpp/rclcpp/executors.hpp:22[m[K,
[5.941s]                  from [01m[K/opt/ros/humble/include/rclcpp/rclcpp/rclcpp.hpp:155[m[K,
[5.941s]                  from [01m[K/home/rokae/workspace/rokae_ros2_sim2real/src/robot_driver/rokae_driver/src/rokae_controller.cpp:14[m[K:
[5.941s] [01m[K/opt/ros/humble/include/rclcpp/rclcpp/node_impl.hpp:73:1:[m[K [01;36m[Knote: [m[Kcandidate: â€˜[01m[Ktemplate<class MessageT, class AllocatorT, class PublisherT> std::shared_ptr<PublisherT> rclcpp::Node::create_publisher(const string&, const rclcpp::QoS&, const rclcpp::PublisherOptionsWithAllocator<AllocatorT>&)[m[Kâ€™
[5.941s]    73 | [01;36m[KNode[m[K::create_publisher(
[5.942s]       | [01;36m[K^~~~[m[K
[5.942s] [01m[K/opt/ros/humble/include/rclcpp/rclcpp/node_impl.hpp:73:1:[m[K [01;36m[Knote: [m[K  template argument deduction/substitution failed:
[5.942s] [01m[K/home/rokae/workspace/rokae_ros2_sim2real/src/robot_driver/rokae_driver/src/rokae_controller.cpp:37:89:[m[K [01;36m[Knote: [m[K  â€˜[01m[Kstd::_Bind_helper<false, void (RobotController::*)(std::shared_ptr<sensor_msgs::msg::JointState_<std::allocator<void> > >), RobotController*, const std::_Placeholder<1>&>::type[m[Kâ€™ is not derived from â€˜[01m[Kconst rclcpp::PublisherOptionsWithAllocator<AllocatorT>[m[Kâ€™
[5.942s]    37 |         joint_command_subscriber_ = [01;36m[Kthis->create_publisher<sensor_msgs::msg::JointState>([m[K
[5.942s]       |                                     [01;36m[K~~~~~~~~~~~~~~~~~~~~~~~~~~~~~~~~~~~~~~~~~~~~~~~~~~~~^[m[K
[5.942s]    38 | [01;36m[K            "joint_command",10,[m[K
[5.942s]       |             [01;36m[K~~~~~~~~~~~~~~~~~~~[m[K                                                          
[5.942s]    39 | [01;36m[K            std::bind(&RobotController::joint_command_callback,this,std::placeholders::_1)[m[K
[5.942s]       |             [01;36m[K~~~~~~~~~~~~~~~~~~~~~~~~~~~~~~~~~~~~~~~~~~~~~~~~~~~~~~~~~~~~~~~~~~~~~~~~~~~~~~[m[K
[5.942s]    40 | [01;36m[K        )[m[K;
[5.942s]       |         [01;36m[K~[m[K                                                                                
[5.951s] [01m[K/home/rokae/workspace/rokae_ros2_sim2real/src/robot_driver/rokae_driver/src/rokae_controller.cpp:43:9:[m[K [01;31m[Kerror: [m[Kâ€˜[01m[Ktimer_[m[Kâ€™ was not declared in this scope; did you mean â€˜[01m[Ktimer_t[m[Kâ€™?
[5.952s]    43 |         [01;31m[Ktimer_[m[K = this->create_wall_timer(
[5.952s]       |         [01;31m[K^~~~~~[m[K
[5.952s]       |         [32m[Ktimer_t[m[K
[8.419s] gmake[2]: *** [CMakeFiles/rokae_controller.dir/build.make:76ï¼šCMakeFiles/rokae_controller.dir/src/rokae_controller.cpp.o] é”™è¯¯ 1
[8.419s] gmake[1]: *** [CMakeFiles/Makefile2:251ï¼šCMakeFiles/rokae_controller.dir/all] é”™è¯¯ 2
[8.420s] gmake: *** [Makefile:146ï¼šall] é”™è¯¯ 2
[8.425s] Invoked command in '/home/rokae/workspace/rokae_ros2_sim2real/build/rokae_driver' returned '2': CMAKE_PREFIX_PATH=${CMAKE_PREFIX_PATH}:/home/rokae/workspace/ws_moveit/install/moveit_configs_utils:/home/rokae/workspace/ws_moveit/install/launch_param_builder:/opt/ros/humble /usr/bin/cmake --build /home/rokae/workspace/rokae_ros2_sim2real/build/rokae_driver -- -j32 -l32
