[0.063s] Invoking command in '/home/rokae/workspace/rokae_ros2_sim2real/build/rokae_driver': CMAKE_PREFIX_PATH=${CMAKE_PREFIX_PATH}:/home/rokae/workspace/rokae_ros2_sim2real/install/easy_handeye2_demo:/home/rokae/workspace/rokae_ros2_sim2real/install/easy_handeye2:/home/rokae/workspace/ws_moveit/install/moveit_configs_utils:/home/rokae/workspace/ws_moveit/install/launch_param_builder:/opt/ros/humble /usr/bin/cmake --build /home/rokae/workspace/rokae_ros2_sim2real/build/rokae_driver -- -j32 -l32
[0.203s] [35m[1mConsolidate compiler generated dependencies of target rokae_controller[0m
[0.230s] [ 16%] Built target sdk_example
[0.232s] [ 33%] Built target read_robot_state
[0.251s] [ 58%] Built target driver_pentu
[0.253s] [ 66%] Built target move_example
[0.255s] [ 83%] Built target read_force
[0.263s] [ 91%] [32mBuilding CXX object CMakeFiles/rokae_controller.dir/src/rokae_controller.cpp.o[0m
[5.895s] [01m[K/home/rokae/workspace/rokae_ros2_sim2real/src/robot_driver/rokae_driver/src/rokae_controller.cpp:175:28:[m[K [01;31m[Kerror: [m[Kâ€˜[01m[KremoteIP_[m[Kâ€™ is not a type
[5.895s]   175 |     xMateErProRobot robot_([01;31m[KremoteIP_[m[K);
[5.895s]       |                            [01;31m[K^~~~~~~~~[m[K
[6.518s] [01m[K/home/rokae/workspace/rokae_ros2_sim2real/src/robot_driver/rokae_driver/src/rokae_controller.cpp:[m[K In member function â€˜[01m[Kvoid RobotController::send_joint_command(const std::vector<double>&)[m[Kâ€™:
[6.518s] [01m[K/home/rokae/workspace/rokae_ros2_sim2real/src/robot_driver/rokae_driver/src/rokae_controller.cpp:109:58:[m[K [01;31m[Kerror: [m[Kinvalid use of non-static member function â€˜[01m[Krokae::xMateErProRobot RobotController::robot_(int)[m[Kâ€™
[6.518s]   109 |         current_joint_positions_= example_basicOperation([01;31m[Krobot_[m[K);
[6.518s]       |                                                          [01;31m[K^~~~~~[m[K
[6.518s] [01m[K/home/rokae/workspace/rokae_ros2_sim2real/src/robot_driver/rokae_driver/src/rokae_controller.cpp:175:21:[m[K [01;36m[Knote: [m[Kdeclared here
[6.518s]   175 |     xMateErProRobot [01;36m[Krobot_[m[K(remoteIP_);
[6.519s]       |                     [01;36m[K^~~~~~[m[K
[6.519s] [01m[K/home/rokae/workspace/rokae_ros2_sim2real/src/robot_driver/rokae_driver/src/rokae_controller.cpp:[m[K In member function â€˜[01m[Kvoid RobotController::publish_joint_states()[m[Kâ€™:
[6.519s] [01m[K/home/rokae/workspace/rokae_ros2_sim2real/src/robot_driver/rokae_driver/src/rokae_controller.cpp:118:55:[m[K [01;31m[Kerror: [m[Kinvalid use of non-static member function â€˜[01m[Krokae::xMateErProRobot RobotController::robot_(int)[m[Kâ€™
[6.519s]   118 |         joint_state.position = example_basicOperation([01;31m[Krobot_[m[K);
[6.519s]       |                                                       [01;31m[K^~~~~~[m[K
[6.519s] [01m[K/home/rokae/workspace/rokae_ros2_sim2real/src/robot_driver/rokae_driver/src/rokae_controller.cpp:175:21:[m[K [01;36m[Knote: [m[Kdeclared here
[6.519s]   175 |     xMateErProRobot [01;36m[Krobot_[m[K(remoteIP_);
[6.519s]       |                     [01;36m[K^~~~~~[m[K
[6.522s] [01m[K/home/rokae/workspace/rokae_ros2_sim2real/src/robot_driver/rokae_driver/src/rokae_controller.cpp:[m[K In member function â€˜[01m[Kvoid RobotController::connect()[m[Kâ€™:
[6.522s] [01m[K/home/rokae/workspace/rokae_ros2_sim2real/src/robot_driver/rokae_driver/src/rokae_controller.cpp:145:9:[m[K [01;31m[Kerror: [m[Kinvalid use of member function â€˜[01m[Krokae::xMateErProRobot RobotController::robot_(int)[m[Kâ€™ (did you forget the â€˜[01m[K()[m[Kâ€™ ?)
[6.522s]   145 |         [01;31m[Krobot_[m[K.connectToRobot(remoteIP_, localIP_);
[6.523s]       |         [01;31m[K^~~~~~[m[K
[6.523s] [01m[K/home/rokae/workspace/rokae_ros2_sim2real/src/robot_driver/rokae_driver/src/rokae_controller.cpp:[m[K In member function â€˜[01m[Kvoid RobotController::setpowerdown()[m[Kâ€™:
[6.523s] [01m[K/home/rokae/workspace/rokae_ros2_sim2real/src/robot_driver/rokae_driver/src/rokae_controller.cpp:150:9:[m[K [01;31m[Kerror: [m[Kinvalid use of member function â€˜[01m[Krokae::xMateErProRobot RobotController::robot_(int)[m[Kâ€™ (did you forget the â€˜[01m[K()[m[Kâ€™ ?)
[6.523s]   150 |         [01;31m[Krobot_[m[K.setPowerState(false, ec);
[6.523s]       |         [01;31m[K^~~~~~[m[K
[6.523s] [01m[K/home/rokae/workspace/rokae_ros2_sim2real/src/robot_driver/rokae_driver/src/rokae_controller.cpp:[m[K In member function â€˜[01m[Kvoid RobotController::configureRobot()[m[Kâ€™:
[6.523s] [01m[K/home/rokae/workspace/rokae_ros2_sim2real/src/robot_driver/rokae_driver/src/rokae_controller.cpp:155:9:[m[K [01;31m[Kerror: [m[Kinvalid use of member function â€˜[01m[Krokae::xMateErProRobot RobotController::robot_(int)[m[Kâ€™ (did you forget the â€˜[01m[K()[m[Kâ€™ ?)
[6.523s]   155 |         [01;31m[Krobot_[m[K.setOperateMode(rokae::OperateMode::automatic, ec);
[6.523s]       |         [01;31m[K^~~~~~[m[K
[6.523s] [01m[K/home/rokae/workspace/rokae_ros2_sim2real/src/robot_driver/rokae_driver/src/rokae_controller.cpp:156:9:[m[K [01;31m[Kerror: [m[Kinvalid use of member function â€˜[01m[Krokae::xMateErProRobot RobotController::robot_(int)[m[Kâ€™ (did you forget the â€˜[01m[K()[m[Kâ€™ ?)
[6.524s]   156 |         [01;31m[Krobot_[m[K.setMotionControlMode(MotionControlMode::RtCommand, ec);
[6.524s]       |         [01;31m[K^~~~~~[m[K
[6.524s] [01m[K/home/rokae/workspace/rokae_ros2_sim2real/src/robot_driver/rokae_driver/src/rokae_controller.cpp:157:9:[m[K [01;31m[Kerror: [m[Kinvalid use of member function â€˜[01m[Krokae::xMateErProRobot RobotController::robot_(int)[m[Kâ€™ (did you forget the â€˜[01m[K()[m[Kâ€™ ?)
[6.524s]   157 |         [01;31m[Krobot_[m[K.setPowerState(true, ec);
[6.524s]       |         [01;31m[K^~~~~~[m[K
[13.025s] gmake[2]: *** [CMakeFiles/rokae_controller.dir/build.make:76ï¼šCMakeFiles/rokae_controller.dir/src/rokae_controller.cpp.o] é”™è¯¯ 1
[13.026s] gmake[1]: *** [CMakeFiles/Makefile2:251ï¼šCMakeFiles/rokae_controller.dir/all] é”™è¯¯ 2
[13.026s] gmake: *** [Makefile:146ï¼šall] é”™è¯¯ 2
[13.031s] Invoked command in '/home/rokae/workspace/rokae_ros2_sim2real/build/rokae_driver' returned '2': CMAKE_PREFIX_PATH=${CMAKE_PREFIX_PATH}:/home/rokae/workspace/rokae_ros2_sim2real/install/easy_handeye2_demo:/home/rokae/workspace/rokae_ros2_sim2real/install/easy_handeye2:/home/rokae/workspace/ws_moveit/install/moveit_configs_utils:/home/rokae/workspace/ws_moveit/install/launch_param_builder:/opt/ros/humble /usr/bin/cmake --build /home/rokae/workspace/rokae_ros2_sim2real/build/rokae_driver -- -j32 -l32
