[0.076s] Invoking command in '/home/rokae/workspace/rokae_ros2_sim2real/build/rokae_driver': CMAKE_PREFIX_PATH=${CMAKE_PREFIX_PATH}:/home/rokae/workspace/rokae_ros2_sim2real/install/easy_handeye2_demo:/home/rokae/workspace/rokae_ros2_sim2real/install/easy_handeye2:/home/rokae/workspace/ws_moveit/install/moveit_configs_utils:/home/rokae/workspace/ws_moveit/install/launch_param_builder:/opt/ros/humble /usr/bin/cmake --build /home/rokae/workspace/rokae_ros2_sim2real/build/rokae_driver -- -j32 -l32
[0.218s] [  3%] [34m[1mAutomatic MOC and UIC for target driver_pentu[0m
[0.222s] [ 10%] [34m[1mAutomatic MOC and UIC for target read_force[0m
[0.223s] [ 14%] [34m[1mAutomatic MOC and UIC for target read_robot_state[0m
[0.223s] [ 14%] [34m[1mAutomatic MOC and UIC for target My_joint_publisher_gui[0m
[0.226s] [ 17%] [34m[1mAutomatic MOC and UIC for target rokae_controller[0m
[0.235s] [ 21%] [34m[1mAutomatic MOC and UIC for target move_example[0m
[0.237s] [ 25%] [34m[1mAutomatic MOC and UIC for target sdk_example[0m
[0.293s] [ 25%] Built target read_force_autogen
[0.298s] [ 25%] Built target My_joint_publisher_gui_autogen
[0.302s] [ 25%] Built target read_robot_state_autogen
[0.302s] [ 25%] Built target driver_pentu_autogen
[0.302s] [ 25%] Built target rokae_controller_autogen
[0.305s] [ 25%] Built target move_example_autogen
[0.315s] [ 25%] Built target sdk_example_autogen
[0.365s] [ 35%] Built target read_robot_state
[0.374s] [ 46%] Built target read_force
[0.380s] [ 60%] [32mBuilding CXX object CMakeFiles/rokae_controller.dir/src/rokae_controller.cpp.o[0m
[0.381s] [ 60%] Built target sdk_example
[0.381s] [ 71%] Built target My_joint_publisher_gui
[0.382s] [ 82%] Built target driver_pentu
[0.388s] [ 92%] Built target move_example
[1.060s] [01m[K/home/rokae/workspace/rokae_ros2_sim2real/src/robot_driver/rokae_driver/src/rokae_controller.cpp:17:10:[m[K [01;31m[Kfatal error: [m[Kcontrol_msgs/msg/joint_jog.hpp: æ²¡æœ‰é‚£ä¸ªæ–‡ä»¶æˆ–ç›®å½•
[1.060s]    17 | #include [01;31m[K<control_msgs/msg/joint_jog.hpp>[m[K
[1.060s]       |          [01;31m[K^~~~~~~~~~~~~~~~~~~~~~~~~~~~~~~~[m[K
[1.060s] compilation terminated.
[1.064s] gmake[2]: *** [CMakeFiles/rokae_controller.dir/build.make:90ï¼šCMakeFiles/rokae_controller.dir/src/rokae_controller.cpp.o] é”™è¯¯ 1
[1.064s] gmake[1]: *** [CMakeFiles/Makefile2:286ï¼šCMakeFiles/rokae_controller.dir/all] é”™è¯¯ 2
[1.064s] gmake: *** [Makefile:146ï¼šall] é”™è¯¯ 2
[1.150s] Invoked command in '/home/rokae/workspace/rokae_ros2_sim2real/build/rokae_driver' returned '2': CMAKE_PREFIX_PATH=${CMAKE_PREFIX_PATH}:/home/rokae/workspace/rokae_ros2_sim2real/install/easy_handeye2_demo:/home/rokae/workspace/rokae_ros2_sim2real/install/easy_handeye2:/home/rokae/workspace/ws_moveit/install/moveit_configs_utils:/home/rokae/workspace/ws_moveit/install/launch_param_builder:/opt/ros/humble /usr/bin/cmake --build /home/rokae/workspace/rokae_ros2_sim2real/build/rokae_driver -- -j32 -l32
