[0.063s] Invoking command in '/home/rokae/workspace/rokae_ros2_sim2real/build/rokae_driver': CMAKE_PREFIX_PATH=${CMAKE_PREFIX_PATH}:/home/rokae/workspace/ws_moveit/install/moveit_configs_utils:/home/rokae/workspace/ws_moveit/install/launch_param_builder:/opt/ros/humble /usr/bin/cmake --build /home/rokae/workspace/rokae_ros2_sim2real/build/rokae_driver -- -j32 -l32
[0.182s] [35m[1mConsolidate compiler generated dependencies of target rokae_controller[0m
[0.216s] [ 16%] Built target read_robot_state
[0.216s] [ 33%] Built target move_example
[0.221s] [ 50%] Built target sdk_example
[0.221s] [ 66%] Built target driver_pentu
[0.222s] [ 83%] Built target read_force
[0.233s] [ 91%] [32mBuilding CXX object CMakeFiles/rokae_controller.dir/src/rokae_controller.cpp.o[0m
[5.608s] [01m[K/home/rokae/workspace/rokae_ros2_sim2real/src/robot_driver/rokae_driver/src/rokae_controller.cpp:157:13:[m[K [01;31m[Kerror: [m[Kâ€˜[01m[KTimeBase[m[Kâ€™ in namespace â€˜[01m[Krclcpp[m[Kâ€™ does not name a type; did you mean â€˜[01m[KTimerBase[m[Kâ€™?
[5.608s]   157 |     rclcpp::[01;31m[KTimeBase[m[K::SharedPtr timer_;
[5.608s]       |             [01;31m[K^~~~~~~~[m[K
[5.608s]       |             [32m[KTimerBase[m[K
[5.631s] [01m[K/home/rokae/workspace/rokae_ros2_sim2real/src/robot_driver/rokae_driver/src/rokae_controller.cpp:169:17:[m[K [01;31m[Kerror: [m[Kâ€˜[01m[KJointData[m[Kâ€™ was not declared in this scope
[5.631s]   169 |     std::vector<[01;31m[KJointData[m[K> joint_data;
[5.631s]       |                 [01;31m[K^~~~~~~~~[m[K
[5.631s] [01m[K/home/rokae/workspace/rokae_ros2_sim2real/src/robot_driver/rokae_driver/src/rokae_controller.cpp:169:26:[m[K [01;31m[Kerror: [m[Ktemplate argument 1 is invalid
[5.631s]   169 |     std::vector<JointData[01;31m[K>[m[K joint_data;
[5.632s]       |                          [01;31m[K^[m[K
[5.632s] [01m[K/home/rokae/workspace/rokae_ros2_sim2real/src/robot_driver/rokae_driver/src/rokae_controller.cpp:169:26:[m[K [01;31m[Kerror: [m[Ktemplate argument 2 is invalid
[5.658s] [01m[K/home/rokae/workspace/rokae_ros2_sim2real/src/robot_driver/rokae_driver/src/rokae_controller.cpp:[m[K In constructor â€˜[01m[KRobotController::RobotController(const string&, const string&)[m[Kâ€™:
[5.658s] [01m[K/home/rokae/workspace/rokae_ros2_sim2real/src/robot_driver/rokae_driver/src/rokae_controller.cpp:32:95:[m[K [01;31m[Kerror: [m[Kno matching function for call to â€˜[01m[KRobotController::create_publisher<trajectory_msgs::msg::JointTrajectory>(const char [17], int, std::_Bind_helper<false, void (RobotController::*)(std::shared_ptr<trajectory_msgs::msg::JointTrajectory_<std::allocator<void> > >), RobotController*, const std::_Placeholder<1>&>::type)[m[Kâ€™
[5.658s]    32 |         trajectory_subscriber_ = [01;31m[Kthis->create_publisher<trajectory_msgs::msg::JointTrajectory>([m[K
[5.658s]       |                                  [01;31m[K~~~~~~~~~~~~~~~~~~~~~~~~~~~~~~~~~~~~~~~~~~~~~~~~~~~~~~~~~~~~~^[m[K
[5.658s]    33 | [01;31m[K            "joint_trajectory",10,[m[K
[5.658s]       |             [01;31m[K~~~~~~~~~~~~~~~~~~~~~~[m[K                                                             
[5.659s]    34 | [01;31m[K            std::bind(&RobotController::trajectory_callback,this,std::placeholders::_1)[m[K
[5.659s]       |             [01;31m[K~~~~~~~~~~~~~~~~~~~~~~~~~~~~~~~~~~~~~~~~~~~~~~~~~~~~~~~~~~~~~~~~~~~~~~~~~~~[m[K        
[5.659s]    35 | [01;31m[K        )[m[K;
[5.660s]       |         [01;31m[K~[m[K                                                                                      
[5.660s] In file included from [01m[K/opt/ros/humble/include/rclcpp/rclcpp/node.hpp:1321[m[K,
[5.660s]                  from [01m[K/opt/ros/humble/include/rclcpp/rclcpp/executors/single_threaded_executor.hpp:28[m[K,
[5.660s]                  from [01m[K/opt/ros/humble/include/rclcpp/rclcpp/executors.hpp:22[m[K,
[5.661s]                  from [01m[K/opt/ros/humble/include/rclcpp/rclcpp/rclcpp.hpp:155[m[K,
[5.661s]                  from [01m[K/home/rokae/workspace/rokae_ros2_sim2real/src/robot_driver/rokae_driver/src/rokae_controller.cpp:14[m[K:
[5.661s] [01m[K/opt/ros/humble/include/rclcpp/rclcpp/node_impl.hpp:73:1:[m[K [01;36m[Knote: [m[Kcandidate: â€˜[01m[Ktemplate<class MessageT, class AllocatorT, class PublisherT> std::shared_ptr<PublisherT> rclcpp::Node::create_publisher(const string&, const rclcpp::QoS&, const rclcpp::PublisherOptionsWithAllocator<AllocatorT>&)[m[Kâ€™
[5.661s]    73 | [01;36m[KNode[m[K::create_publisher(
[5.661s]       | [01;36m[K^~~~[m[K
[5.661s] [01m[K/opt/ros/humble/include/rclcpp/rclcpp/node_impl.hpp:73:1:[m[K [01;36m[Knote: [m[K  template argument deduction/substitution failed:
[5.661s] [01m[K/home/rokae/workspace/rokae_ros2_sim2real/src/robot_driver/rokae_driver/src/rokae_controller.cpp:32:95:[m[K [01;36m[Knote: [m[K  â€˜[01m[Kstd::_Bind_helper<false, void (RobotController::*)(std::shared_ptr<trajectory_msgs::msg::JointTrajectory_<std::allocator<void> > >), RobotController*, const std::_Placeholder<1>&>::type[m[Kâ€™ is not derived from â€˜[01m[Kconst rclcpp::PublisherOptionsWithAllocator<AllocatorT>[m[Kâ€™
[5.661s]    32 |         trajectory_subscriber_ = [01;36m[Kthis->create_publisher<trajectory_msgs::msg::JointTrajectory>([m[K
[5.661s]       |                                  [01;36m[K~~~~~~~~~~~~~~~~~~~~~~~~~~~~~~~~~~~~~~~~~~~~~~~~~~~~~~~~~~~~~^[m[K
[5.661s]    33 | [01;36m[K            "joint_trajectory",10,[m[K
[5.662s]       |             [01;36m[K~~~~~~~~~~~~~~~~~~~~~~[m[K                                                             
[5.662s]    34 | [01;36m[K            std::bind(&RobotController::trajectory_callback,this,std::placeholders::_1)[m[K
[5.662s]       |             [01;36m[K~~~~~~~~~~~~~~~~~~~~~~~~~~~~~~~~~~~~~~~~~~~~~~~~~~~~~~~~~~~~~~~~~~~~~~~~~~~[m[K        
[5.662s]    35 | [01;36m[K        )[m[K;
[5.662s]       |         [01;36m[K~[m[K                                                                                      
[10.306s] gmake[2]: *** [CMakeFiles/rokae_controller.dir/build.make:76ï¼šCMakeFiles/rokae_controller.dir/src/rokae_controller.cpp.o] é”™è¯¯ 1
[10.306s] gmake[1]: *** [CMakeFiles/Makefile2:251ï¼šCMakeFiles/rokae_controller.dir/all] é”™è¯¯ 2
[10.306s] gmake: *** [Makefile:146ï¼šall] é”™è¯¯ 2
[10.312s] Invoked command in '/home/rokae/workspace/rokae_ros2_sim2real/build/rokae_driver' returned '2': CMAKE_PREFIX_PATH=${CMAKE_PREFIX_PATH}:/home/rokae/workspace/ws_moveit/install/moveit_configs_utils:/home/rokae/workspace/ws_moveit/install/launch_param_builder:/opt/ros/humble /usr/bin/cmake --build /home/rokae/workspace/rokae_ros2_sim2real/build/rokae_driver -- -j32 -l32
